{"D:\\credit-analys\\src\\application\\services\\ai-assistant.service.ts": {"path":"D:\\credit-analys\\src\\application\\services\\ai-assistant.service.ts","statementMap":{"0":{"start":{"line":1,"column":0},"end":{"line":1,"column":52}},"1":{"start":{"line":9,"column":7},"end":{"line":18,"column":null}},"2":{"start":{"line":12,"column":21},"end":{"line":12,"column":48}},"3":{"start":{"line":16,"column":4},"end":{"line":16,"column":61}},"4":{"start":{"line":9,"column":13},"end":{"line":9,"column":31}},"5":{"start":{"line":9,"column":13},"end":{"line":18,"column":null}}},"fnMap":{"0":{"name":"(anonymous_4)","decl":{"start":{"line":10,"column":2},"end":{"line":10,"column":null}},"loc":{"start":{"line":12,"column":48},"end":{"line":13,"column":6}}},"1":{"name":"(anonymous_5)","decl":{"start":{"line":15,"column":2},"end":{"line":15,"column":7}},"loc":{"start":{"line":15,"column":51},"end":{"line":17,"column":3}}}},"branchMap":{},"s":{"0":1,"1":1,"2":0,"3":0,"4":1,"5":1},"f":{"0":0,"1":0},"b":{}}
,"D:\\credit-analys\\src\\application\\use-cases\\activate-benefits.use-case.ts": {"path":"D:\\credit-analys\\src\\application\\use-cases\\activate-benefits.use-case.ts","statementMap":{"0":{"start":{"line":5,"column":0},"end":{"line":5,"column":92}},"1":{"start":{"line":6,"column":0},"end":{"line":6,"column":82}},"2":{"start":{"line":7,"column":0},"end":{"line":7,"column":73}},"3":{"start":{"line":11,"column":21},"end":{"line":11,"column":51}},"4":{"start":{"line":12,"column":21},"end":{"line":12,"column":45}},"5":{"start":{"line":13,"column":21},"end":{"line":13,"column":58}},"6":{"start":{"line":17,"column":21},"end":{"line":17,"column":63}},"7":{"start":{"line":18,"column":4},"end":{"line":20,"column":5}},"8":{"start":{"line":19,"column":6},"end":{"line":19,"column":58}},"9":{"start":{"line":22,"column":4},"end":{"line":24,"column":5}},"10":{"start":{"line":23,"column":6},"end":{"line":23,"column":81}},"11":{"start":{"line":26,"column":30},"end":{"line":40,"column":null}},"12":{"start":{"line":28,"column":23},"end":{"line":32,"column":10}},"13":{"start":{"line":34,"column":8},"end":{"line":37,"column":10}},"14":{"start":{"line":39,"column":8},"end":{"line":39,"column":22}},"15":{"start":{"line":43,"column":25},"end":{"line":43,"column":76}},"16":{"start":{"line":43,"column":61},"end":{"line":43,"column":75}},"17":{"start":{"line":44,"column":4},"end":{"line":46,"column":5}},"18":{"start":{"line":45,"column":6},"end":{"line":45,"column":31}},"19":{"start":{"line":48,"column":4},"end":{"line":48,"column":41}},"20":{"start":{"line":49,"column":4},"end":{"line":61,"column":7}},"21":{"start":{"line":54,"column":62},"end":{"line":58,"column":10}},"22":{"start":{"line":63,"column":4},"end":{"line":68,"column":6}},"23":{"start":{"line":9,"column":0},"end":{"line":9,"column":13}}},"fnMap":{"0":{"name":"(anonymous_0)","decl":{"start":{"line":10,"column":2},"end":{"line":10,"column":null}},"loc":{"start":{"line":13,"column":58},"end":{"line":14,"column":6}}},"1":{"name":"(anonymous_1)","decl":{"start":{"line":16,"column":2},"end":{"line":16,"column":7}},"loc":{"start":{"line":16,"column":34},"end":{"line":69,"column":3}}},"2":{"name":"(anonymous_2)","decl":{"start":{"line":27,"column":45},"end":{"line":27,"column":50}},"loc":{"start":{"line":27,"column":63},"end":{"line":40,"column":7}}},"3":{"name":"(anonymous_3)","decl":{"start":{"line":43,"column":49},"end":{"line":43,"column":50}},"loc":{"start":{"line":43,"column":61},"end":{"line":43,"column":75}}},"4":{"name":"(anonymous_4)","decl":{"start":{"line":54,"column":49},"end":{"line":54,"column":50}},"loc":{"start":{"line":54,"column":62},"end":{"line":58,"column":10}}}},"branchMap":{"0":{"loc":{"start":{"line":18,"column":4},"end":{"line":20,"column":5}},"type":"if","locations":[{"start":{"line":18,"column":4},"end":{"line":20,"column":5}}]},"1":{"loc":{"start":{"line":22,"column":4},"end":{"line":24,"column":5}},"type":"if","locations":[{"start":{"line":22,"column":4},"end":{"line":24,"column":5}}]},"2":{"loc":{"start":{"line":36,"column":10},"end":{"line":36,"column":93}},"type":"cond-expr","locations":[{"start":{"line":36,"column":27},"end":{"line":36,"column":60}},{"start":{"line":36,"column":63},"end":{"line":36,"column":93}}]},"3":{"loc":{"start":{"line":44,"column":4},"end":{"line":46,"column":5}},"type":"if","locations":[{"start":{"line":44,"column":4},"end":{"line":46,"column":5}}]}},"s":{"0":1,"1":1,"2":1,"3":0,"4":0,"5":0,"6":0,"7":0,"8":0,"9":0,"10":0,"11":0,"12":0,"13":0,"14":0,"15":0,"16":0,"17":0,"18":0,"19":0,"20":0,"21":0,"22":0,"23":1},"f":{"0":0,"1":0,"2":0,"3":0,"4":0},"b":{"0":[0],"1":[0],"2":[0,0],"3":[0]}}
,"D:\\credit-analys\\src\\application\\use-cases\\chat-assistant.use-case.ts": {"path":"D:\\credit-analys\\src\\application\\use-cases\\chat-assistant.use-case.ts","statementMap":{"0":{"start":{"line":1,"column":0},"end":{"line":1,"column":52}},"1":{"start":{"line":4,"column":0},"end":{"line":4,"column":90}},"2":{"start":{"line":5,"column":0},"end":{"line":5,"column":74}},"3":{"start":{"line":6,"column":0},"end":{"line":6,"column":88}},"4":{"start":{"line":7,"column":0},"end":{"line":7,"column":79}},"5":{"start":{"line":8,"column":0},"end":{"line":8,"column":67}},"6":{"start":{"line":9,"column":0},"end":{"line":9,"column":74}},"7":{"start":{"line":10,"column":0},"end":{"line":10,"column":71}},"8":{"start":{"line":11,"column":0},"end":{"line":11,"column":94}},"9":{"start":{"line":21,"column":47},"end":{"line":62,"column":2}},"10":{"start":{"line":65,"column":7},"end":{"line":285,"column":null}},"11":{"start":{"line":67,"column":21},"end":{"line":67,"column":44}},"12":{"start":{"line":68,"column":21},"end":{"line":68,"column":54}},"13":{"start":{"line":69,"column":21},"end":{"line":69,"column":54}},"14":{"start":{"line":70,"column":21},"end":{"line":70,"column":44}},"15":{"start":{"line":71,"column":21},"end":{"line":71,"column":47}},"16":{"start":{"line":72,"column":21},"end":{"line":72,"column":46}},"17":{"start":{"line":73,"column":21},"end":{"line":73,"column":47}},"18":{"start":{"line":74,"column":21},"end":{"line":74,"column":57}},"19":{"start":{"line":76,"column":21},"end":{"line":76,"column":60}},"20":{"start":{"line":80,"column":52},"end":{"line":85,"column":6}},"21":{"start":{"line":87,"column":24},"end":{"line":87,"column":77}},"22":{"start":{"line":88,"column":4},"end":{"line":93,"column":5}},"23":{"start":{"line":89,"column":6},"end":{"line":92,"column":8}},"24":{"start":{"line":95,"column":23},"end":{"line":95,"column":109}},"25":{"start":{"line":97,"column":4},"end":{"line":105,"column":6}},"26":{"start":{"line":113,"column":24},"end":{"line":113,"column":77}},"27":{"start":{"line":114,"column":4},"end":{"line":136,"column":5}},"28":{"start":{"line":116,"column":8},"end":{"line":116,"column":52}},"29":{"start":{"line":118,"column":8},"end":{"line":118,"column":50}},"30":{"start":{"line":120,"column":8},"end":{"line":120,"column":52}},"31":{"start":{"line":122,"column":8},"end":{"line":122,"column":100}},"32":{"start":{"line":124,"column":8},"end":{"line":124,"column":53}},"33":{"start":{"line":126,"column":8},"end":{"line":126,"column":56}},"34":{"start":{"line":128,"column":8},"end":{"line":128,"column":55}},"35":{"start":{"line":130,"column":8},"end":{"line":130,"column":54}},"36":{"start":{"line":132,"column":8},"end":{"line":135,"column":10}},"37":{"start":{"line":140,"column":43},"end":{"line":145,"column":6}},"38":{"start":{"line":147,"column":19},"end":{"line":147,"column":68}},"39":{"start":{"line":148,"column":4},"end":{"line":151,"column":6}},"40":{"start":{"line":155,"column":4},"end":{"line":160,"column":5}},"41":{"start":{"line":156,"column":6},"end":{"line":159,"column":8}},"42":{"start":{"line":162,"column":19},"end":{"line":162,"column":74}},"43":{"start":{"line":163,"column":4},"end":{"line":168,"column":5}},"44":{"start":{"line":164,"column":6},"end":{"line":167,"column":8}},"45":{"start":{"line":170,"column":4},"end":{"line":173,"column":6}},"46":{"start":{"line":177,"column":4},"end":{"line":182,"column":5}},"47":{"start":{"line":178,"column":6},"end":{"line":181,"column":8}},"48":{"start":{"line":184,"column":19},"end":{"line":184,"column":81}},"49":{"start":{"line":185,"column":4},"end":{"line":190,"column":6}},"50":{"start":{"line":194,"column":4},"end":{"line":199,"column":5}},"51":{"start":{"line":195,"column":6},"end":{"line":198,"column":8}},"52":{"start":{"line":201,"column":4},"end":{"line":206,"column":5}},"53":{"start":{"line":202,"column":6},"end":{"line":205,"column":8}},"54":{"start":{"line":208,"column":19},"end":{"line":208,"column":99}},"55":{"start":{"line":209,"column":4},"end":{"line":214,"column":6}},"56":{"start":{"line":218,"column":4},"end":{"line":223,"column":5}},"57":{"start":{"line":219,"column":6},"end":{"line":222,"column":8}},"58":{"start":{"line":225,"column":19},"end":{"line":225,"column":71}},"59":{"start":{"line":226,"column":4},"end":{"line":229,"column":6}},"60":{"start":{"line":233,"column":4},"end":{"line":238,"column":5}},"61":{"start":{"line":234,"column":6},"end":{"line":237,"column":8}},"62":{"start":{"line":240,"column":19},"end":{"line":240,"column":74}},"63":{"start":{"line":241,"column":4},"end":{"line":244,"column":6}},"64":{"start":{"line":248,"column":4},"end":{"line":253,"column":5}},"65":{"start":{"line":249,"column":6},"end":{"line":252,"column":8}},"66":{"start":{"line":255,"column":19},"end":{"line":255,"column":73}},"67":{"start":{"line":256,"column":4},"end":{"line":261,"column":6}},"68":{"start":{"line":265,"column":4},"end":{"line":270,"column":5}},"69":{"start":{"line":266,"column":6},"end":{"line":269,"column":8}},"70":{"start":{"line":272,"column":19},"end":{"line":272,"column":84}},"71":{"start":{"line":273,"column":4},"end":{"line":278,"column":5}},"72":{"start":{"line":274,"column":6},"end":{"line":277,"column":8}},"73":{"start":{"line":280,"column":4},"end":{"line":283,"column":6}},"74":{"start":{"line":65,"column":13},"end":{"line":65,"column":33}},"75":{"start":{"line":65,"column":13},"end":{"line":285,"column":null}}},"fnMap":{"0":{"name":"(anonymous_4)","decl":{"start":{"line":66,"column":2},"end":{"line":66,"column":null}},"loc":{"start":{"line":76,"column":60},"end":{"line":77,"column":6}}},"1":{"name":"(anonymous_5)","decl":{"start":{"line":79,"column":2},"end":{"line":79,"column":7}},"loc":{"start":{"line":79,"column":45},"end":{"line":106,"column":3}}},"2":{"name":"(anonymous_6)","decl":{"start":{"line":108,"column":10},"end":{"line":108,"column":15}},"loc":{"start":{"line":111,"column":31},"end":{"line":137,"column":3}}},"3":{"name":"(anonymous_7)","decl":{"start":{"line":139,"column":10},"end":{"line":139,"column":15}},"loc":{"start":{"line":139,"column":71},"end":{"line":152,"column":3}}},"4":{"name":"(anonymous_8)","decl":{"start":{"line":154,"column":10},"end":{"line":154,"column":15}},"loc":{"start":{"line":154,"column":53},"end":{"line":174,"column":3}}},"5":{"name":"(anonymous_9)","decl":{"start":{"line":176,"column":10},"end":{"line":176,"column":15}},"loc":{"start":{"line":176,"column":55},"end":{"line":191,"column":3}}},"6":{"name":"(anonymous_10)","decl":{"start":{"line":193,"column":10},"end":{"line":193,"column":15}},"loc":{"start":{"line":193,"column":92},"end":{"line":215,"column":3}}},"7":{"name":"(anonymous_11)","decl":{"start":{"line":217,"column":10},"end":{"line":217,"column":15}},"loc":{"start":{"line":217,"column":56},"end":{"line":230,"column":3}}},"8":{"name":"(anonymous_12)","decl":{"start":{"line":232,"column":10},"end":{"line":232,"column":15}},"loc":{"start":{"line":232,"column":59},"end":{"line":245,"column":3}}},"9":{"name":"(anonymous_13)","decl":{"start":{"line":247,"column":10},"end":{"line":247,"column":15}},"loc":{"start":{"line":247,"column":58},"end":{"line":262,"column":3}}},"10":{"name":"(anonymous_14)","decl":{"start":{"line":264,"column":10},"end":{"line":264,"column":15}},"loc":{"start":{"line":264,"column":57},"end":{"line":284,"column":3}}}},"branchMap":{"0":{"loc":{"start":{"line":88,"column":4},"end":{"line":93,"column":5}},"type":"if","locations":[{"start":{"line":88,"column":4},"end":{"line":93,"column":5}}]},"1":{"loc":{"start":{"line":88,"column":8},"end":{"line":88,"column":64}},"type":"binary-expr","locations":[{"start":{"line":88,"column":8},"end":{"line":88,"column":29}},{"start":{"line":88,"column":33},"end":{"line":88,"column":64}}]},"2":{"loc":{"start":{"line":103,"column":21},"end":{"line":103,"column":54}},"type":"binary-expr","locations":[{"start":{"line":103,"column":21},"end":{"line":103,"column":39}},{"start":{"line":103,"column":43},"end":{"line":103,"column":54}}]},"3":{"loc":{"start":{"line":113,"column":24},"end":{"line":113,"column":77}},"type":"binary-expr","locations":[{"start":{"line":113,"column":24},"end":{"line":113,"column":55}},{"start":{"line":113,"column":59},"end":{"line":113,"column":77}}]},"4":{"loc":{"start":{"line":114,"column":4},"end":{"line":136,"column":5}},"type":"switch","locations":[{"start":{"line":115,"column":6},"end":{"line":116,"column":52}},{"start":{"line":117,"column":6},"end":{"line":118,"column":50}},{"start":{"line":119,"column":6},"end":{"line":120,"column":52}},{"start":{"line":121,"column":6},"end":{"line":122,"column":100}},{"start":{"line":123,"column":6},"end":{"line":124,"column":53}},{"start":{"line":125,"column":6},"end":{"line":126,"column":56}},{"start":{"line":127,"column":6},"end":{"line":128,"column":55}},{"start":{"line":129,"column":6},"end":{"line":130,"column":54}},{"start":{"line":131,"column":6},"end":{"line":135,"column":10}}]},"5":{"loc":{"start":{"line":141,"column":25},"end":{"line":141,"column":51}},"type":"binary-expr","locations":[{"start":{"line":141,"column":25},"end":{"line":141,"column":45}},{"start":{"line":141,"column":49},"end":{"line":141,"column":51}}]},"6":{"loc":{"start":{"line":144,"column":25},"end":{"line":144,"column":57}},"type":"binary-expr","locations":[{"start":{"line":144,"column":25},"end":{"line":144,"column":51}},{"start":{"line":144,"column":55},"end":{"line":144,"column":57}}]},"7":{"loc":{"start":{"line":155,"column":4},"end":{"line":160,"column":5}},"type":"if","locations":[{"start":{"line":155,"column":4},"end":{"line":160,"column":5}}]},"8":{"loc":{"start":{"line":163,"column":4},"end":{"line":168,"column":5}},"type":"if","locations":[{"start":{"line":163,"column":4},"end":{"line":168,"column":5}}]},"9":{"loc":{"start":{"line":177,"column":4},"end":{"line":182,"column":5}},"type":"if","locations":[{"start":{"line":177,"column":4},"end":{"line":182,"column":5}}]},"10":{"loc":{"start":{"line":186,"column":15},"end":{"line":188,"column":75}},"type":"cond-expr","locations":[{"start":{"line":187,"column":10},"end":{"line":187,"column":95}},{"start":{"line":188,"column":10},"end":{"line":188,"column":75}}]},"11":{"loc":{"start":{"line":194,"column":4},"end":{"line":199,"column":5}},"type":"if","locations":[{"start":{"line":194,"column":4},"end":{"line":199,"column":5}}]},"12":{"loc":{"start":{"line":201,"column":4},"end":{"line":206,"column":5}},"type":"if","locations":[{"start":{"line":201,"column":4},"end":{"line":206,"column":5}}]},"13":{"loc":{"start":{"line":201,"column":8},"end":{"line":201,"column":58}},"type":"binary-expr","locations":[{"start":{"line":201,"column":8},"end":{"line":201,"column":25}},{"start":{"line":201,"column":29},"end":{"line":201,"column":58}}]},"14":{"loc":{"start":{"line":210,"column":15},"end":{"line":212,"column":92}},"type":"cond-expr","locations":[{"start":{"line":211,"column":10},"end":{"line":211,"column":60}},{"start":{"line":212,"column":10},"end":{"line":212,"column":92}}]},"15":{"loc":{"start":{"line":218,"column":4},"end":{"line":223,"column":5}},"type":"if","locations":[{"start":{"line":218,"column":4},"end":{"line":223,"column":5}}]},"16":{"loc":{"start":{"line":233,"column":4},"end":{"line":238,"column":5}},"type":"if","locations":[{"start":{"line":233,"column":4},"end":{"line":238,"column":5}}]},"17":{"loc":{"start":{"line":248,"column":4},"end":{"line":253,"column":5}},"type":"if","locations":[{"start":{"line":248,"column":4},"end":{"line":253,"column":5}}]},"18":{"loc":{"start":{"line":257,"column":15},"end":{"line":259,"column":78}},"type":"cond-expr","locations":[{"start":{"line":258,"column":10},"end":{"line":258,"column":83}},{"start":{"line":259,"column":10},"end":{"line":259,"column":78}}]},"19":{"loc":{"start":{"line":265,"column":4},"end":{"line":270,"column":5}},"type":"if","locations":[{"start":{"line":265,"column":4},"end":{"line":270,"column":5}}]},"20":{"loc":{"start":{"line":273,"column":4},"end":{"line":278,"column":5}},"type":"if","locations":[{"start":{"line":273,"column":4},"end":{"line":278,"column":5}}]}},"s":{"0":1,"1":1,"2":1,"3":1,"4":1,"5":1,"6":1,"7":1,"8":1,"9":1,"10":1,"11":0,"12":0,"13":0,"14":0,"15":0,"16":0,"17":0,"18":0,"19":0,"20":0,"21":0,"22":0,"23":0,"24":0,"25":0,"26":0,"27":0,"28":0,"29":0,"30":0,"31":0,"32":0,"33":0,"34":0,"35":0,"36":0,"37":0,"38":0,"39":0,"40":0,"41":0,"42":0,"43":0,"44":0,"45":0,"46":0,"47":0,"48":0,"49":0,"50":0,"51":0,"52":0,"53":0,"54":0,"55":0,"56":0,"57":0,"58":0,"59":0,"60":0,"61":0,"62":0,"63":0,"64":0,"65":0,"66":0,"67":0,"68":0,"69":0,"70":0,"71":0,"72":0,"73":0,"74":1,"75":1},"f":{"0":0,"1":0,"2":0,"3":0,"4":0,"5":0,"6":0,"7":0,"8":0,"9":0,"10":0},"b":{"0":[0],"1":[0,0],"2":[0,0],"3":[0,0],"4":[0,0,0,0,0,0,0,0,0],"5":[0,0],"6":[0,0],"7":[0],"8":[0],"9":[0],"10":[0,0],"11":[0],"12":[0],"13":[0,0],"14":[0,0],"15":[0],"16":[0],"17":[0],"18":[0,0],"19":[0],"20":[0]}}
,"D:\\credit-analys\\src\\application\\use-cases\\create-card-account.use-case.ts": {"path":"D:\\credit-analys\\src\\application\\use-cases\\create-card-account.use-case.ts","statementMap":{"0":{"start":{"line":4,"column":0},"end":{"line":4,"column":73}},"1":{"start":{"line":8,"column":21},"end":{"line":8,"column":51}},"2":{"start":{"line":9,"column":21},"end":{"line":9,"column":48}},"3":{"start":{"line":10,"column":21},"end":{"line":10,"column":58}},"4":{"start":{"line":14,"column":21},"end":{"line":14,"column":63}},"5":{"start":{"line":15,"column":4},"end":{"line":17,"column":5}},"6":{"start":{"line":16,"column":6},"end":{"line":16,"column":58}},"7":{"start":{"line":19,"column":4},"end":{"line":21,"column":5}},"8":{"start":{"line":20,"column":6},"end":{"line":20,"column":81}},"9":{"start":{"line":23,"column":4},"end":{"line":28,"column":5}},"10":{"start":{"line":24,"column":6},"end":{"line":27,"column":8}},"11":{"start":{"line":30,"column":4},"end":{"line":30,"column":41}},"12":{"start":{"line":31,"column":4},"end":{"line":31,"column":41}},"13":{"start":{"line":32,"column":4},"end":{"line":39,"column":7}},"14":{"start":{"line":41,"column":21},"end":{"line":47,"column":6}},"15":{"start":{"line":49,"column":4},"end":{"line":71,"column":5}},"16":{"start":{"line":50,"column":6},"end":{"line":50,"column":48}},"17":{"start":{"line":51,"column":6},"end":{"line":59,"column":9}},"18":{"start":{"line":61,"column":6},"end":{"line":61,"column":81}},"19":{"start":{"line":62,"column":6},"end":{"line":70,"column":9}},"20":{"start":{"line":73,"column":4},"end":{"line":73,"column":41}},"21":{"start":{"line":75,"column":4},"end":{"line":79,"column":6}},"22":{"start":{"line":6,"column":0},"end":{"line":6,"column":13}}},"fnMap":{"0":{"name":"(anonymous_0)","decl":{"start":{"line":7,"column":2},"end":{"line":7,"column":null}},"loc":{"start":{"line":10,"column":58},"end":{"line":11,"column":6}}},"1":{"name":"(anonymous_1)","decl":{"start":{"line":13,"column":2},"end":{"line":13,"column":7}},"loc":{"start":{"line":13,"column":34},"end":{"line":80,"column":3}}}},"branchMap":{"0":{"loc":{"start":{"line":15,"column":4},"end":{"line":17,"column":5}},"type":"if","locations":[{"start":{"line":15,"column":4},"end":{"line":17,"column":5}}]},"1":{"loc":{"start":{"line":19,"column":4},"end":{"line":21,"column":5}},"type":"if","locations":[{"start":{"line":19,"column":4},"end":{"line":21,"column":5}}]},"2":{"loc":{"start":{"line":23,"column":4},"end":{"line":28,"column":5}},"type":"if","locations":[{"start":{"line":23,"column":4},"end":{"line":28,"column":5}}]},"3":{"loc":{"start":{"line":49,"column":4},"end":{"line":71,"column":5}},"type":"if","locations":[{"start":{"line":49,"column":4},"end":{"line":71,"column":5}},{"start":{"line":60,"column":11},"end":{"line":71,"column":5}}]},"4":{"loc":{"start":{"line":49,"column":8},"end":{"line":49,"column":43}},"type":"binary-expr","locations":[{"start":{"line":49,"column":8},"end":{"line":49,"column":24}},{"start":{"line":49,"column":28},"end":{"line":49,"column":43}}]},"5":{"loc":{"start":{"line":61,"column":38},"end":{"line":61,"column":79}},"type":"binary-expr","locations":[{"start":{"line":61,"column":38},"end":{"line":61,"column":53}},{"start":{"line":61,"column":57},"end":{"line":61,"column":79}}]}},"s":{"0":1,"1":0,"2":0,"3":0,"4":0,"5":0,"6":0,"7":0,"8":0,"9":0,"10":0,"11":0,"12":0,"13":0,"14":0,"15":0,"16":0,"17":0,"18":0,"19":0,"20":0,"21":0,"22":1},"f":{"0":0,"1":0},"b":{"0":[0],"1":[0],"2":[0],"3":[0,0],"4":[0,0],"5":[0,0]}}
,"D:\\credit-analys\\src\\application\\use-cases\\create-proposal.use-case.ts": {"path":"D:\\credit-analys\\src\\application\\use-cases\\create-proposal.use-case.ts","statementMap":{"0":{"start":{"line":1,"column":0},"end":{"line":1,"column":87}},"1":{"start":{"line":2,"column":0},"end":{"line":2,"column":80}},"2":{"start":{"line":24,"column":21},"end":{"line":24,"column":51}},"3":{"start":{"line":25,"column":21},"end":{"line":25,"column":58}},"4":{"start":{"line":29,"column":20},"end":{"line":35,"column":null}},"5":{"start":{"line":38,"column":21},"end":{"line":38,"column":117}},"6":{"start":{"line":39,"column":4},"end":{"line":39,"column":69}},"7":{"start":{"line":40,"column":4},"end":{"line":40,"column":41}},"8":{"start":{"line":41,"column":4},"end":{"line":50,"column":7}},"9":{"start":{"line":51,"column":4},"end":{"line":51,"column":20}},"10":{"start":{"line":22,"column":0},"end":{"line":22,"column":13}}},"fnMap":{"0":{"name":"(anonymous_0)","decl":{"start":{"line":23,"column":2},"end":{"line":23,"column":null}},"loc":{"start":{"line":25,"column":58},"end":{"line":26,"column":6}}},"1":{"name":"(anonymous_1)","decl":{"start":{"line":28,"column":2},"end":{"line":28,"column":7}},"loc":{"start":{"line":28,"column":46},"end":{"line":52,"column":3}}}},"branchMap":{},"s":{"0":1,"1":1,"2":0,"3":0,"4":0,"5":0,"6":0,"7":0,"8":0,"9":0,"10":1},"f":{"0":0,"1":0},"b":{}}
,"D:\\credit-analys\\src\\application\\use-cases\\generate-proposal-explanation.use-case.ts": {"path":"D:\\credit-analys\\src\\application\\use-cases\\generate-proposal-explanation.use-case.ts","statementMap":{"0":{"start":{"line":1,"column":0},"end":{"line":1,"column":44}},"1":{"start":{"line":3,"column":0},"end":{"line":3,"column":70}},"2":{"start":{"line":7,"column":7},"end":{"line":38,"column":null}},"3":{"start":{"line":9,"column":21},"end":{"line":9,"column":51}},"4":{"start":{"line":10,"column":21},"end":{"line":10,"column":41}},"5":{"start":{"line":14,"column":21},"end":{"line":14,"column":63}},"6":{"start":{"line":15,"column":4},"end":{"line":17,"column":5}},"7":{"start":{"line":16,"column":6},"end":{"line":16,"column":18}},"8":{"start":{"line":19,"column":20},"end":{"line":34,"column":6}},"9":{"start":{"line":27,"column":56},"end":{"line":32,"column":8}},"10":{"start":{"line":36,"column":4},"end":{"line":36,"column":60}},"11":{"start":{"line":7,"column":13},"end":{"line":7,"column":47}},"12":{"start":{"line":7,"column":13},"end":{"line":38,"column":null}}},"fnMap":{"0":{"name":"(anonymous_2)","decl":{"start":{"line":8,"column":2},"end":{"line":8,"column":null}},"loc":{"start":{"line":10,"column":59},"end":{"line":11,"column":6}}},"1":{"name":"(anonymous_3)","decl":{"start":{"line":13,"column":2},"end":{"line":13,"column":7}},"loc":{"start":{"line":13,"column":34},"end":{"line":37,"column":3}}},"2":{"name":"(anonymous_4)","decl":{"start":{"line":27,"column":44},"end":{"line":27,"column":45}},"loc":{"start":{"line":27,"column":56},"end":{"line":32,"column":8}}}},"branchMap":{"0":{"loc":{"start":{"line":15,"column":4},"end":{"line":17,"column":5}},"type":"if","locations":[{"start":{"line":15,"column":4},"end":{"line":17,"column":5}}]}},"s":{"0":1,"1":1,"2":1,"3":0,"4":0,"5":0,"6":0,"7":0,"8":0,"9":0,"10":0,"11":1,"12":1},"f":{"0":0,"1":0,"2":0},"b":{"0":[0]}}
,"D:\\credit-analys\\src\\application\\use-cases\\get-proposal-status.use-case.ts": {"path":"D:\\credit-analys\\src\\application\\use-cases\\get-proposal-status.use-case.ts","statementMap":{"0":{"start":{"line":4,"column":31},"end":{"line":4,"column":61}},"1":{"start":{"line":7,"column":21},"end":{"line":7,"column":63}},"2":{"start":{"line":8,"column":4},"end":{"line":10,"column":5}},"3":{"start":{"line":9,"column":6},"end":{"line":9,"column":18}},"4":{"start":{"line":12,"column":4},"end":{"line":19,"column":6}},"5":{"start":{"line":3,"column":0},"end":{"line":3,"column":13}}},"fnMap":{"0":{"name":"(anonymous_0)","decl":{"start":{"line":4,"column":2},"end":{"line":4,"column":31}},"loc":{"start":{"line":4,"column":61},"end":{"line":4,"column":65}}},"1":{"name":"(anonymous_1)","decl":{"start":{"line":6,"column":2},"end":{"line":6,"column":7}},"loc":{"start":{"line":6,"column":34},"end":{"line":20,"column":3}}}},"branchMap":{"0":{"loc":{"start":{"line":8,"column":4},"end":{"line":10,"column":5}},"type":"if","locations":[{"start":{"line":8,"column":4},"end":{"line":10,"column":5}}]}},"s":{"0":0,"1":0,"2":0,"3":0,"4":0,"5":1},"f":{"0":0,"1":0},"b":{"0":[0]}}
,"D:\\credit-analys\\src\\application\\use-cases\\submit-proposal.use-case.ts": {"path":"D:\\credit-analys\\src\\application\\use-cases\\submit-proposal.use-case.ts","statementMap":{"0":{"start":{"line":3,"column":0},"end":{"line":3,"column":73}},"1":{"start":{"line":7,"column":21},"end":{"line":7,"column":51}},"2":{"start":{"line":8,"column":21},"end":{"line":8,"column":58}},"3":{"start":{"line":12,"column":21},"end":{"line":12,"column":63}},"4":{"start":{"line":13,"column":4},"end":{"line":15,"column":5}},"5":{"start":{"line":14,"column":6},"end":{"line":14,"column":58}},"6":{"start":{"line":17,"column":4},"end":{"line":19,"column":5}},"7":{"start":{"line":18,"column":6},"end":{"line":18,"column":86}},"8":{"start":{"line":21,"column":4},"end":{"line":21,"column":29}},"9":{"start":{"line":22,"column":4},"end":{"line":22,"column":41}},"10":{"start":{"line":23,"column":4},"end":{"line":31,"column":7}},"11":{"start":{"line":33,"column":4},"end":{"line":36,"column":6}},"12":{"start":{"line":5,"column":0},"end":{"line":5,"column":13}}},"fnMap":{"0":{"name":"(anonymous_0)","decl":{"start":{"line":6,"column":2},"end":{"line":6,"column":null}},"loc":{"start":{"line":8,"column":58},"end":{"line":9,"column":6}}},"1":{"name":"(anonymous_1)","decl":{"start":{"line":11,"column":2},"end":{"line":11,"column":7}},"loc":{"start":{"line":11,"column":34},"end":{"line":37,"column":3}}}},"branchMap":{"0":{"loc":{"start":{"line":13,"column":4},"end":{"line":15,"column":5}},"type":"if","locations":[{"start":{"line":13,"column":4},"end":{"line":15,"column":5}}]},"1":{"loc":{"start":{"line":17,"column":4},"end":{"line":19,"column":5}},"type":"if","locations":[{"start":{"line":17,"column":4},"end":{"line":19,"column":5}}]}},"s":{"0":1,"1":0,"2":0,"3":0,"4":0,"5":0,"6":0,"7":0,"8":0,"9":0,"10":0,"11":0,"12":1},"f":{"0":0,"1":0},"b":{"0":[0],"1":[0]}}
,"D:\\credit-analys\\src\\application\\use-cases\\validate-benefits.use-case.ts": {"path":"D:\\credit-analys\\src\\application\\use-cases\\validate-benefits.use-case.ts","statementMap":{"0":{"start":{"line":8,"column":21},"end":{"line":8,"column":51}},"1":{"start":{"line":9,"column":21},"end":{"line":9,"column":53}},"2":{"start":{"line":10,"column":21},"end":{"line":10,"column":58}},"3":{"start":{"line":19,"column":21},"end":{"line":19,"column":63}},"4":{"start":{"line":20,"column":4},"end":{"line":22,"column":5}},"5":{"start":{"line":21,"column":6},"end":{"line":21,"column":58}},"6":{"start":{"line":24,"column":4},"end":{"line":24,"column":54}},"7":{"start":{"line":25,"column":19},"end":{"line":25,"column":95}},"8":{"start":{"line":26,"column":4},"end":{"line":30,"column":5}},"9":{"start":{"line":27,"column":6},"end":{"line":27,"column":39}},"10":{"start":{"line":29,"column":6},"end":{"line":29,"column":55}},"11":{"start":{"line":32,"column":4},"end":{"line":32,"column":41}},"12":{"start":{"line":33,"column":4},"end":{"line":43,"column":7}},"13":{"start":{"line":45,"column":4},"end":{"line":50,"column":6}},"14":{"start":{"line":6,"column":0},"end":{"line":6,"column":13}}},"fnMap":{"0":{"name":"(anonymous_0)","decl":{"start":{"line":7,"column":2},"end":{"line":7,"column":null}},"loc":{"start":{"line":10,"column":58},"end":{"line":11,"column":6}}},"1":{"name":"(anonymous_1)","decl":{"start":{"line":13,"column":2},"end":{"line":13,"column":7}},"loc":{"start":{"line":13,"column":67},"end":{"line":51,"column":3}}}},"branchMap":{"0":{"loc":{"start":{"line":20,"column":4},"end":{"line":22,"column":5}},"type":"if","locations":[{"start":{"line":20,"column":4},"end":{"line":22,"column":5}}]},"1":{"loc":{"start":{"line":26,"column":4},"end":{"line":30,"column":5}},"type":"if","locations":[{"start":{"line":26,"column":4},"end":{"line":30,"column":5}},{"start":{"line":28,"column":11},"end":{"line":30,"column":5}}]}},"s":{"0":0,"1":0,"2":0,"3":0,"4":0,"5":0,"6":0,"7":0,"8":0,"9":0,"10":0,"11":0,"12":0,"13":0,"14":1},"f":{"0":0,"1":0},"b":{"0":[0],"1":[0,0]}}
,"D:\\credit-analys\\src\\application\\use-cases\\validate-offer-eligibility.use-case.ts": {"path":"D:\\credit-analys\\src\\application\\use-cases\\validate-offer-eligibility.use-case.ts","statementMap":{"0":{"start":{"line":8,"column":21},"end":{"line":8,"column":51}},"1":{"start":{"line":9,"column":21},"end":{"line":9,"column":51}},"2":{"start":{"line":10,"column":21},"end":{"line":10,"column":58}},"3":{"start":{"line":19,"column":21},"end":{"line":19,"column":63}},"4":{"start":{"line":20,"column":4},"end":{"line":22,"column":5}},"5":{"start":{"line":21,"column":6},"end":{"line":21,"column":58}},"6":{"start":{"line":24,"column":19},"end":{"line":24,"column":65}},"7":{"start":{"line":25,"column":4},"end":{"line":29,"column":5}},"8":{"start":{"line":26,"column":6},"end":{"line":26,"column":36}},"9":{"start":{"line":28,"column":6},"end":{"line":28,"column":55}},"10":{"start":{"line":31,"column":4},"end":{"line":31,"column":41}},"11":{"start":{"line":32,"column":4},"end":{"line":42,"column":7}},"12":{"start":{"line":44,"column":4},"end":{"line":49,"column":6}},"13":{"start":{"line":6,"column":0},"end":{"line":6,"column":13}}},"fnMap":{"0":{"name":"(anonymous_0)","decl":{"start":{"line":7,"column":2},"end":{"line":7,"column":null}},"loc":{"start":{"line":10,"column":58},"end":{"line":11,"column":6}}},"1":{"name":"(anonymous_1)","decl":{"start":{"line":13,"column":2},"end":{"line":13,"column":7}},"loc":{"start":{"line":13,"column":34},"end":{"line":50,"column":3}}}},"branchMap":{"0":{"loc":{"start":{"line":20,"column":4},"end":{"line":22,"column":5}},"type":"if","locations":[{"start":{"line":20,"column":4},"end":{"line":22,"column":5}}]},"1":{"loc":{"start":{"line":25,"column":4},"end":{"line":29,"column":5}},"type":"if","locations":[{"start":{"line":25,"column":4},"end":{"line":29,"column":5}},{"start":{"line":27,"column":11},"end":{"line":29,"column":5}}]}},"s":{"0":0,"1":0,"2":0,"3":0,"4":0,"5":0,"6":0,"7":0,"8":0,"9":0,"10":0,"11":0,"12":0,"13":1},"f":{"0":0,"1":0},"b":{"0":[0],"1":[0,0]}}
,"D:\\credit-analys\\src\\domain\\entities\\audit-entry.entity.ts": {"path":"D:\\credit-analys\\src\\domain\\entities\\audit-entry.entity.ts","statementMap":{"0":{"start":{"line":8,"column":13},"end":{"line":8,"column":26}},"1":{"start":{"line":10,"column":13},"end":{"line":10,"column":28}},"2":{"start":{"line":12,"column":13},"end":{"line":12,"column":27}},"3":{"start":{"line":14,"column":13},"end":{"line":14,"column":27}},"4":{"start":{"line":5,"column":0},"end":{"line":5,"column":13}}},"fnMap":{"0":{"name":"(anonymous_0)","decl":{"start":{"line":6,"column":2},"end":{"line":6,"column":null}},"loc":{"start":{"line":14,"column":27},"end":{"line":15,"column":6}}}},"branchMap":{},"s":{"0":0,"1":0,"2":0,"3":0,"4":1},"f":{"0":0},"b":{}}
,"D:\\credit-analys\\src\\domain\\entities\\benefit-selection.entity.ts": {"path":"D:\\credit-analys\\src\\domain\\entities\\benefit-selection.entity.ts","statementMap":{"0":{"start":{"line":1,"column":0},"end":{"line":1,"column":57}},"1":{"start":{"line":10,"column":13},"end":{"line":10,"column":36}},"2":{"start":{"line":12,"column":4},"end":{"line":12,"column":37}},"3":{"start":{"line":19,"column":4},"end":{"line":21,"column":5}},"4":{"start":{"line":20,"column":6},"end":{"line":20,"column":13}},"5":{"start":{"line":23,"column":4},"end":{"line":25,"column":5}},"6":{"start":{"line":24,"column":6},"end":{"line":24,"column":73}},"7":{"start":{"line":7,"column":0},"end":{"line":7,"column":13}}},"fnMap":{"0":{"name":"(anonymous_0)","decl":{"start":{"line":8,"column":2},"end":{"line":8,"column":null}},"loc":{"start":{"line":10,"column":36},"end":{"line":13,"column":3}}},"1":{"name":"(anonymous_1)","decl":{"start":{"line":18,"column":10},"end":{"line":18,"column":27}},"loc":{"start":{"line":18,"column":51},"end":{"line":26,"column":3}}}},"branchMap":{"0":{"loc":{"start":{"line":19,"column":4},"end":{"line":21,"column":5}},"type":"if","locations":[{"start":{"line":19,"column":4},"end":{"line":21,"column":5}}]},"1":{"loc":{"start":{"line":19,"column":8},"end":{"line":19,"column":42}},"type":"binary-expr","locations":[{"start":{"line":19,"column":8},"end":{"line":19,"column":17}},{"start":{"line":19,"column":21},"end":{"line":19,"column":42}}]},"2":{"loc":{"start":{"line":23,"column":4},"end":{"line":25,"column":5}},"type":"if","locations":[{"start":{"line":23,"column":4},"end":{"line":25,"column":5}}]},"3":{"loc":{"start":{"line":23,"column":8},"end":{"line":23,"column":88}},"type":"binary-expr","locations":[{"start":{"line":23,"column":8},"end":{"line":23,"column":47}},{"start":{"line":23,"column":51},"end":{"line":23,"column":88}}]}},"s":{"0":1,"1":0,"2":0,"3":0,"4":0,"5":0,"6":0,"7":1},"f":{"0":0,"1":0},"b":{"0":[0],"1":[0,0],"2":[0],"3":[0,0]}}
,"D:\\credit-analys\\src\\domain\\entities\\credit-card-proposal.entity.ts": {"path":"D:\\credit-analys\\src\\domain\\entities\\credit-card-proposal.entity.ts","statementMap":{"0":{"start":{"line":2,"column":0},"end":{"line":2,"column":72}},"1":{"start":{"line":4,"column":0},"end":{"line":4,"column":63}},"2":{"start":{"line":6,"column":0},"end":{"line":6,"column":50}},"3":{"start":{"line":7,"column":0},"end":{"line":7,"column":62}},"4":{"start":{"line":24,"column":13},"end":{"line":24,"column":31}},"5":{"start":{"line":26,"column":13},"end":{"line":26,"column":45}},"6":{"start":{"line":28,"column":13},"end":{"line":28,"column":33}},"7":{"start":{"line":32,"column":4},"end":{"line":32,"column":59}},"8":{"start":{"line":33,"column":4},"end":{"line":33,"column":86}},"9":{"start":{"line":34,"column":4},"end":{"line":34,"column":27}},"10":{"start":{"line":35,"column":4},"end":{"line":35,"column":42}},"11":{"start":{"line":36,"column":4},"end":{"line":36,"column":61}},"12":{"start":{"line":52,"column":4},"end":{"line":52,"column":77}},"13":{"start":{"line":59,"column":4},"end":{"line":59,"column":49}},"14":{"start":{"line":60,"column":4},"end":{"line":60,"column":74}},"15":{"start":{"line":67,"column":4},"end":{"line":67,"column":52}},"16":{"start":{"line":68,"column":4},"end":{"line":68,"column":117}},"17":{"start":{"line":75,"column":4},"end":{"line":75,"column":43}},"18":{"start":{"line":76,"column":4},"end":{"line":76,"column":77}},"19":{"start":{"line":83,"column":4},"end":{"line":83,"column":59}},"20":{"start":{"line":84,"column":4},"end":{"line":84,"column":80}},"21":{"start":{"line":91,"column":4},"end":{"line":91,"column":57}},"22":{"start":{"line":92,"column":4},"end":{"line":92,"column":25}},"23":{"start":{"line":93,"column":4},"end":{"line":93,"column":68}},"24":{"start":{"line":100,"column":4},"end":{"line":100,"column":56}},"25":{"start":{"line":101,"column":4},"end":{"line":101,"column":34}},"26":{"start":{"line":102,"column":4},"end":{"line":102,"column":50}},"27":{"start":{"line":109,"column":4},"end":{"line":109,"column":43}},"28":{"start":{"line":110,"column":4},"end":{"line":110,"column":62}},"29":{"start":{"line":117,"column":4},"end":{"line":117,"column":42}},"30":{"start":{"line":118,"column":4},"end":{"line":118,"column":34}},"31":{"start":{"line":119,"column":4},"end":{"line":119,"column":47}},"32":{"start":{"line":126,"column":4},"end":{"line":126,"column":61}},"33":{"start":{"line":127,"column":4},"end":{"line":127,"column":84}},"34":{"start":{"line":134,"column":4},"end":{"line":134,"column":59}},"35":{"start":{"line":135,"column":4},"end":{"line":135,"column":95}},"36":{"start":{"line":14,"column":0},"end":{"line":14,"column":13}}},"fnMap":{"0":{"name":"(anonymous_0)","decl":{"start":{"line":22,"column":2},"end":{"line":22,"column":null}},"loc":{"start":{"line":30,"column":32},"end":{"line":37,"column":3}}},"1":{"name":"(anonymous_1)","decl":{"start":{"line":51,"column":2},"end":{"line":51,"column":10}},"loc":{"start":{"line":51,"column":56},"end":{"line":53,"column":3}}},"2":{"name":"(anonymous_2)","decl":{"start":{"line":58,"column":2},"end":{"line":58,"column":20}},"loc":{"start":{"line":58,"column":20},"end":{"line":61,"column":3}}},"3":{"name":"(anonymous_3)","decl":{"start":{"line":66,"column":2},"end":{"line":66,"column":23}},"loc":{"start":{"line":66,"column":23},"end":{"line":69,"column":3}}},"4":{"name":"(anonymous_4)","decl":{"start":{"line":74,"column":2},"end":{"line":74,"column":15}},"loc":{"start":{"line":74,"column":15},"end":{"line":77,"column":3}}},"5":{"name":"(anonymous_5)","decl":{"start":{"line":82,"column":2},"end":{"line":82,"column":27}},"loc":{"start":{"line":82,"column":27},"end":{"line":85,"column":3}}},"6":{"name":"(anonymous_6)","decl":{"start":{"line":90,"column":2},"end":{"line":90,"column":17}},"loc":{"start":{"line":90,"column":32},"end":{"line":94,"column":3}}},"7":{"name":"(anonymous_7)","decl":{"start":{"line":99,"column":2},"end":{"line":99,"column":24}},"loc":{"start":{"line":99,"column":39},"end":{"line":103,"column":3}}},"8":{"name":"(anonymous_8)","decl":{"start":{"line":108,"column":2},"end":{"line":108,"column":15}},"loc":{"start":{"line":108,"column":15},"end":{"line":111,"column":3}}},"9":{"name":"(anonymous_9)","decl":{"start":{"line":116,"column":2},"end":{"line":116,"column":14}},"loc":{"start":{"line":116,"column":29},"end":{"line":120,"column":3}}},"10":{"name":"(anonymous_10)","decl":{"start":{"line":125,"column":2},"end":{"line":125,"column":28}},"loc":{"start":{"line":125,"column":92},"end":{"line":128,"column":3}}},"11":{"name":"(anonymous_11)","decl":{"start":{"line":133,"column":2},"end":{"line":133,"column":24}},"loc":{"start":{"line":133,"column":48},"end":{"line":136,"column":3}}}},"branchMap":{"0":{"loc":{"start":{"line":30,"column":4},"end":{"line":30,"column":32}},"type":"default-arg","locations":[{"start":{"line":30,"column":30},"end":{"line":30,"column":32}}]}},"s":{"0":1,"1":1,"2":1,"3":1,"4":0,"5":0,"6":0,"7":0,"8":0,"9":0,"10":0,"11":0,"12":0,"13":0,"14":0,"15":0,"16":0,"17":0,"18":0,"19":0,"20":0,"21":0,"22":0,"23":0,"24":0,"25":0,"26":0,"27":0,"28":0,"29":0,"30":0,"31":0,"32":0,"33":0,"34":0,"35":0,"36":1},"f":{"0":0,"1":0,"2":0,"3":0,"4":0,"5":0,"6":0,"7":0,"8":0,"9":0,"10":0,"11":0},"b":{"0":[0]}}
,"D:\\credit-analys\\src\\domain\\entities\\customer-profile.entity.ts": {"path":"D:\\credit-analys\\src\\domain\\entities\\customer-profile.entity.ts","statementMap":{"0":{"start":{"line":1,"column":0},"end":{"line":1,"column":53}},"1":{"start":{"line":9,"column":13},"end":{"line":9,"column":29}},"2":{"start":{"line":11,"column":13},"end":{"line":11,"column":31}},"3":{"start":{"line":13,"column":13},"end":{"line":13,"column":27}},"4":{"start":{"line":15,"column":13},"end":{"line":15,"column":32}},"5":{"start":{"line":17,"column":13},"end":{"line":17,"column":40}},"6":{"start":{"line":19,"column":13},"end":{"line":19,"column":26}},"7":{"start":{"line":21,"column":4},"end":{"line":23,"column":5}},"8":{"start":{"line":22,"column":6},"end":{"line":22,"column":56}},"9":{"start":{"line":24,"column":4},"end":{"line":26,"column":5}},"10":{"start":{"line":25,"column":6},"end":{"line":25,"column":58}},"11":{"start":{"line":27,"column":4},"end":{"line":29,"column":5}},"12":{"start":{"line":28,"column":6},"end":{"line":28,"column":51}},"13":{"start":{"line":30,"column":4},"end":{"line":32,"column":5}},"14":{"start":{"line":31,"column":6},"end":{"line":31,"column":56}},"15":{"start":{"line":33,"column":4},"end":{"line":35,"column":5}},"16":{"start":{"line":34,"column":6},"end":{"line":34,"column":66}},"17":{"start":{"line":36,"column":4},"end":{"line":38,"column":5}},"18":{"start":{"line":37,"column":6},"end":{"line":37,"column":52}},"19":{"start":{"line":47,"column":4},"end":{"line":56,"column":5}},"20":{"start":{"line":49,"column":8},"end":{"line":49,"column":34}},"21":{"start":{"line":51,"column":8},"end":{"line":51,"column":62}},"22":{"start":{"line":53,"column":8},"end":{"line":53,"column":67}},"23":{"start":{"line":55,"column":8},"end":{"line":55,"column":21}},"24":{"start":{"line":6,"column":0},"end":{"line":6,"column":13}}},"fnMap":{"0":{"name":"(anonymous_0)","decl":{"start":{"line":7,"column":2},"end":{"line":7,"column":null}},"loc":{"start":{"line":19,"column":26},"end":{"line":39,"column":3}}},"1":{"name":"(anonymous_1)","decl":{"start":{"line":46,"column":2},"end":{"line":46,"column":20}},"loc":{"start":{"line":46,"column":37},"end":{"line":57,"column":3}}}},"branchMap":{"0":{"loc":{"start":{"line":21,"column":4},"end":{"line":23,"column":5}},"type":"if","locations":[{"start":{"line":21,"column":4},"end":{"line":23,"column":5}}]},"1":{"loc":{"start":{"line":24,"column":4},"end":{"line":26,"column":5}},"type":"if","locations":[{"start":{"line":24,"column":4},"end":{"line":26,"column":5}}]},"2":{"loc":{"start":{"line":27,"column":4},"end":{"line":29,"column":5}},"type":"if","locations":[{"start":{"line":27,"column":4},"end":{"line":29,"column":5}}]},"3":{"loc":{"start":{"line":30,"column":4},"end":{"line":32,"column":5}},"type":"if","locations":[{"start":{"line":30,"column":4},"end":{"line":32,"column":5}}]},"4":{"loc":{"start":{"line":33,"column":4},"end":{"line":35,"column":5}},"type":"if","locations":[{"start":{"line":33,"column":4},"end":{"line":35,"column":5}}]},"5":{"loc":{"start":{"line":36,"column":4},"end":{"line":38,"column":5}},"type":"if","locations":[{"start":{"line":36,"column":4},"end":{"line":38,"column":5}}]},"6":{"loc":{"start":{"line":47,"column":4},"end":{"line":56,"column":5}},"type":"switch","locations":[{"start":{"line":48,"column":6},"end":{"line":49,"column":34}},{"start":{"line":50,"column":6},"end":{"line":51,"column":62}},{"start":{"line":52,"column":6},"end":{"line":53,"column":67}},{"start":{"line":54,"column":6},"end":{"line":55,"column":21}}]},"7":{"loc":{"start":{"line":51,"column":15},"end":{"line":51,"column":61}},"type":"binary-expr","locations":[{"start":{"line":51,"column":15},"end":{"line":51,"column":34}},{"start":{"line":51,"column":38},"end":{"line":51,"column":61}}]},"8":{"loc":{"start":{"line":53,"column":15},"end":{"line":53,"column":66}},"type":"binary-expr","locations":[{"start":{"line":53,"column":15},"end":{"line":53,"column":34}},{"start":{"line":53,"column":38},"end":{"line":53,"column":66}}]}},"s":{"0":1,"1":0,"2":0,"3":0,"4":0,"5":0,"6":0,"7":0,"8":0,"9":0,"10":0,"11":0,"12":0,"13":0,"14":0,"15":0,"16":0,"17":0,"18":0,"19":0,"20":0,"21":0,"22":0,"23":0,"24":1},"f":{"0":0,"1":0},"b":{"0":[0],"1":[0],"2":[0],"3":[0],"4":[0],"5":[0],"6":[0,0,0,0],"7":[0,0],"8":[0,0]}}
,"D:\\credit-analys\\src\\domain\\enums\\benefit-activation-status.enum.ts": {"path":"D:\\credit-analys\\src\\domain\\enums\\benefit-activation-status.enum.ts","statementMap":{"0":{"start":{"line":1,"column":0},"end":{"line":1,"column":null}},"1":{"start":{"line":2,"column":2},"end":{"line":2,"column":null}},"2":{"start":{"line":3,"column":2},"end":{"line":3,"column":null}},"3":{"start":{"line":4,"column":2},"end":{"line":4,"column":null}},"4":{"start":{"line":5,"column":2},"end":{"line":5,"column":null}}},"fnMap":{"0":{"name":"(anonymous_0)","decl":{"start":{"line":1,"column":0},"end":{"line":1,"column":12}},"loc":{"start":{"line":1,"column":35},"end":{"line":6,"column":1}}}},"branchMap":{"0":{"loc":{"start":{"line":1,"column":12},"end":{"line":1,"column":null}},"type":"binary-expr","locations":[{"start":{"line":1,"column":12},"end":{"line":1,"column":35}},{"start":{"line":1,"column":35},"end":{"line":1,"column":null}}]}},"s":{"0":1,"1":1,"2":1,"3":1,"4":1},"f":{"0":1},"b":{"0":[1,1]}}
,"D:\\credit-analys\\src\\domain\\enums\\benefit-type.enum.ts": {"path":"D:\\credit-analys\\src\\domain\\enums\\benefit-type.enum.ts","statementMap":{"0":{"start":{"line":1,"column":0},"end":{"line":1,"column":null}},"1":{"start":{"line":2,"column":2},"end":{"line":2,"column":null}},"2":{"start":{"line":3,"column":2},"end":{"line":3,"column":null}},"3":{"start":{"line":4,"column":2},"end":{"line":4,"column":null}},"4":{"start":{"line":5,"column":2},"end":{"line":5,"column":null}}},"fnMap":{"0":{"name":"(anonymous_0)","decl":{"start":{"line":1,"column":0},"end":{"line":1,"column":12}},"loc":{"start":{"line":1,"column":23},"end":{"line":6,"column":1}}}},"branchMap":{"0":{"loc":{"start":{"line":1,"column":12},"end":{"line":1,"column":null}},"type":"binary-expr","locations":[{"start":{"line":1,"column":12},"end":{"line":1,"column":23}},{"start":{"line":1,"column":23},"end":{"line":1,"column":null}}]}},"s":{"0":1,"1":1,"2":1,"3":1,"4":1},"f":{"0":1},"b":{"0":[1,1]}}
,"D:\\credit-analys\\src\\domain\\enums\\card-creation-status.enum.ts": {"path":"D:\\credit-analys\\src\\domain\\enums\\card-creation-status.enum.ts","statementMap":{"0":{"start":{"line":1,"column":0},"end":{"line":1,"column":null}},"1":{"start":{"line":2,"column":2},"end":{"line":2,"column":null}},"2":{"start":{"line":3,"column":2},"end":{"line":3,"column":null}},"3":{"start":{"line":4,"column":2},"end":{"line":4,"column":null}},"4":{"start":{"line":5,"column":2},"end":{"line":5,"column":null}}},"fnMap":{"0":{"name":"(anonymous_0)","decl":{"start":{"line":1,"column":0},"end":{"line":1,"column":12}},"loc":{"start":{"line":1,"column":30},"end":{"line":6,"column":1}}}},"branchMap":{"0":{"loc":{"start":{"line":1,"column":12},"end":{"line":1,"column":null}},"type":"binary-expr","locations":[{"start":{"line":1,"column":12},"end":{"line":1,"column":30}},{"start":{"line":1,"column":30},"end":{"line":1,"column":null}}]}},"s":{"0":1,"1":1,"2":1,"3":1,"4":1},"f":{"0":1},"b":{"0":[1,1]}}
,"D:\\credit-analys\\src\\domain\\enums\\offer-type.enum.ts": {"path":"D:\\credit-analys\\src\\domain\\enums\\offer-type.enum.ts","statementMap":{"0":{"start":{"line":1,"column":0},"end":{"line":1,"column":null}},"1":{"start":{"line":2,"column":2},"end":{"line":2,"column":null}},"2":{"start":{"line":3,"column":2},"end":{"line":3,"column":null}},"3":{"start":{"line":4,"column":2},"end":{"line":4,"column":null}}},"fnMap":{"0":{"name":"(anonymous_0)","decl":{"start":{"line":1,"column":0},"end":{"line":1,"column":12}},"loc":{"start":{"line":1,"column":21},"end":{"line":5,"column":1}}}},"branchMap":{"0":{"loc":{"start":{"line":1,"column":12},"end":{"line":1,"column":null}},"type":"binary-expr","locations":[{"start":{"line":1,"column":12},"end":{"line":1,"column":21}},{"start":{"line":1,"column":21},"end":{"line":1,"column":null}}]}},"s":{"0":1,"1":1,"2":1,"3":1},"f":{"0":1},"b":{"0":[1,1]}}
,"D:\\credit-analys\\src\\domain\\enums\\proposal-status.enum.ts": {"path":"D:\\credit-analys\\src\\domain\\enums\\proposal-status.enum.ts","statementMap":{"0":{"start":{"line":1,"column":0},"end":{"line":1,"column":null}},"1":{"start":{"line":2,"column":2},"end":{"line":2,"column":null}},"2":{"start":{"line":3,"column":2},"end":{"line":3,"column":null}},"3":{"start":{"line":4,"column":2},"end":{"line":4,"column":null}},"4":{"start":{"line":5,"column":2},"end":{"line":5,"column":null}},"5":{"start":{"line":6,"column":2},"end":{"line":6,"column":null}},"6":{"start":{"line":7,"column":2},"end":{"line":7,"column":null}},"7":{"start":{"line":8,"column":2},"end":{"line":8,"column":null}}},"fnMap":{"0":{"name":"(anonymous_0)","decl":{"start":{"line":1,"column":0},"end":{"line":1,"column":12}},"loc":{"start":{"line":1,"column":26},"end":{"line":9,"column":1}}}},"branchMap":{"0":{"loc":{"start":{"line":1,"column":12},"end":{"line":1,"column":null}},"type":"binary-expr","locations":[{"start":{"line":1,"column":12},"end":{"line":1,"column":26}},{"start":{"line":1,"column":26},"end":{"line":1,"column":null}}]}},"s":{"0":1,"1":1,"2":1,"3":1,"4":1,"5":1,"6":1,"7":1},"f":{"0":1},"b":{"0":[1,1]}}
,"D:\\credit-analys\\src\\interfaces\\http\\assistant.controller.ts": {"path":"D:\\credit-analys\\src\\interfaces\\http\\assistant.controller.ts","statementMap":{"0":{"start":{"line":1,"column":0},"end":{"line":1,"column":56}},"1":{"start":{"line":2,"column":0},"end":{"line":2,"column":54}},"2":{"start":{"line":3,"column":0},"end":{"line":3,"column":91}},"3":{"start":{"line":6,"column":7},"end":{"line":13,"column":null}},"4":{"start":{"line":7,"column":31},"end":{"line":7,"column":53}},"5":{"start":{"line":11,"column":4},"end":{"line":11,"column":54}},"6":{"start":{"line":6,"column":13},"end":{"line":6,"column":32}},"7":{"start":{"line":10,"column":8},"end":{"line":12,"column":null}},"8":{"start":{"line":6,"column":13},"end":{"line":13,"column":null}}},"fnMap":{"0":{"name":"(anonymous_4)","decl":{"start":{"line":7,"column":2},"end":{"line":7,"column":31}},"loc":{"start":{"line":7,"column":73},"end":{"line":7,"column":77}}},"1":{"name":"(anonymous_5)","decl":{"start":{"line":10,"column":2},"end":{"line":10,"column":7}},"loc":{"start":{"line":10,"column":58},"end":{"line":12,"column":3}}}},"branchMap":{},"s":{"0":1,"1":1,"2":1,"3":1,"4":1,"5":1,"6":1,"7":1,"8":1},"f":{"0":1,"1":1},"b":{}}
,"D:\\credit-analys\\src\\interfaces\\http\\assistant.dto.ts": {"path":"D:\\credit-analys\\src\\interfaces\\http\\assistant.dto.ts","statementMap":{"0":{"start":{"line":1,"column":0},"end":{"line":1,"column":13}},"1":{"start":{"line":7,"column":0},"end":{"line":7,"column":13}}},"fnMap":{},"branchMap":{},"s":{"0":1,"1":1},"f":{},"b":{}}
}
