{"D:\\credit-analys\\src\\adapters\\inbound\\http\\controllers\\assistant.controller.ts": {"path":"D:\\credit-analys\\src\\adapters\\inbound\\http\\controllers\\assistant.controller.ts","statementMap":{"0":{"start":{"line":1,"column":0},"end":{"line":1,"column":64}},"1":{"start":{"line":2,"column":0},"end":{"line":2,"column":59}},"2":{"start":{"line":6,"column":7},"end":{"line":32,"column":null}},"3":{"start":{"line":9,"column":21},"end":{"line":9,"column":61}},"4":{"start":{"line":14,"column":4},"end":{"line":14,"column":51}},"5":{"start":{"line":19,"column":4},"end":{"line":22,"column":7}},"6":{"start":{"line":27,"column":4},"end":{"line":30,"column":7}},"7":{"start":{"line":6,"column":13},"end":{"line":6,"column":32}},"8":{"start":{"line":13,"column":8},"end":{"line":15,"column":null}},"9":{"start":{"line":18,"column":8},"end":{"line":23,"column":null}},"10":{"start":{"line":26,"column":8},"end":{"line":31,"column":null}},"11":{"start":{"line":6,"column":13},"end":{"line":32,"column":null}}},"fnMap":{"0":{"name":"(anonymous_4)","decl":{"start":{"line":7,"column":2},"end":{"line":7,"column":null}},"loc":{"start":{"line":9,"column":61},"end":{"line":10,"column":6}}},"1":{"name":"(anonymous_5)","decl":{"start":{"line":13,"column":2},"end":{"line":13,"column":7}},"loc":{"start":{"line":13,"column":58},"end":{"line":15,"column":3}}},"2":{"name":"(anonymous_6)","decl":{"start":{"line":18,"column":2},"end":{"line":18,"column":7}},"loc":{"start":{"line":18,"column":66},"end":{"line":23,"column":3}}},"3":{"name":"(anonymous_7)","decl":{"start":{"line":26,"column":2},"end":{"line":26,"column":7}},"loc":{"start":{"line":26,"column":68},"end":{"line":31,"column":3}}}},"branchMap":{},"s":{"0":1,"1":1,"2":1,"3":1,"4":1,"5":1,"6":1,"7":1,"8":1,"9":1,"10":1,"11":1},"f":{"0":1,"1":1,"2":1,"3":1},"b":{}}
,"D:\\credit-analys\\src\\adapters\\inbound\\http\\dto\\assistant.dto.ts": {"path":"D:\\credit-analys\\src\\adapters\\inbound\\http\\dto\\assistant.dto.ts","statementMap":{"0":{"start":{"line":1,"column":0},"end":{"line":1,"column":13}},"1":{"start":{"line":8,"column":0},"end":{"line":8,"column":13}}},"fnMap":{},"branchMap":{},"s":{"0":1,"1":1},"f":{},"b":{}}
,"D:\\credit-analys\\src\\adapters\\inbound\\http\\services\\proposal.service.ts": {"path":"D:\\credit-analys\\src\\adapters\\inbound\\http\\services\\proposal.service.ts","statementMap":{"0":{"start":{"line":1,"column":0},"end":{"line":1,"column":92}},"1":{"start":{"line":2,"column":0},"end":{"line":2,"column":122}},"2":{"start":{"line":3,"column":0},"end":{"line":3,"column":106}},"3":{"start":{"line":4,"column":0},"end":{"line":4,"column":97}},"4":{"start":{"line":5,"column":0},"end":{"line":5,"column":120}},"5":{"start":{"line":6,"column":0},"end":{"line":6,"column":111}},"6":{"start":{"line":7,"column":0},"end":{"line":7,"column":99}},"7":{"start":{"line":8,"column":0},"end":{"line":8,"column":106}},"8":{"start":{"line":9,"column":0},"end":{"line":9,"column":103}},"9":{"start":{"line":10,"column":0},"end":{"line":10,"column":126}},"10":{"start":{"line":14,"column":0},"end":{"line":14,"column":81}},"11":{"start":{"line":18,"column":7},"end":{"line":138,"column":null}},"12":{"start":{"line":20,"column":21},"end":{"line":20,"column":44}},"13":{"start":{"line":21,"column":21},"end":{"line":21,"column":54}},"14":{"start":{"line":22,"column":21},"end":{"line":22,"column":54}},"15":{"start":{"line":23,"column":21},"end":{"line":23,"column":44}},"16":{"start":{"line":24,"column":21},"end":{"line":24,"column":47}},"17":{"start":{"line":25,"column":21},"end":{"line":25,"column":46}},"18":{"start":{"line":26,"column":21},"end":{"line":26,"column":47}},"19":{"start":{"line":27,"column":21},"end":{"line":27,"column":43}},"20":{"start":{"line":28,"column":21},"end":{"line":28,"column":57}},"21":{"start":{"line":29,"column":55},"end":{"line":29,"column":85}},"22":{"start":{"line":33,"column":4},"end":{"line":38,"column":5}},"23":{"start":{"line":34,"column":23},"end":{"line":34,"column":72}},"24":{"start":{"line":35,"column":6},"end":{"line":35,"column":53}},"25":{"start":{"line":37,"column":6},"end":{"line":37,"column":41}},"26":{"start":{"line":42,"column":4},"end":{"line":46,"column":5}},"27":{"start":{"line":43,"column":6},"end":{"line":43,"column":76}},"28":{"start":{"line":45,"column":6},"end":{"line":45,"column":41}},"29":{"start":{"line":50,"column":4},"end":{"line":54,"column":5}},"30":{"start":{"line":51,"column":6},"end":{"line":51,"column":94}},"31":{"start":{"line":53,"column":6},"end":{"line":53,"column":41}},"32":{"start":{"line":58,"column":4},"end":{"line":62,"column":5}},"33":{"start":{"line":59,"column":6},"end":{"line":59,"column":66}},"34":{"start":{"line":61,"column":6},"end":{"line":61,"column":41}},"35":{"start":{"line":66,"column":4},"end":{"line":70,"column":5}},"36":{"start":{"line":67,"column":6},"end":{"line":67,"column":69}},"37":{"start":{"line":69,"column":6},"end":{"line":69,"column":41}},"38":{"start":{"line":74,"column":4},"end":{"line":78,"column":5}},"39":{"start":{"line":75,"column":6},"end":{"line":75,"column":68}},"40":{"start":{"line":77,"column":6},"end":{"line":77,"column":41}},"41":{"start":{"line":82,"column":4},"end":{"line":82,"column":61}},"42":{"start":{"line":86,"column":22},"end":{"line":86,"column":63}},"43":{"start":{"line":87,"column":4},"end":{"line":94,"column":8}},"44":{"start":{"line":87,"column":40},"end":{"line":94,"column":6}},"45":{"start":{"line":98,"column":4},"end":{"line":102,"column":5}},"46":{"start":{"line":99,"column":6},"end":{"line":99,"column":79}},"47":{"start":{"line":101,"column":6},"end":{"line":101,"column":41}},"48":{"start":{"line":106,"column":4},"end":{"line":108,"column":5}},"49":{"start":{"line":107,"column":6},"end":{"line":107,"column":18}},"50":{"start":{"line":110,"column":4},"end":{"line":112,"column":5}},"51":{"start":{"line":111,"column":6},"end":{"line":111,"column":49}},"52":{"start":{"line":114,"column":4},"end":{"line":114,"column":49}},"53":{"start":{"line":118,"column":4},"end":{"line":136,"column":6}},"54":{"start":{"line":18,"column":13},"end":{"line":18,"column":28}},"55":{"start":{"line":18,"column":13},"end":{"line":138,"column":null}}},"fnMap":{"0":{"name":"(anonymous_4)","decl":{"start":{"line":19,"column":2},"end":{"line":19,"column":null}},"loc":{"start":{"line":29,"column":85},"end":{"line":30,"column":6}}},"1":{"name":"(anonymous_5)","decl":{"start":{"line":32,"column":2},"end":{"line":32,"column":7}},"loc":{"start":{"line":32,"column":53},"end":{"line":39,"column":3}}},"2":{"name":"(anonymous_6)","decl":{"start":{"line":41,"column":2},"end":{"line":41,"column":7}},"loc":{"start":{"line":41,"column":40},"end":{"line":47,"column":3}}},"3":{"name":"(anonymous_7)","decl":{"start":{"line":49,"column":2},"end":{"line":49,"column":7}},"loc":{"start":{"line":49,"column":76},"end":{"line":55,"column":3}}},"4":{"name":"(anonymous_8)","decl":{"start":{"line":57,"column":2},"end":{"line":57,"column":7}},"loc":{"start":{"line":57,"column":41},"end":{"line":63,"column":3}}},"5":{"name":"(anonymous_9)","decl":{"start":{"line":65,"column":2},"end":{"line":65,"column":7}},"loc":{"start":{"line":65,"column":44},"end":{"line":71,"column":3}}},"6":{"name":"(anonymous_10)","decl":{"start":{"line":73,"column":2},"end":{"line":73,"column":7}},"loc":{"start":{"line":73,"column":43},"end":{"line":79,"column":3}}},"7":{"name":"(anonymous_11)","decl":{"start":{"line":81,"column":2},"end":{"line":81,"column":7}},"loc":{"start":{"line":81,"column":44},"end":{"line":83,"column":3}}},"8":{"name":"(anonymous_12)","decl":{"start":{"line":85,"column":2},"end":{"line":85,"column":7}},"loc":{"start":{"line":85,"column":21},"end":{"line":95,"column":3}}},"9":{"name":"(anonymous_13)","decl":{"start":{"line":87,"column":25},"end":{"line":87,"column":26}},"loc":{"start":{"line":87,"column":40},"end":{"line":94,"column":6}}},"10":{"name":"(anonymous_14)","decl":{"start":{"line":97,"column":2},"end":{"line":97,"column":7}},"loc":{"start":{"line":97,"column":42},"end":{"line":103,"column":3}}},"11":{"name":"(anonymous_15)","decl":{"start":{"line":105,"column":10},"end":{"line":105,"column":32}},"loc":{"start":{"line":105,"column":47},"end":{"line":115,"column":3}}},"12":{"name":"(anonymous_16)","decl":{"start":{"line":117,"column":10},"end":{"line":117,"column":34}},"loc":{"start":{"line":117,"column":63},"end":{"line":137,"column":3}}}},"branchMap":{"0":{"loc":{"start":{"line":106,"column":4},"end":{"line":108,"column":5}},"type":"if","locations":[{"start":{"line":106,"column":4},"end":{"line":108,"column":5}}]},"1":{"loc":{"start":{"line":110,"column":4},"end":{"line":112,"column":5}},"type":"if","locations":[{"start":{"line":110,"column":4},"end":{"line":112,"column":5}}]}},"s":{"0":1,"1":1,"2":1,"3":1,"4":1,"5":1,"6":1,"7":1,"8":1,"9":1,"10":1,"11":1,"12":1,"13":1,"14":1,"15":1,"16":1,"17":1,"18":1,"19":1,"20":1,"21":1,"22":1,"23":1,"24":1,"25":0,"26":1,"27":1,"28":1,"29":0,"30":0,"31":0,"32":1,"33":1,"34":1,"35":0,"36":0,"37":0,"38":0,"39":0,"40":0,"41":0,"42":1,"43":1,"44":1,"45":0,"46":0,"47":0,"48":2,"49":0,"50":2,"51":1,"52":1,"53":1,"54":1,"55":1},"f":{"0":1,"1":1,"2":1,"3":0,"4":1,"5":0,"6":0,"7":0,"8":1,"9":1,"10":0,"11":2,"12":1},"b":{"0":[0],"1":[1]}}
,"D:\\credit-analys\\src\\application\\services\\ai-assistant.service.ts": {"path":"D:\\credit-analys\\src\\application\\services\\ai-assistant.service.ts","statementMap":{"0":{"start":{"line":1,"column":0},"end":{"line":1,"column":52}},"1":{"start":{"line":9,"column":7},"end":{"line":18,"column":null}},"2":{"start":{"line":12,"column":21},"end":{"line":12,"column":53}},"3":{"start":{"line":16,"column":4},"end":{"line":16,"column":69}},"4":{"start":{"line":9,"column":13},"end":{"line":9,"column":31}},"5":{"start":{"line":9,"column":13},"end":{"line":18,"column":null}}},"fnMap":{"0":{"name":"(anonymous_4)","decl":{"start":{"line":10,"column":2},"end":{"line":10,"column":null}},"loc":{"start":{"line":12,"column":53},"end":{"line":13,"column":6}}},"1":{"name":"(anonymous_5)","decl":{"start":{"line":15,"column":2},"end":{"line":15,"column":7}},"loc":{"start":{"line":15,"column":51},"end":{"line":17,"column":3}}}},"branchMap":{},"s":{"0":2,"1":2,"2":0,"3":0,"4":2,"5":2},"f":{"0":0,"1":0},"b":{}}
,"D:\\credit-analys\\src\\application\\services\\outbox-event.publisher.ts": {"path":"D:\\credit-analys\\src\\application\\services\\outbox-event.publisher.ts","statementMap":{"0":{"start":{"line":1,"column":0},"end":{"line":1,"column":52}},"1":{"start":{"line":6,"column":7},"end":{"line":15,"column":null}},"2":{"start":{"line":9,"column":21},"end":{"line":9,"column":54}},"3":{"start":{"line":13,"column":4},"end":{"line":13,"column":38}},"4":{"start":{"line":6,"column":13},"end":{"line":6,"column":33}},"5":{"start":{"line":6,"column":13},"end":{"line":15,"column":null}}},"fnMap":{"0":{"name":"(anonymous_4)","decl":{"start":{"line":7,"column":2},"end":{"line":7,"column":null}},"loc":{"start":{"line":9,"column":54},"end":{"line":10,"column":6}}},"1":{"name":"(anonymous_5)","decl":{"start":{"line":12,"column":2},"end":{"line":12,"column":7}},"loc":{"start":{"line":12,"column":34},"end":{"line":14,"column":3}}}},"branchMap":{},"s":{"0":6,"1":6,"2":6,"3":0,"4":6,"5":6},"f":{"0":6,"1":0},"b":{}}
,"D:\\credit-analys\\src\\application\\use-cases\\activate-benefits.use-case.ts": {"path":"D:\\credit-analys\\src\\application\\use-cases\\activate-benefits.use-case.ts","statementMap":{"0":{"start":{"line":5,"column":0},"end":{"line":5,"column":92}},"1":{"start":{"line":6,"column":0},"end":{"line":6,"column":82}},"2":{"start":{"line":7,"column":0},"end":{"line":7,"column":73}},"3":{"start":{"line":11,"column":21},"end":{"line":11,"column":51}},"4":{"start":{"line":12,"column":21},"end":{"line":12,"column":47}},"5":{"start":{"line":13,"column":21},"end":{"line":13,"column":58}},"6":{"start":{"line":17,"column":21},"end":{"line":17,"column":63}},"7":{"start":{"line":18,"column":4},"end":{"line":20,"column":5}},"8":{"start":{"line":19,"column":6},"end":{"line":19,"column":58}},"9":{"start":{"line":22,"column":4},"end":{"line":24,"column":5}},"10":{"start":{"line":23,"column":6},"end":{"line":23,"column":94}},"11":{"start":{"line":26,"column":4},"end":{"line":28,"column":5}},"12":{"start":{"line":27,"column":6},"end":{"line":27,"column":81}},"13":{"start":{"line":30,"column":30},"end":{"line":44,"column":null}},"14":{"start":{"line":32,"column":23},"end":{"line":36,"column":10}},"15":{"start":{"line":38,"column":8},"end":{"line":41,"column":10}},"16":{"start":{"line":43,"column":8},"end":{"line":43,"column":22}},"17":{"start":{"line":47,"column":25},"end":{"line":47,"column":76}},"18":{"start":{"line":47,"column":61},"end":{"line":47,"column":75}},"19":{"start":{"line":48,"column":4},"end":{"line":50,"column":5}},"20":{"start":{"line":49,"column":6},"end":{"line":49,"column":31}},"21":{"start":{"line":52,"column":4},"end":{"line":52,"column":41}},"22":{"start":{"line":53,"column":4},"end":{"line":65,"column":7}},"23":{"start":{"line":58,"column":62},"end":{"line":62,"column":10}},"24":{"start":{"line":67,"column":4},"end":{"line":72,"column":6}},"25":{"start":{"line":9,"column":0},"end":{"line":9,"column":13}}},"fnMap":{"0":{"name":"(anonymous_0)","decl":{"start":{"line":10,"column":2},"end":{"line":10,"column":null}},"loc":{"start":{"line":13,"column":58},"end":{"line":14,"column":6}}},"1":{"name":"(anonymous_1)","decl":{"start":{"line":16,"column":2},"end":{"line":16,"column":7}},"loc":{"start":{"line":16,"column":34},"end":{"line":73,"column":3}}},"2":{"name":"(anonymous_2)","decl":{"start":{"line":31,"column":45},"end":{"line":31,"column":50}},"loc":{"start":{"line":31,"column":63},"end":{"line":44,"column":7}}},"3":{"name":"(anonymous_3)","decl":{"start":{"line":47,"column":49},"end":{"line":47,"column":50}},"loc":{"start":{"line":47,"column":61},"end":{"line":47,"column":75}}},"4":{"name":"(anonymous_4)","decl":{"start":{"line":58,"column":49},"end":{"line":58,"column":50}},"loc":{"start":{"line":58,"column":62},"end":{"line":62,"column":10}}}},"branchMap":{"0":{"loc":{"start":{"line":18,"column":4},"end":{"line":20,"column":5}},"type":"if","locations":[{"start":{"line":18,"column":4},"end":{"line":20,"column":5}}]},"1":{"loc":{"start":{"line":22,"column":4},"end":{"line":24,"column":5}},"type":"if","locations":[{"start":{"line":22,"column":4},"end":{"line":24,"column":5}}]},"2":{"loc":{"start":{"line":26,"column":4},"end":{"line":28,"column":5}},"type":"if","locations":[{"start":{"line":26,"column":4},"end":{"line":28,"column":5}}]},"3":{"loc":{"start":{"line":40,"column":10},"end":{"line":40,"column":93}},"type":"cond-expr","locations":[{"start":{"line":40,"column":27},"end":{"line":40,"column":60}},{"start":{"line":40,"column":63},"end":{"line":40,"column":93}}]},"4":{"loc":{"start":{"line":48,"column":4},"end":{"line":50,"column":5}},"type":"if","locations":[{"start":{"line":48,"column":4},"end":{"line":50,"column":5}}]}},"s":{"0":3,"1":3,"2":3,"3":4,"4":4,"5":4,"6":3,"7":3,"8":0,"9":3,"10":1,"11":2,"12":0,"13":2,"14":3,"15":3,"16":3,"17":2,"18":3,"19":2,"20":1,"21":2,"22":2,"23":3,"24":2,"25":3},"f":{"0":4,"1":3,"2":3,"3":3,"4":3},"b":{"0":[0],"1":[1],"2":[0],"3":[2,1],"4":[1]}}
,"D:\\credit-analys\\src\\application\\use-cases\\chat-assistant.use-case.ts": {"path":"D:\\credit-analys\\src\\application\\use-cases\\chat-assistant.use-case.ts","statementMap":{"0":{"start":{"line":1,"column":0},"end":{"line":1,"column":52}},"1":{"start":{"line":4,"column":0},"end":{"line":4,"column":90}},"2":{"start":{"line":5,"column":0},"end":{"line":5,"column":74}},"3":{"start":{"line":6,"column":0},"end":{"line":6,"column":65}},"4":{"start":{"line":7,"column":0},"end":{"line":7,"column":88}},"5":{"start":{"line":8,"column":0},"end":{"line":8,"column":79}},"6":{"start":{"line":9,"column":0},"end":{"line":9,"column":67}},"7":{"start":{"line":10,"column":0},"end":{"line":10,"column":74}},"8":{"start":{"line":11,"column":0},"end":{"line":11,"column":71}},"9":{"start":{"line":12,"column":0},"end":{"line":12,"column":94}},"10":{"start":{"line":14,"column":0},"end":{"line":14,"column":75}},"11":{"start":{"line":25,"column":55},"end":{"line":71,"column":2}},"12":{"start":{"line":73,"column":56},"end":{"line":74,"column":null}},"13":{"start":{"line":74,"column":2},"end":{"line":74,"column":77}},"14":{"start":{"line":77,"column":65},"end":{"line":87,"column":null}},"15":{"start":{"line":78,"column":2},"end":{"line":87,"column":23}},"16":{"start":{"line":91,"column":7},"end":{"line":486,"column":null}},"17":{"start":{"line":93,"column":21},"end":{"line":93,"column":44}},"18":{"start":{"line":94,"column":21},"end":{"line":94,"column":54}},"19":{"start":{"line":95,"column":21},"end":{"line":95,"column":54}},"20":{"start":{"line":96,"column":21},"end":{"line":96,"column":44}},"21":{"start":{"line":97,"column":21},"end":{"line":97,"column":47}},"22":{"start":{"line":98,"column":21},"end":{"line":98,"column":46}},"23":{"start":{"line":99,"column":21},"end":{"line":99,"column":47}},"24":{"start":{"line":100,"column":21},"end":{"line":100,"column":43}},"25":{"start":{"line":101,"column":21},"end":{"line":101,"column":57}},"26":{"start":{"line":103,"column":21},"end":{"line":103,"column":67}},"27":{"start":{"line":107,"column":21},"end":{"line":107,"column":50}},"28":{"start":{"line":108,"column":27},"end":{"line":108,"column":59}},"29":{"start":{"line":109,"column":52},"end":{"line":115,"column":6}},"30":{"start":{"line":117,"column":24},"end":{"line":117,"column":87}},"31":{"start":{"line":118,"column":4},"end":{"line":123,"column":5}},"32":{"start":{"line":119,"column":6},"end":{"line":122,"column":8}},"33":{"start":{"line":125,"column":4},"end":{"line":130,"column":5}},"34":{"start":{"line":125,"column":39},"end":{"line":125,"column":73}},"35":{"start":{"line":126,"column":6},"end":{"line":129,"column":8}},"36":{"start":{"line":132,"column":4},"end":{"line":162,"column":5}},"37":{"start":{"line":133,"column":25},"end":{"line":137,"column":null}},"38":{"start":{"line":140,"column":6},"end":{"line":148,"column":8}},"39":{"start":{"line":150,"column":22},"end":{"line":150,"column":93}},"40":{"start":{"line":151,"column":6},"end":{"line":157,"column":7}},"41":{"start":{"line":152,"column":8},"end":{"line":156,"column":10}},"42":{"start":{"line":158,"column":6},"end":{"line":161,"column":8}},"43":{"start":{"line":170,"column":27},"end":{"line":170,"column":59}},"44":{"start":{"line":171,"column":4},"end":{"line":176,"column":5}},"45":{"start":{"line":171,"column":39},"end":{"line":171,"column":61}},"46":{"start":{"line":172,"column":6},"end":{"line":175,"column":8}},"47":{"start":{"line":178,"column":4},"end":{"line":195,"column":5}},"48":{"start":{"line":179,"column":25},"end":{"line":179,"column":125}},"49":{"start":{"line":180,"column":6},"end":{"line":188,"column":8}},"50":{"start":{"line":190,"column":22},"end":{"line":190,"column":93}},"51":{"start":{"line":191,"column":6},"end":{"line":194,"column":8}},"52":{"start":{"line":199,"column":4},"end":{"line":206,"column":5}},"53":{"start":{"line":201,"column":8},"end":{"line":201,"column":41}},"54":{"start":{"line":203,"column":8},"end":{"line":203,"column":50}},"55":{"start":{"line":205,"column":8},"end":{"line":205,"column":40}},"56":{"start":{"line":210,"column":4},"end":{"line":212,"column":5}},"57":{"start":{"line":211,"column":6},"end":{"line":211,"column":164}},"58":{"start":{"line":213,"column":4},"end":{"line":215,"column":5}},"59":{"start":{"line":214,"column":6},"end":{"line":214,"column":182}},"60":{"start":{"line":216,"column":4},"end":{"line":216,"column":68}},"61":{"start":{"line":225,"column":24},"end":{"line":225,"column":77}},"62":{"start":{"line":226,"column":4},"end":{"line":250,"column":5}},"63":{"start":{"line":228,"column":8},"end":{"line":228,"column":71}},"64":{"start":{"line":230,"column":8},"end":{"line":230,"column":50}},"65":{"start":{"line":232,"column":8},"end":{"line":232,"column":42}},"66":{"start":{"line":234,"column":8},"end":{"line":234,"column":52}},"67":{"start":{"line":236,"column":8},"end":{"line":236,"column":100}},"68":{"start":{"line":238,"column":8},"end":{"line":238,"column":53}},"69":{"start":{"line":240,"column":8},"end":{"line":240,"column":56}},"70":{"start":{"line":242,"column":8},"end":{"line":242,"column":55}},"71":{"start":{"line":244,"column":8},"end":{"line":244,"column":54}},"72":{"start":{"line":246,"column":8},"end":{"line":249,"column":10}},"73":{"start":{"line":254,"column":29},"end":{"line":254,"column":60}},"74":{"start":{"line":255,"column":31},"end":{"line":255,"column":71}},"75":{"start":{"line":256,"column":79},"end":{"line":259,"column":6}},"76":{"start":{"line":261,"column":23},"end":{"line":261,"column":74}},"77":{"start":{"line":262,"column":30},"end":{"line":262,"column":101}},"78":{"start":{"line":263,"column":23},"end":{"line":263,"column":112}},"79":{"start":{"line":265,"column":32},"end":{"line":272,"column":82}},"80":{"start":{"line":272,"column":22},"end":{"line":272,"column":81}},"81":{"start":{"line":274,"column":4},"end":{"line":279,"column":5}},"82":{"start":{"line":275,"column":6},"end":{"line":278,"column":8}},"83":{"start":{"line":281,"column":4},"end":{"line":286,"column":5}},"84":{"start":{"line":282,"column":6},"end":{"line":285,"column":8}},"85":{"start":{"line":288,"column":4},"end":{"line":293,"column":5}},"86":{"start":{"line":289,"column":6},"end":{"line":292,"column":8}},"87":{"start":{"line":295,"column":43},"end":{"line":307,"column":6}},"88":{"start":{"line":309,"column":19},"end":{"line":309,"column":68}},"89":{"start":{"line":310,"column":4},"end":{"line":313,"column":6}},"90":{"start":{"line":317,"column":4},"end":{"line":322,"column":5}},"91":{"start":{"line":318,"column":6},"end":{"line":321,"column":8}},"92":{"start":{"line":324,"column":19},"end":{"line":324,"column":74}},"93":{"start":{"line":325,"column":4},"end":{"line":330,"column":5}},"94":{"start":{"line":326,"column":6},"end":{"line":329,"column":8}},"95":{"start":{"line":332,"column":4},"end":{"line":335,"column":6}},"96":{"start":{"line":339,"column":4},"end":{"line":344,"column":5}},"97":{"start":{"line":340,"column":6},"end":{"line":343,"column":8}},"98":{"start":{"line":346,"column":19},"end":{"line":346,"column":81}},"99":{"start":{"line":347,"column":4},"end":{"line":352,"column":6}},"100":{"start":{"line":356,"column":4},"end":{"line":361,"column":5}},"101":{"start":{"line":357,"column":6},"end":{"line":360,"column":8}},"102":{"start":{"line":363,"column":4},"end":{"line":368,"column":5}},"103":{"start":{"line":364,"column":6},"end":{"line":367,"column":8}},"104":{"start":{"line":370,"column":19},"end":{"line":370,"column":99}},"105":{"start":{"line":371,"column":4},"end":{"line":376,"column":6}},"106":{"start":{"line":380,"column":4},"end":{"line":385,"column":5}},"107":{"start":{"line":381,"column":6},"end":{"line":384,"column":8}},"108":{"start":{"line":387,"column":19},"end":{"line":387,"column":71}},"109":{"start":{"line":388,"column":4},"end":{"line":391,"column":6}},"110":{"start":{"line":395,"column":4},"end":{"line":400,"column":5}},"111":{"start":{"line":396,"column":6},"end":{"line":399,"column":8}},"112":{"start":{"line":402,"column":19},"end":{"line":402,"column":74}},"113":{"start":{"line":403,"column":4},"end":{"line":406,"column":6}},"114":{"start":{"line":410,"column":4},"end":{"line":415,"column":5}},"115":{"start":{"line":411,"column":6},"end":{"line":414,"column":8}},"116":{"start":{"line":417,"column":19},"end":{"line":417,"column":73}},"117":{"start":{"line":418,"column":4},"end":{"line":423,"column":6}},"118":{"start":{"line":427,"column":4},"end":{"line":432,"column":5}},"119":{"start":{"line":428,"column":6},"end":{"line":431,"column":8}},"120":{"start":{"line":434,"column":19},"end":{"line":434,"column":84}},"121":{"start":{"line":435,"column":4},"end":{"line":440,"column":5}},"122":{"start":{"line":436,"column":6},"end":{"line":439,"column":8}},"123":{"start":{"line":442,"column":4},"end":{"line":445,"column":6}},"124":{"start":{"line":449,"column":19},"end":{"line":449,"column":60}},"125":{"start":{"line":450,"column":4},"end":{"line":462,"column":6}},"126":{"start":{"line":454,"column":38},"end":{"line":461,"column":8}},"127":{"start":{"line":466,"column":4},"end":{"line":484,"column":6}},"128":{"start":{"line":91,"column":13},"end":{"line":91,"column":33}},"129":{"start":{"line":91,"column":13},"end":{"line":486,"column":null}}},"fnMap":{"0":{"name":"(anonymous_4)","decl":{"start":{"line":73,"column":88},"end":{"line":73,"column":89}},"loc":{"start":{"line":74,"column":2},"end":{"line":74,"column":77}}},"1":{"name":"(anonymous_5)","decl":{"start":{"line":77,"column":97},"end":{"line":77,"column":98}},"loc":{"start":{"line":78,"column":2},"end":{"line":87,"column":23}}},"2":{"name":"(anonymous_6)","decl":{"start":{"line":92,"column":2},"end":{"line":92,"column":null}},"loc":{"start":{"line":103,"column":67},"end":{"line":104,"column":6}}},"3":{"name":"(anonymous_7)","decl":{"start":{"line":106,"column":2},"end":{"line":106,"column":7}},"loc":{"start":{"line":106,"column":45},"end":{"line":163,"column":3}}},"4":{"name":"(anonymous_8)","decl":{"start":{"line":125,"column":29},"end":{"line":125,"column":30}},"loc":{"start":{"line":125,"column":39},"end":{"line":125,"column":73}}},"5":{"name":"(anonymous_9)","decl":{"start":{"line":165,"column":2},"end":{"line":165,"column":7}},"loc":{"start":{"line":168,"column":53},"end":{"line":196,"column":3}}},"6":{"name":"(anonymous_10)","decl":{"start":{"line":171,"column":29},"end":{"line":171,"column":30}},"loc":{"start":{"line":171,"column":39},"end":{"line":171,"column":61}}},"7":{"name":"(anonymous_11)","decl":{"start":{"line":198,"column":10},"end":{"line":198,"column":27}},"loc":{"start":{"line":198,"column":55},"end":{"line":207,"column":3}}},"8":{"name":"(anonymous_12)","decl":{"start":{"line":209,"column":10},"end":{"line":209,"column":35}},"loc":{"start":{"line":209,"column":81},"end":{"line":217,"column":3}}},"9":{"name":"(anonymous_13)","decl":{"start":{"line":219,"column":10},"end":{"line":219,"column":15}},"loc":{"start":{"line":223,"column":47},"end":{"line":251,"column":3}}},"10":{"name":"(anonymous_14)","decl":{"start":{"line":253,"column":10},"end":{"line":253,"column":15}},"loc":{"start":{"line":253,"column":116},"end":{"line":314,"column":3}}},"11":{"name":"(anonymous_15)","decl":{"start":{"line":272,"column":11},"end":{"line":272,"column":12}},"loc":{"start":{"line":272,"column":22},"end":{"line":272,"column":81}}},"12":{"name":"(anonymous_16)","decl":{"start":{"line":316,"column":10},"end":{"line":316,"column":15}},"loc":{"start":{"line":316,"column":53},"end":{"line":336,"column":3}}},"13":{"name":"(anonymous_17)","decl":{"start":{"line":338,"column":10},"end":{"line":338,"column":15}},"loc":{"start":{"line":338,"column":55},"end":{"line":353,"column":3}}},"14":{"name":"(anonymous_18)","decl":{"start":{"line":355,"column":10},"end":{"line":355,"column":15}},"loc":{"start":{"line":355,"column":92},"end":{"line":377,"column":3}}},"15":{"name":"(anonymous_19)","decl":{"start":{"line":379,"column":10},"end":{"line":379,"column":15}},"loc":{"start":{"line":379,"column":56},"end":{"line":392,"column":3}}},"16":{"name":"(anonymous_20)","decl":{"start":{"line":394,"column":10},"end":{"line":394,"column":15}},"loc":{"start":{"line":394,"column":59},"end":{"line":407,"column":3}}},"17":{"name":"(anonymous_21)","decl":{"start":{"line":409,"column":10},"end":{"line":409,"column":15}},"loc":{"start":{"line":409,"column":58},"end":{"line":424,"column":3}}},"18":{"name":"(anonymous_22)","decl":{"start":{"line":426,"column":10},"end":{"line":426,"column":15}},"loc":{"start":{"line":426,"column":57},"end":{"line":446,"column":3}}},"19":{"name":"(anonymous_23)","decl":{"start":{"line":448,"column":10},"end":{"line":448,"column":15}},"loc":{"start":{"line":448,"column":35},"end":{"line":463,"column":3}}},"20":{"name":"(anonymous_24)","decl":{"start":{"line":454,"column":23},"end":{"line":454,"column":24}},"loc":{"start":{"line":454,"column":38},"end":{"line":461,"column":8}}},"21":{"name":"(anonymous_25)","decl":{"start":{"line":465,"column":10},"end":{"line":465,"column":34}},"loc":{"start":{"line":465,"column":63},"end":{"line":485,"column":3}}}},"branchMap":{"0":{"loc":{"start":{"line":107,"column":21},"end":{"line":107,"column":50}},"type":"binary-expr","locations":[{"start":{"line":107,"column":21},"end":{"line":107,"column":37}},{"start":{"line":107,"column":41},"end":{"line":107,"column":50}}]},"1":{"loc":{"start":{"line":118,"column":4},"end":{"line":123,"column":5}},"type":"if","locations":[{"start":{"line":118,"column":4},"end":{"line":123,"column":5}}]},"2":{"loc":{"start":{"line":118,"column":8},"end":{"line":118,"column":64}},"type":"binary-expr","locations":[{"start":{"line":118,"column":8},"end":{"line":118,"column":29}},{"start":{"line":118,"column":33},"end":{"line":118,"column":64}}]},"3":{"loc":{"start":{"line":125,"column":4},"end":{"line":130,"column":5}},"type":"if","locations":[{"start":{"line":125,"column":4},"end":{"line":130,"column":5}}]},"4":{"loc":{"start":{"line":146,"column":23},"end":{"line":146,"column":56}},"type":"binary-expr","locations":[{"start":{"line":146,"column":23},"end":{"line":146,"column":41}},{"start":{"line":146,"column":45},"end":{"line":146,"column":56}}]},"5":{"loc":{"start":{"line":150,"column":22},"end":{"line":150,"column":93}},"type":"cond-expr","locations":[{"start":{"line":150,"column":47},"end":{"line":150,"column":60}},{"start":{"line":150,"column":63},"end":{"line":150,"column":93}}]},"6":{"loc":{"start":{"line":151,"column":6},"end":{"line":157,"column":7}},"type":"if","locations":[{"start":{"line":151,"column":6},"end":{"line":157,"column":7}}]},"7":{"loc":{"start":{"line":168,"column":4},"end":{"line":168,"column":53}},"type":"default-arg","locations":[{"start":{"line":168,"column":34},"end":{"line":168,"column":53}}]},"8":{"loc":{"start":{"line":171,"column":4},"end":{"line":176,"column":5}},"type":"if","locations":[{"start":{"line":171,"column":4},"end":{"line":176,"column":5}}]},"9":{"loc":{"start":{"line":186,"column":24},"end":{"line":186,"column":71}},"type":"binary-expr","locations":[{"start":{"line":186,"column":24},"end":{"line":186,"column":56}},{"start":{"line":186,"column":60},"end":{"line":186,"column":71}}]},"10":{"loc":{"start":{"line":190,"column":22},"end":{"line":190,"column":93}},"type":"cond-expr","locations":[{"start":{"line":190,"column":47},"end":{"line":190,"column":60}},{"start":{"line":190,"column":63},"end":{"line":190,"column":93}}]},"11":{"loc":{"start":{"line":199,"column":4},"end":{"line":206,"column":5}},"type":"switch","locations":[{"start":{"line":200,"column":6},"end":{"line":201,"column":41}},{"start":{"line":202,"column":6},"end":{"line":203,"column":50}},{"start":{"line":204,"column":6},"end":{"line":205,"column":40}}]},"12":{"loc":{"start":{"line":210,"column":4},"end":{"line":212,"column":5}},"type":"if","locations":[{"start":{"line":210,"column":4},"end":{"line":212,"column":5}}]},"13":{"loc":{"start":{"line":213,"column":4},"end":{"line":215,"column":5}},"type":"if","locations":[{"start":{"line":213,"column":4},"end":{"line":215,"column":5}}]},"14":{"loc":{"start":{"line":225,"column":24},"end":{"line":225,"column":77}},"type":"binary-expr","locations":[{"start":{"line":225,"column":24},"end":{"line":225,"column":55}},{"start":{"line":225,"column":59},"end":{"line":225,"column":77}}]},"15":{"loc":{"start":{"line":226,"column":4},"end":{"line":250,"column":5}},"type":"switch","locations":[{"start":{"line":227,"column":6},"end":{"line":228,"column":71}},{"start":{"line":229,"column":6},"end":{"line":230,"column":50}},{"start":{"line":231,"column":6},"end":{"line":232,"column":42}},{"start":{"line":233,"column":6},"end":{"line":234,"column":52}},{"start":{"line":235,"column":6},"end":{"line":236,"column":100}},{"start":{"line":237,"column":6},"end":{"line":238,"column":53}},{"start":{"line":239,"column":6},"end":{"line":240,"column":56}},{"start":{"line":241,"column":6},"end":{"line":242,"column":55}},{"start":{"line":243,"column":6},"end":{"line":244,"column":54}},{"start":{"line":245,"column":6},"end":{"line":249,"column":10}}]},"16":{"loc":{"start":{"line":254,"column":29},"end":{"line":254,"column":60}},"type":"binary-expr","locations":[{"start":{"line":254,"column":29},"end":{"line":254,"column":54}},{"start":{"line":254,"column":58},"end":{"line":254,"column":60}}]},"17":{"loc":{"start":{"line":255,"column":31},"end":{"line":255,"column":71}},"type":"binary-expr","locations":[{"start":{"line":255,"column":31},"end":{"line":255,"column":65}},{"start":{"line":255,"column":69},"end":{"line":255,"column":71}}]},"18":{"loc":{"start":{"line":261,"column":23},"end":{"line":261,"column":74}},"type":"binary-expr","locations":[{"start":{"line":261,"column":23},"end":{"line":261,"column":42}},{"start":{"line":261,"column":46},"end":{"line":261,"column":74}}]},"19":{"loc":{"start":{"line":262,"column":30},"end":{"line":262,"column":101}},"type":"binary-expr","locations":[{"start":{"line":262,"column":30},"end":{"line":262,"column":56}},{"start":{"line":262,"column":60},"end":{"line":262,"column":95}},{"start":{"line":262,"column":99},"end":{"line":262,"column":101}}]},"20":{"loc":{"start":{"line":263,"column":30},"end":{"line":263,"column":111}},"type":"binary-expr","locations":[{"start":{"line":263,"column":30},"end":{"line":263,"column":50}},{"start":{"line":263,"column":54},"end":{"line":263,"column":83}},{"start":{"line":263,"column":87},"end":{"line":263,"column":111}}]},"21":{"loc":{"start":{"line":274,"column":4},"end":{"line":279,"column":5}},"type":"if","locations":[{"start":{"line":274,"column":4},"end":{"line":279,"column":5}}]},"22":{"loc":{"start":{"line":281,"column":4},"end":{"line":286,"column":5}},"type":"if","locations":[{"start":{"line":281,"column":4},"end":{"line":286,"column":5}}]},"23":{"loc":{"start":{"line":288,"column":4},"end":{"line":293,"column":5}},"type":"if","locations":[{"start":{"line":288,"column":4},"end":{"line":293,"column":5}}]},"24":{"loc":{"start":{"line":288,"column":8},"end":{"line":288,"column":58}},"type":"binary-expr","locations":[{"start":{"line":288,"column":8},"end":{"line":288,"column":25}},{"start":{"line":288,"column":29},"end":{"line":288,"column":58}}]},"25":{"loc":{"start":{"line":317,"column":4},"end":{"line":322,"column":5}},"type":"if","locations":[{"start":{"line":317,"column":4},"end":{"line":322,"column":5}}]},"26":{"loc":{"start":{"line":325,"column":4},"end":{"line":330,"column":5}},"type":"if","locations":[{"start":{"line":325,"column":4},"end":{"line":330,"column":5}}]},"27":{"loc":{"start":{"line":339,"column":4},"end":{"line":344,"column":5}},"type":"if","locations":[{"start":{"line":339,"column":4},"end":{"line":344,"column":5}}]},"28":{"loc":{"start":{"line":348,"column":15},"end":{"line":350,"column":74}},"type":"cond-expr","locations":[{"start":{"line":349,"column":10},"end":{"line":349,"column":90}},{"start":{"line":350,"column":10},"end":{"line":350,"column":74}}]},"29":{"loc":{"start":{"line":356,"column":4},"end":{"line":361,"column":5}},"type":"if","locations":[{"start":{"line":356,"column":4},"end":{"line":361,"column":5}}]},"30":{"loc":{"start":{"line":363,"column":4},"end":{"line":368,"column":5}},"type":"if","locations":[{"start":{"line":363,"column":4},"end":{"line":368,"column":5}}]},"31":{"loc":{"start":{"line":363,"column":8},"end":{"line":363,"column":58}},"type":"binary-expr","locations":[{"start":{"line":363,"column":8},"end":{"line":363,"column":25}},{"start":{"line":363,"column":29},"end":{"line":363,"column":58}}]},"32":{"loc":{"start":{"line":372,"column":15},"end":{"line":374,"column":91}},"type":"cond-expr","locations":[{"start":{"line":373,"column":10},"end":{"line":373,"column":55}},{"start":{"line":374,"column":10},"end":{"line":374,"column":91}}]},"33":{"loc":{"start":{"line":380,"column":4},"end":{"line":385,"column":5}},"type":"if","locations":[{"start":{"line":380,"column":4},"end":{"line":385,"column":5}}]},"34":{"loc":{"start":{"line":395,"column":4},"end":{"line":400,"column":5}},"type":"if","locations":[{"start":{"line":395,"column":4},"end":{"line":400,"column":5}}]},"35":{"loc":{"start":{"line":410,"column":4},"end":{"line":415,"column":5}},"type":"if","locations":[{"start":{"line":410,"column":4},"end":{"line":415,"column":5}}]},"36":{"loc":{"start":{"line":419,"column":15},"end":{"line":421,"column":76}},"type":"cond-expr","locations":[{"start":{"line":420,"column":10},"end":{"line":420,"column":81}},{"start":{"line":421,"column":10},"end":{"line":421,"column":76}}]},"37":{"loc":{"start":{"line":427,"column":4},"end":{"line":432,"column":5}},"type":"if","locations":[{"start":{"line":427,"column":4},"end":{"line":432,"column":5}}]},"38":{"loc":{"start":{"line":435,"column":4},"end":{"line":440,"column":5}},"type":"if","locations":[{"start":{"line":435,"column":4},"end":{"line":440,"column":5}}]},"39":{"loc":{"start":{"line":451,"column":15},"end":{"line":453,"column":48}},"type":"cond-expr","locations":[{"start":{"line":452,"column":10},"end":{"line":452,"column":69}},{"start":{"line":453,"column":10},"end":{"line":453,"column":48}}]}},"s":{"0":1,"1":1,"2":1,"3":1,"4":1,"5":1,"6":1,"7":1,"8":1,"9":1,"10":1,"11":1,"12":1,"13":9,"14":1,"15":9,"16":1,"17":5,"18":5,"19":5,"20":5,"21":5,"22":5,"23":5,"24":5,"25":5,"26":5,"27":8,"28":8,"29":8,"30":8,"31":8,"32":1,"33":7,"34":15,"35":2,"36":5,"37":5,"38":5,"39":0,"40":0,"41":0,"42":0,"43":0,"44":0,"45":0,"46":0,"47":0,"48":0,"49":0,"50":0,"51":0,"52":8,"53":2,"54":2,"55":4,"56":2,"57":2,"58":0,"59":0,"60":0,"61":5,"62":5,"63":2,"64":1,"65":1,"66":1,"67":0,"68":0,"69":0,"70":0,"71":0,"72":0,"73":2,"74":2,"75":2,"76":2,"77":2,"78":2,"79":2,"80":12,"81":2,"82":0,"83":2,"84":0,"85":2,"86":0,"87":2,"88":2,"89":2,"90":1,"91":0,"92":1,"93":1,"94":0,"95":1,"96":1,"97":0,"98":1,"99":1,"100":0,"101":0,"102":0,"103":0,"104":0,"105":0,"106":0,"107":0,"108":0,"109":0,"110":0,"111":0,"112":0,"113":0,"114":0,"115":0,"116":0,"117":0,"118":0,"119":0,"120":0,"121":0,"122":0,"123":0,"124":1,"125":1,"126":2,"127":2,"128":1,"129":1},"f":{"0":9,"1":9,"2":5,"3":8,"4":15,"5":0,"6":0,"7":8,"8":2,"9":5,"10":2,"11":12,"12":1,"13":1,"14":0,"15":0,"16":0,"17":0,"18":0,"19":1,"20":2,"21":2},"b":{"0":[8,4],"1":[1],"2":[8,8],"3":[2],"4":[5,1],"5":[0,0],"6":[0],"7":[0],"8":[0],"9":[0,0],"10":[0,0],"11":[2,2,4],"12":[2],"13":[0],"14":[5,2],"15":[2,1,1,1,0,0,0,0,0,0],"16":[2,1],"17":[2,0],"18":[2,1],"19":[2,1,0],"20":[2,1,0],"21":[0],"22":[0],"23":[0],"24":[2,2],"25":[0],"26":[0],"27":[0],"28":[1,0],"29":[0],"30":[0],"31":[0,0],"32":[0,0],"33":[0],"34":[0],"35":[0],"36":[0,0],"37":[0],"38":[0],"39":[1,0]}}
,"D:\\credit-analys\\src\\application\\use-cases\\create-card-account.use-case.ts": {"path":"D:\\credit-analys\\src\\application\\use-cases\\create-card-account.use-case.ts","statementMap":{"0":{"start":{"line":4,"column":0},"end":{"line":4,"column":73}},"1":{"start":{"line":8,"column":21},"end":{"line":8,"column":51}},"2":{"start":{"line":9,"column":21},"end":{"line":9,"column":53}},"3":{"start":{"line":10,"column":21},"end":{"line":10,"column":58}},"4":{"start":{"line":14,"column":21},"end":{"line":14,"column":63}},"5":{"start":{"line":15,"column":4},"end":{"line":17,"column":5}},"6":{"start":{"line":16,"column":6},"end":{"line":16,"column":58}},"7":{"start":{"line":19,"column":4},"end":{"line":21,"column":5}},"8":{"start":{"line":20,"column":6},"end":{"line":20,"column":81}},"9":{"start":{"line":23,"column":4},"end":{"line":28,"column":5}},"10":{"start":{"line":24,"column":6},"end":{"line":27,"column":8}},"11":{"start":{"line":30,"column":4},"end":{"line":30,"column":41}},"12":{"start":{"line":31,"column":4},"end":{"line":31,"column":41}},"13":{"start":{"line":32,"column":4},"end":{"line":39,"column":7}},"14":{"start":{"line":41,"column":21},"end":{"line":47,"column":6}},"15":{"start":{"line":49,"column":4},"end":{"line":71,"column":5}},"16":{"start":{"line":50,"column":6},"end":{"line":50,"column":48}},"17":{"start":{"line":51,"column":6},"end":{"line":59,"column":9}},"18":{"start":{"line":61,"column":6},"end":{"line":61,"column":81}},"19":{"start":{"line":62,"column":6},"end":{"line":70,"column":9}},"20":{"start":{"line":73,"column":4},"end":{"line":73,"column":41}},"21":{"start":{"line":75,"column":4},"end":{"line":79,"column":6}},"22":{"start":{"line":6,"column":0},"end":{"line":6,"column":13}}},"fnMap":{"0":{"name":"(anonymous_0)","decl":{"start":{"line":7,"column":2},"end":{"line":7,"column":null}},"loc":{"start":{"line":10,"column":58},"end":{"line":11,"column":6}}},"1":{"name":"(anonymous_1)","decl":{"start":{"line":13,"column":2},"end":{"line":13,"column":7}},"loc":{"start":{"line":13,"column":34},"end":{"line":80,"column":3}}}},"branchMap":{"0":{"loc":{"start":{"line":15,"column":4},"end":{"line":17,"column":5}},"type":"if","locations":[{"start":{"line":15,"column":4},"end":{"line":17,"column":5}}]},"1":{"loc":{"start":{"line":19,"column":4},"end":{"line":21,"column":5}},"type":"if","locations":[{"start":{"line":19,"column":4},"end":{"line":21,"column":5}}]},"2":{"loc":{"start":{"line":23,"column":4},"end":{"line":28,"column":5}},"type":"if","locations":[{"start":{"line":23,"column":4},"end":{"line":28,"column":5}}]},"3":{"loc":{"start":{"line":49,"column":4},"end":{"line":71,"column":5}},"type":"if","locations":[{"start":{"line":49,"column":4},"end":{"line":71,"column":5}},{"start":{"line":60,"column":11},"end":{"line":71,"column":5}}]},"4":{"loc":{"start":{"line":49,"column":8},"end":{"line":49,"column":43}},"type":"binary-expr","locations":[{"start":{"line":49,"column":8},"end":{"line":49,"column":24}},{"start":{"line":49,"column":28},"end":{"line":49,"column":43}}]},"5":{"loc":{"start":{"line":61,"column":38},"end":{"line":61,"column":79}},"type":"binary-expr","locations":[{"start":{"line":61,"column":38},"end":{"line":61,"column":53}},{"start":{"line":61,"column":57},"end":{"line":61,"column":79}}]}},"s":{"0":3,"1":2,"2":2,"3":2,"4":2,"5":2,"6":0,"7":2,"8":0,"9":2,"10":0,"11":2,"12":2,"13":2,"14":2,"15":2,"16":2,"17":2,"18":0,"19":0,"20":2,"21":2,"22":3},"f":{"0":2,"1":2},"b":{"0":[0],"1":[0],"2":[0],"3":[2,0],"4":[2,2],"5":[0,0]}}
,"D:\\credit-analys\\src\\application\\use-cases\\create-proposal.use-case.ts": {"path":"D:\\credit-analys\\src\\application\\use-cases\\create-proposal.use-case.ts","statementMap":{"0":{"start":{"line":1,"column":0},"end":{"line":1,"column":87}},"1":{"start":{"line":2,"column":0},"end":{"line":2,"column":80}},"2":{"start":{"line":24,"column":21},"end":{"line":24,"column":51}},"3":{"start":{"line":25,"column":21},"end":{"line":25,"column":58}},"4":{"start":{"line":29,"column":20},"end":{"line":35,"column":null}},"5":{"start":{"line":38,"column":21},"end":{"line":38,"column":117}},"6":{"start":{"line":39,"column":4},"end":{"line":39,"column":69}},"7":{"start":{"line":40,"column":4},"end":{"line":40,"column":41}},"8":{"start":{"line":41,"column":4},"end":{"line":50,"column":7}},"9":{"start":{"line":51,"column":4},"end":{"line":51,"column":20}},"10":{"start":{"line":22,"column":0},"end":{"line":22,"column":13}}},"fnMap":{"0":{"name":"(anonymous_0)","decl":{"start":{"line":23,"column":2},"end":{"line":23,"column":null}},"loc":{"start":{"line":25,"column":58},"end":{"line":26,"column":6}}},"1":{"name":"(anonymous_1)","decl":{"start":{"line":28,"column":2},"end":{"line":28,"column":7}},"loc":{"start":{"line":28,"column":46},"end":{"line":52,"column":3}}}},"branchMap":{},"s":{"0":7,"1":7,"2":6,"3":6,"4":14,"5":14,"6":14,"7":14,"8":14,"9":14,"10":7},"f":{"0":6,"1":14},"b":{}}
,"D:\\credit-analys\\src\\application\\use-cases\\generate-proposal-explanation.use-case.ts": {"path":"D:\\credit-analys\\src\\application\\use-cases\\generate-proposal-explanation.use-case.ts","statementMap":{"0":{"start":{"line":1,"column":0},"end":{"line":1,"column":44}},"1":{"start":{"line":3,"column":0},"end":{"line":3,"column":70}},"2":{"start":{"line":7,"column":7},"end":{"line":38,"column":null}},"3":{"start":{"line":9,"column":21},"end":{"line":9,"column":51}},"4":{"start":{"line":10,"column":21},"end":{"line":10,"column":41}},"5":{"start":{"line":14,"column":21},"end":{"line":14,"column":63}},"6":{"start":{"line":15,"column":4},"end":{"line":17,"column":5}},"7":{"start":{"line":16,"column":6},"end":{"line":16,"column":18}},"8":{"start":{"line":19,"column":20},"end":{"line":34,"column":6}},"9":{"start":{"line":27,"column":56},"end":{"line":32,"column":8}},"10":{"start":{"line":36,"column":4},"end":{"line":36,"column":60}},"11":{"start":{"line":7,"column":13},"end":{"line":7,"column":47}},"12":{"start":{"line":7,"column":13},"end":{"line":38,"column":null}}},"fnMap":{"0":{"name":"(anonymous_2)","decl":{"start":{"line":8,"column":2},"end":{"line":8,"column":null}},"loc":{"start":{"line":10,"column":59},"end":{"line":11,"column":6}}},"1":{"name":"(anonymous_3)","decl":{"start":{"line":13,"column":2},"end":{"line":13,"column":7}},"loc":{"start":{"line":13,"column":34},"end":{"line":37,"column":3}}},"2":{"name":"(anonymous_4)","decl":{"start":{"line":27,"column":44},"end":{"line":27,"column":45}},"loc":{"start":{"line":27,"column":56},"end":{"line":32,"column":8}}}},"branchMap":{"0":{"loc":{"start":{"line":15,"column":4},"end":{"line":17,"column":5}},"type":"if","locations":[{"start":{"line":15,"column":4},"end":{"line":17,"column":5}}]}},"s":{"0":2,"1":2,"2":2,"3":1,"4":1,"5":0,"6":0,"7":0,"8":0,"9":0,"10":0,"11":2,"12":2},"f":{"0":1,"1":0,"2":0},"b":{"0":[0]}}
,"D:\\credit-analys\\src\\application\\use-cases\\get-proposal-status.use-case.ts": {"path":"D:\\credit-analys\\src\\application\\use-cases\\get-proposal-status.use-case.ts","statementMap":{"0":{"start":{"line":4,"column":31},"end":{"line":4,"column":61}},"1":{"start":{"line":7,"column":21},"end":{"line":7,"column":63}},"2":{"start":{"line":8,"column":4},"end":{"line":10,"column":5}},"3":{"start":{"line":9,"column":6},"end":{"line":9,"column":18}},"4":{"start":{"line":12,"column":4},"end":{"line":20,"column":6}},"5":{"start":{"line":3,"column":0},"end":{"line":3,"column":13}}},"fnMap":{"0":{"name":"(anonymous_0)","decl":{"start":{"line":4,"column":2},"end":{"line":4,"column":31}},"loc":{"start":{"line":4,"column":61},"end":{"line":4,"column":65}}},"1":{"name":"(anonymous_1)","decl":{"start":{"line":6,"column":2},"end":{"line":6,"column":7}},"loc":{"start":{"line":6,"column":34},"end":{"line":21,"column":3}}}},"branchMap":{"0":{"loc":{"start":{"line":8,"column":4},"end":{"line":10,"column":5}},"type":"if","locations":[{"start":{"line":8,"column":4},"end":{"line":10,"column":5}}]}},"s":{"0":5,"1":1,"2":1,"3":0,"4":1,"5":2},"f":{"0":5,"1":1},"b":{"0":[0]}}
,"D:\\credit-analys\\src\\application\\use-cases\\list-proposals.use-case.ts": {"path":"D:\\credit-analys\\src\\application\\use-cases\\list-proposals.use-case.ts","statementMap":{"0":{"start":{"line":4,"column":31},"end":{"line":4,"column":61}},"1":{"start":{"line":7,"column":22},"end":{"line":7,"column":53}},"2":{"start":{"line":9,"column":4},"end":{"line":23,"column":8}},"3":{"start":{"line":9,"column":40},"end":{"line":23,"column":6}},"4":{"start":{"line":3,"column":0},"end":{"line":3,"column":13}}},"fnMap":{"0":{"name":"(anonymous_0)","decl":{"start":{"line":4,"column":2},"end":{"line":4,"column":31}},"loc":{"start":{"line":4,"column":61},"end":{"line":4,"column":65}}},"1":{"name":"(anonymous_1)","decl":{"start":{"line":6,"column":2},"end":{"line":6,"column":7}},"loc":{"start":{"line":6,"column":15},"end":{"line":24,"column":3}}},"2":{"name":"(anonymous_2)","decl":{"start":{"line":9,"column":25},"end":{"line":9,"column":26}},"loc":{"start":{"line":9,"column":40},"end":{"line":23,"column":6}}}},"branchMap":{},"s":{"0":1,"1":1,"2":1,"3":2,"4":2},"f":{"0":1,"1":1,"2":2},"b":{}}
,"D:\\credit-analys\\src\\application\\use-cases\\submit-proposal.use-case.ts": {"path":"D:\\credit-analys\\src\\application\\use-cases\\submit-proposal.use-case.ts","statementMap":{"0":{"start":{"line":3,"column":0},"end":{"line":3,"column":73}},"1":{"start":{"line":7,"column":21},"end":{"line":7,"column":51}},"2":{"start":{"line":8,"column":21},"end":{"line":8,"column":58}},"3":{"start":{"line":12,"column":21},"end":{"line":12,"column":63}},"4":{"start":{"line":13,"column":4},"end":{"line":15,"column":5}},"5":{"start":{"line":14,"column":6},"end":{"line":14,"column":58}},"6":{"start":{"line":17,"column":4},"end":{"line":19,"column":5}},"7":{"start":{"line":18,"column":6},"end":{"line":18,"column":86}},"8":{"start":{"line":21,"column":4},"end":{"line":21,"column":29}},"9":{"start":{"line":22,"column":4},"end":{"line":22,"column":41}},"10":{"start":{"line":23,"column":4},"end":{"line":31,"column":7}},"11":{"start":{"line":33,"column":4},"end":{"line":36,"column":6}},"12":{"start":{"line":5,"column":0},"end":{"line":5,"column":13}}},"fnMap":{"0":{"name":"(anonymous_0)","decl":{"start":{"line":6,"column":2},"end":{"line":6,"column":null}},"loc":{"start":{"line":8,"column":58},"end":{"line":9,"column":6}}},"1":{"name":"(anonymous_1)","decl":{"start":{"line":11,"column":2},"end":{"line":11,"column":7}},"loc":{"start":{"line":11,"column":34},"end":{"line":37,"column":3}}}},"branchMap":{"0":{"loc":{"start":{"line":13,"column":4},"end":{"line":15,"column":5}},"type":"if","locations":[{"start":{"line":13,"column":4},"end":{"line":15,"column":5}}]},"1":{"loc":{"start":{"line":17,"column":4},"end":{"line":19,"column":5}},"type":"if","locations":[{"start":{"line":17,"column":4},"end":{"line":19,"column":5}}]}},"s":{"0":3,"1":2,"2":2,"3":1,"4":1,"5":0,"6":1,"7":0,"8":1,"9":1,"10":1,"11":1,"12":3},"f":{"0":2,"1":1},"b":{"0":[0],"1":[0]}}
,"D:\\credit-analys\\src\\application\\use-cases\\validate-benefits.use-case.ts": {"path":"D:\\credit-analys\\src\\application\\use-cases\\validate-benefits.use-case.ts","statementMap":{"0":{"start":{"line":2,"column":0},"end":{"line":2,"column":73}},"1":{"start":{"line":9,"column":21},"end":{"line":9,"column":51}},"2":{"start":{"line":10,"column":21},"end":{"line":10,"column":53}},"3":{"start":{"line":11,"column":21},"end":{"line":11,"column":58}},"4":{"start":{"line":20,"column":21},"end":{"line":20,"column":63}},"5":{"start":{"line":21,"column":4},"end":{"line":23,"column":5}},"6":{"start":{"line":22,"column":6},"end":{"line":22,"column":58}},"7":{"start":{"line":25,"column":4},"end":{"line":27,"column":5}},"8":{"start":{"line":26,"column":6},"end":{"line":26,"column":92}},"9":{"start":{"line":29,"column":4},"end":{"line":29,"column":54}},"10":{"start":{"line":30,"column":19},"end":{"line":30,"column":95}},"11":{"start":{"line":31,"column":4},"end":{"line":35,"column":5}},"12":{"start":{"line":32,"column":6},"end":{"line":32,"column":39}},"13":{"start":{"line":34,"column":6},"end":{"line":34,"column":55}},"14":{"start":{"line":37,"column":4},"end":{"line":37,"column":41}},"15":{"start":{"line":38,"column":4},"end":{"line":48,"column":7}},"16":{"start":{"line":50,"column":4},"end":{"line":55,"column":6}},"17":{"start":{"line":7,"column":0},"end":{"line":7,"column":13}}},"fnMap":{"0":{"name":"(anonymous_0)","decl":{"start":{"line":8,"column":2},"end":{"line":8,"column":null}},"loc":{"start":{"line":11,"column":58},"end":{"line":12,"column":6}}},"1":{"name":"(anonymous_1)","decl":{"start":{"line":14,"column":2},"end":{"line":14,"column":7}},"loc":{"start":{"line":14,"column":67},"end":{"line":56,"column":3}}}},"branchMap":{"0":{"loc":{"start":{"line":21,"column":4},"end":{"line":23,"column":5}},"type":"if","locations":[{"start":{"line":21,"column":4},"end":{"line":23,"column":5}}]},"1":{"loc":{"start":{"line":25,"column":4},"end":{"line":27,"column":5}},"type":"if","locations":[{"start":{"line":25,"column":4},"end":{"line":27,"column":5}}]},"2":{"loc":{"start":{"line":31,"column":4},"end":{"line":35,"column":5}},"type":"if","locations":[{"start":{"line":31,"column":4},"end":{"line":35,"column":5}},{"start":{"line":33,"column":11},"end":{"line":35,"column":5}}]}},"s":{"0":3,"1":2,"2":2,"3":2,"4":3,"5":3,"6":0,"7":3,"8":1,"9":2,"10":2,"11":2,"12":1,"13":1,"14":2,"15":2,"16":2,"17":3},"f":{"0":2,"1":3},"b":{"0":[0],"1":[1],"2":[1,1]}}
,"D:\\credit-analys\\src\\application\\use-cases\\validate-offer-eligibility.use-case.ts": {"path":"D:\\credit-analys\\src\\application\\use-cases\\validate-offer-eligibility.use-case.ts","statementMap":{"0":{"start":{"line":5,"column":0},"end":{"line":5,"column":73}},"1":{"start":{"line":9,"column":21},"end":{"line":9,"column":51}},"2":{"start":{"line":10,"column":21},"end":{"line":10,"column":51}},"3":{"start":{"line":11,"column":21},"end":{"line":11,"column":58}},"4":{"start":{"line":20,"column":21},"end":{"line":20,"column":63}},"5":{"start":{"line":21,"column":4},"end":{"line":23,"column":5}},"6":{"start":{"line":22,"column":6},"end":{"line":22,"column":58}},"7":{"start":{"line":25,"column":4},"end":{"line":27,"column":5}},"8":{"start":{"line":26,"column":6},"end":{"line":26,"column":85}},"9":{"start":{"line":29,"column":19},"end":{"line":29,"column":85}},"10":{"start":{"line":30,"column":4},"end":{"line":34,"column":5}},"11":{"start":{"line":31,"column":6},"end":{"line":31,"column":36}},"12":{"start":{"line":33,"column":6},"end":{"line":33,"column":55}},"13":{"start":{"line":36,"column":4},"end":{"line":36,"column":41}},"14":{"start":{"line":37,"column":4},"end":{"line":47,"column":7}},"15":{"start":{"line":49,"column":4},"end":{"line":54,"column":6}},"16":{"start":{"line":7,"column":0},"end":{"line":7,"column":13}}},"fnMap":{"0":{"name":"(anonymous_0)","decl":{"start":{"line":8,"column":2},"end":{"line":8,"column":null}},"loc":{"start":{"line":11,"column":58},"end":{"line":12,"column":6}}},"1":{"name":"(anonymous_1)","decl":{"start":{"line":14,"column":2},"end":{"line":14,"column":7}},"loc":{"start":{"line":14,"column":34},"end":{"line":55,"column":3}}}},"branchMap":{"0":{"loc":{"start":{"line":21,"column":4},"end":{"line":23,"column":5}},"type":"if","locations":[{"start":{"line":21,"column":4},"end":{"line":23,"column":5}}]},"1":{"loc":{"start":{"line":25,"column":4},"end":{"line":27,"column":5}},"type":"if","locations":[{"start":{"line":25,"column":4},"end":{"line":27,"column":5}}]},"2":{"loc":{"start":{"line":30,"column":4},"end":{"line":34,"column":5}},"type":"if","locations":[{"start":{"line":30,"column":4},"end":{"line":34,"column":5}},{"start":{"line":32,"column":11},"end":{"line":34,"column":5}}]}},"s":{"0":4,"1":3,"2":3,"3":3,"4":6,"5":6,"6":0,"7":6,"8":1,"9":5,"10":5,"11":4,"12":1,"13":5,"14":5,"15":5,"16":4},"f":{"0":3,"1":6},"b":{"0":[0],"1":[1],"2":[4,1]}}
,"D:\\credit-analys\\src\\domain\\entities\\audit-entry.entity.ts": {"path":"D:\\credit-analys\\src\\domain\\entities\\audit-entry.entity.ts","statementMap":{"0":{"start":{"line":8,"column":13},"end":{"line":8,"column":26}},"1":{"start":{"line":10,"column":13},"end":{"line":10,"column":28}},"2":{"start":{"line":12,"column":13},"end":{"line":12,"column":27}},"3":{"start":{"line":14,"column":13},"end":{"line":14,"column":27}},"4":{"start":{"line":5,"column":0},"end":{"line":5,"column":13}}},"fnMap":{"0":{"name":"(anonymous_0)","decl":{"start":{"line":6,"column":2},"end":{"line":6,"column":null}},"loc":{"start":{"line":14,"column":27},"end":{"line":15,"column":6}}}},"branchMap":{},"s":{"0":56,"1":56,"2":56,"3":56,"4":7},"f":{"0":56},"b":{}}
,"D:\\credit-analys\\src\\domain\\entities\\benefit-selection.entity.ts": {"path":"D:\\credit-analys\\src\\domain\\entities\\benefit-selection.entity.ts","statementMap":{"0":{"start":{"line":1,"column":0},"end":{"line":1,"column":57}},"1":{"start":{"line":10,"column":13},"end":{"line":10,"column":36}},"2":{"start":{"line":12,"column":4},"end":{"line":12,"column":37}},"3":{"start":{"line":19,"column":4},"end":{"line":21,"column":5}},"4":{"start":{"line":20,"column":6},"end":{"line":20,"column":13}},"5":{"start":{"line":23,"column":4},"end":{"line":25,"column":5}},"6":{"start":{"line":24,"column":6},"end":{"line":24,"column":73}},"7":{"start":{"line":7,"column":0},"end":{"line":7,"column":13}}},"fnMap":{"0":{"name":"(anonymous_0)","decl":{"start":{"line":8,"column":2},"end":{"line":8,"column":null}},"loc":{"start":{"line":10,"column":36},"end":{"line":13,"column":3}}},"1":{"name":"(anonymous_1)","decl":{"start":{"line":18,"column":10},"end":{"line":18,"column":27}},"loc":{"start":{"line":18,"column":51},"end":{"line":26,"column":3}}}},"branchMap":{"0":{"loc":{"start":{"line":19,"column":4},"end":{"line":21,"column":5}},"type":"if","locations":[{"start":{"line":19,"column":4},"end":{"line":21,"column":5}}]},"1":{"loc":{"start":{"line":19,"column":8},"end":{"line":19,"column":42}},"type":"binary-expr","locations":[{"start":{"line":19,"column":8},"end":{"line":19,"column":17}},{"start":{"line":19,"column":21},"end":{"line":19,"column":42}}]},"2":{"loc":{"start":{"line":23,"column":4},"end":{"line":25,"column":5}},"type":"if","locations":[{"start":{"line":23,"column":4},"end":{"line":25,"column":5}}]},"3":{"loc":{"start":{"line":23,"column":8},"end":{"line":23,"column":88}},"type":"binary-expr","locations":[{"start":{"line":23,"column":8},"end":{"line":23,"column":47}},{"start":{"line":23,"column":51},"end":{"line":23,"column":88}}]}},"s":{"0":7,"1":16,"2":16,"3":16,"4":9,"5":7,"6":0,"7":7},"f":{"0":16,"1":16},"b":{"0":[9],"1":[16,16],"2":[0],"3":[7,6]}}
,"D:\\credit-analys\\src\\domain\\entities\\credit-card-proposal.entity.ts": {"path":"D:\\credit-analys\\src\\domain\\entities\\credit-card-proposal.entity.ts","statementMap":{"0":{"start":{"line":2,"column":0},"end":{"line":2,"column":72}},"1":{"start":{"line":4,"column":0},"end":{"line":4,"column":63}},"2":{"start":{"line":6,"column":0},"end":{"line":6,"column":50}},"3":{"start":{"line":7,"column":0},"end":{"line":7,"column":62}},"4":{"start":{"line":24,"column":13},"end":{"line":24,"column":31}},"5":{"start":{"line":26,"column":13},"end":{"line":26,"column":45}},"6":{"start":{"line":28,"column":13},"end":{"line":28,"column":33}},"7":{"start":{"line":32,"column":4},"end":{"line":32,"column":59}},"8":{"start":{"line":33,"column":4},"end":{"line":33,"column":86}},"9":{"start":{"line":34,"column":4},"end":{"line":34,"column":27}},"10":{"start":{"line":35,"column":4},"end":{"line":35,"column":42}},"11":{"start":{"line":36,"column":4},"end":{"line":36,"column":61}},"12":{"start":{"line":49,"column":4},"end":{"line":51,"column":5}},"13":{"start":{"line":50,"column":6},"end":{"line":50,"column":82}},"14":{"start":{"line":58,"column":4},"end":{"line":58,"column":77}},"15":{"start":{"line":65,"column":4},"end":{"line":65,"column":67}},"16":{"start":{"line":66,"column":4},"end":{"line":66,"column":49}},"17":{"start":{"line":67,"column":4},"end":{"line":67,"column":74}},"18":{"start":{"line":74,"column":4},"end":{"line":74,"column":77}},"19":{"start":{"line":75,"column":4},"end":{"line":75,"column":52}},"20":{"start":{"line":76,"column":4},"end":{"line":76,"column":117}},"21":{"start":{"line":83,"column":4},"end":{"line":83,"column":69}},"22":{"start":{"line":84,"column":4},"end":{"line":84,"column":43}},"23":{"start":{"line":85,"column":4},"end":{"line":85,"column":77}},"24":{"start":{"line":92,"column":4},"end":{"line":92,"column":75}},"25":{"start":{"line":93,"column":4},"end":{"line":98,"column":5}},"26":{"start":{"line":97,"column":6},"end":{"line":97,"column":113}},"27":{"start":{"line":99,"column":4},"end":{"line":99,"column":59}},"28":{"start":{"line":100,"column":4},"end":{"line":100,"column":80}},"29":{"start":{"line":107,"column":4},"end":{"line":107,"column":76}},"30":{"start":{"line":108,"column":4},"end":{"line":110,"column":5}},"31":{"start":{"line":109,"column":6},"end":{"line":109,"column":114}},"32":{"start":{"line":111,"column":4},"end":{"line":111,"column":54}},"33":{"start":{"line":112,"column":4},"end":{"line":112,"column":57}},"34":{"start":{"line":113,"column":4},"end":{"line":113,"column":25}},"35":{"start":{"line":114,"column":4},"end":{"line":114,"column":68}},"36":{"start":{"line":121,"column":4},"end":{"line":121,"column":72}},"37":{"start":{"line":122,"column":4},"end":{"line":124,"column":5}},"38":{"start":{"line":123,"column":6},"end":{"line":123,"column":110}},"39":{"start":{"line":125,"column":4},"end":{"line":125,"column":56}},"40":{"start":{"line":126,"column":4},"end":{"line":126,"column":34}},"41":{"start":{"line":127,"column":4},"end":{"line":127,"column":50}},"42":{"start":{"line":134,"column":4},"end":{"line":134,"column":73}},"43":{"start":{"line":135,"column":4},"end":{"line":135,"column":43}},"44":{"start":{"line":136,"column":4},"end":{"line":136,"column":62}},"45":{"start":{"line":143,"column":4},"end":{"line":146,"column":6}},"46":{"start":{"line":147,"column":4},"end":{"line":147,"column":42}},"47":{"start":{"line":148,"column":4},"end":{"line":148,"column":34}},"48":{"start":{"line":149,"column":4},"end":{"line":149,"column":47}},"49":{"start":{"line":156,"column":4},"end":{"line":156,"column":61}},"50":{"start":{"line":157,"column":4},"end":{"line":157,"column":84}},"51":{"start":{"line":164,"column":4},"end":{"line":164,"column":75}},"52":{"start":{"line":165,"column":4},"end":{"line":165,"column":59}},"53":{"start":{"line":166,"column":4},"end":{"line":166,"column":95}},"54":{"start":{"line":14,"column":0},"end":{"line":14,"column":13}}},"fnMap":{"0":{"name":"(anonymous_0)","decl":{"start":{"line":22,"column":2},"end":{"line":22,"column":null}},"loc":{"start":{"line":30,"column":32},"end":{"line":37,"column":3}}},"1":{"name":"(anonymous_1)","decl":{"start":{"line":48,"column":10},"end":{"line":48,"column":22}},"loc":{"start":{"line":48,"column":64},"end":{"line":52,"column":3}}},"2":{"name":"(anonymous_2)","decl":{"start":{"line":57,"column":2},"end":{"line":57,"column":10}},"loc":{"start":{"line":57,"column":56},"end":{"line":59,"column":3}}},"3":{"name":"(anonymous_3)","decl":{"start":{"line":64,"column":2},"end":{"line":64,"column":20}},"loc":{"start":{"line":64,"column":20},"end":{"line":68,"column":3}}},"4":{"name":"(anonymous_4)","decl":{"start":{"line":73,"column":2},"end":{"line":73,"column":23}},"loc":{"start":{"line":73,"column":23},"end":{"line":77,"column":3}}},"5":{"name":"(anonymous_5)","decl":{"start":{"line":82,"column":2},"end":{"line":82,"column":15}},"loc":{"start":{"line":82,"column":15},"end":{"line":86,"column":3}}},"6":{"name":"(anonymous_6)","decl":{"start":{"line":91,"column":2},"end":{"line":91,"column":27}},"loc":{"start":{"line":91,"column":27},"end":{"line":101,"column":3}}},"7":{"name":"(anonymous_7)","decl":{"start":{"line":106,"column":2},"end":{"line":106,"column":17}},"loc":{"start":{"line":106,"column":32},"end":{"line":115,"column":3}}},"8":{"name":"(anonymous_8)","decl":{"start":{"line":120,"column":2},"end":{"line":120,"column":24}},"loc":{"start":{"line":120,"column":39},"end":{"line":128,"column":3}}},"9":{"name":"(anonymous_9)","decl":{"start":{"line":133,"column":2},"end":{"line":133,"column":15}},"loc":{"start":{"line":133,"column":15},"end":{"line":137,"column":3}}},"10":{"name":"(anonymous_10)","decl":{"start":{"line":142,"column":2},"end":{"line":142,"column":14}},"loc":{"start":{"line":142,"column":29},"end":{"line":150,"column":3}}},"11":{"name":"(anonymous_11)","decl":{"start":{"line":155,"column":2},"end":{"line":155,"column":28}},"loc":{"start":{"line":155,"column":92},"end":{"line":158,"column":3}}},"12":{"name":"(anonymous_12)","decl":{"start":{"line":163,"column":2},"end":{"line":163,"column":24}},"loc":{"start":{"line":163,"column":48},"end":{"line":167,"column":3}}}},"branchMap":{"0":{"loc":{"start":{"line":30,"column":4},"end":{"line":30,"column":32}},"type":"default-arg","locations":[{"start":{"line":30,"column":30},"end":{"line":30,"column":32}}]},"1":{"loc":{"start":{"line":49,"column":4},"end":{"line":51,"column":5}},"type":"if","locations":[{"start":{"line":49,"column":4},"end":{"line":51,"column":5}}]},"2":{"loc":{"start":{"line":93,"column":4},"end":{"line":98,"column":5}},"type":"if","locations":[{"start":{"line":93,"column":4},"end":{"line":98,"column":5}}]},"3":{"loc":{"start":{"line":94,"column":6},"end":{"line":95,"column":59}},"type":"binary-expr","locations":[{"start":{"line":94,"column":6},"end":{"line":94,"column":64}},{"start":{"line":95,"column":6},"end":{"line":95,"column":59}}]},"4":{"loc":{"start":{"line":108,"column":4},"end":{"line":110,"column":5}},"type":"if","locations":[{"start":{"line":108,"column":4},"end":{"line":110,"column":5}}]},"5":{"loc":{"start":{"line":122,"column":4},"end":{"line":124,"column":5}},"type":"if","locations":[{"start":{"line":122,"column":4},"end":{"line":124,"column":5}}]}},"s":{"0":7,"1":7,"2":7,"3":7,"4":14,"5":14,"6":14,"7":14,"8":14,"9":14,"10":14,"11":14,"12":39,"13":0,"14":56,"15":11,"16":11,"17":11,"18":7,"19":7,"20":7,"21":6,"22":6,"23":6,"24":5,"25":5,"26":0,"27":5,"28":5,"29":4,"30":4,"31":0,"32":4,"33":4,"34":4,"35":4,"36":1,"37":1,"38":0,"39":1,"40":1,"41":1,"42":1,"43":1,"44":1,"45":2,"46":2,"47":2,"48":2,"49":3,"50":3,"51":2,"52":2,"53":2,"54":7},"f":{"0":14,"1":39,"2":56,"3":11,"4":7,"5":6,"6":5,"7":4,"8":1,"9":1,"10":2,"11":3,"12":2},"b":{"0":[0],"1":[0],"2":[0],"3":[5,1],"4":[0],"5":[0]}}
,"D:\\credit-analys\\src\\domain\\entities\\customer-profile.entity.ts": {"path":"D:\\credit-analys\\src\\domain\\entities\\customer-profile.entity.ts","statementMap":{"0":{"start":{"line":1,"column":0},"end":{"line":1,"column":53}},"1":{"start":{"line":9,"column":13},"end":{"line":9,"column":29}},"2":{"start":{"line":11,"column":13},"end":{"line":11,"column":31}},"3":{"start":{"line":13,"column":13},"end":{"line":13,"column":27}},"4":{"start":{"line":15,"column":13},"end":{"line":15,"column":32}},"5":{"start":{"line":17,"column":13},"end":{"line":17,"column":40}},"6":{"start":{"line":19,"column":13},"end":{"line":19,"column":26}},"7":{"start":{"line":21,"column":4},"end":{"line":23,"column":5}},"8":{"start":{"line":22,"column":6},"end":{"line":22,"column":56}},"9":{"start":{"line":24,"column":4},"end":{"line":26,"column":5}},"10":{"start":{"line":25,"column":6},"end":{"line":25,"column":58}},"11":{"start":{"line":27,"column":4},"end":{"line":29,"column":5}},"12":{"start":{"line":28,"column":6},"end":{"line":28,"column":51}},"13":{"start":{"line":30,"column":4},"end":{"line":32,"column":5}},"14":{"start":{"line":31,"column":6},"end":{"line":31,"column":56}},"15":{"start":{"line":33,"column":4},"end":{"line":35,"column":5}},"16":{"start":{"line":34,"column":6},"end":{"line":34,"column":66}},"17":{"start":{"line":36,"column":4},"end":{"line":38,"column":5}},"18":{"start":{"line":37,"column":6},"end":{"line":37,"column":52}},"19":{"start":{"line":47,"column":4},"end":{"line":56,"column":5}},"20":{"start":{"line":49,"column":8},"end":{"line":49,"column":34}},"21":{"start":{"line":51,"column":8},"end":{"line":51,"column":62}},"22":{"start":{"line":53,"column":8},"end":{"line":53,"column":67}},"23":{"start":{"line":55,"column":8},"end":{"line":55,"column":21}},"24":{"start":{"line":6,"column":0},"end":{"line":6,"column":13}}},"fnMap":{"0":{"name":"(anonymous_0)","decl":{"start":{"line":7,"column":2},"end":{"line":7,"column":null}},"loc":{"start":{"line":19,"column":26},"end":{"line":39,"column":3}}},"1":{"name":"(anonymous_1)","decl":{"start":{"line":46,"column":2},"end":{"line":46,"column":20}},"loc":{"start":{"line":46,"column":37},"end":{"line":57,"column":3}}}},"branchMap":{"0":{"loc":{"start":{"line":21,"column":4},"end":{"line":23,"column":5}},"type":"if","locations":[{"start":{"line":21,"column":4},"end":{"line":23,"column":5}}]},"1":{"loc":{"start":{"line":24,"column":4},"end":{"line":26,"column":5}},"type":"if","locations":[{"start":{"line":24,"column":4},"end":{"line":26,"column":5}}]},"2":{"loc":{"start":{"line":27,"column":4},"end":{"line":29,"column":5}},"type":"if","locations":[{"start":{"line":27,"column":4},"end":{"line":29,"column":5}}]},"3":{"loc":{"start":{"line":30,"column":4},"end":{"line":32,"column":5}},"type":"if","locations":[{"start":{"line":30,"column":4},"end":{"line":32,"column":5}}]},"4":{"loc":{"start":{"line":33,"column":4},"end":{"line":35,"column":5}},"type":"if","locations":[{"start":{"line":33,"column":4},"end":{"line":35,"column":5}}]},"5":{"loc":{"start":{"line":36,"column":4},"end":{"line":38,"column":5}},"type":"if","locations":[{"start":{"line":36,"column":4},"end":{"line":38,"column":5}}]},"6":{"loc":{"start":{"line":47,"column":4},"end":{"line":56,"column":5}},"type":"switch","locations":[{"start":{"line":48,"column":6},"end":{"line":49,"column":34}},{"start":{"line":50,"column":6},"end":{"line":51,"column":62}},{"start":{"line":52,"column":6},"end":{"line":53,"column":67}},{"start":{"line":54,"column":6},"end":{"line":55,"column":21}}]},"7":{"loc":{"start":{"line":51,"column":15},"end":{"line":51,"column":61}},"type":"binary-expr","locations":[{"start":{"line":51,"column":15},"end":{"line":51,"column":34}},{"start":{"line":51,"column":38},"end":{"line":51,"column":61}}]},"8":{"loc":{"start":{"line":53,"column":15},"end":{"line":53,"column":66}},"type":"binary-expr","locations":[{"start":{"line":53,"column":15},"end":{"line":53,"column":34}},{"start":{"line":53,"column":38},"end":{"line":53,"column":66}}]}},"s":{"0":8,"1":16,"2":16,"3":16,"4":16,"5":16,"6":16,"7":16,"8":0,"9":16,"10":0,"11":16,"12":0,"13":16,"14":0,"15":16,"16":0,"17":16,"18":0,"19":21,"20":7,"21":7,"22":7,"23":0,"24":8},"f":{"0":16,"1":21},"b":{"0":[0],"1":[0],"2":[0],"3":[0],"4":[0],"5":[0],"6":[7,7,7,0],"7":[7,2],"8":[7,0]}}
,"D:\\credit-analys\\src\\domain\\enums\\benefit-activation-status.enum.ts": {"path":"D:\\credit-analys\\src\\domain\\enums\\benefit-activation-status.enum.ts","statementMap":{"0":{"start":{"line":1,"column":0},"end":{"line":1,"column":null}},"1":{"start":{"line":2,"column":2},"end":{"line":2,"column":null}},"2":{"start":{"line":3,"column":2},"end":{"line":3,"column":null}},"3":{"start":{"line":4,"column":2},"end":{"line":4,"column":null}},"4":{"start":{"line":5,"column":2},"end":{"line":5,"column":null}}},"fnMap":{"0":{"name":"(anonymous_0)","decl":{"start":{"line":1,"column":0},"end":{"line":1,"column":12}},"loc":{"start":{"line":1,"column":35},"end":{"line":6,"column":1}}}},"branchMap":{"0":{"loc":{"start":{"line":1,"column":12},"end":{"line":1,"column":null}},"type":"binary-expr","locations":[{"start":{"line":1,"column":12},"end":{"line":1,"column":35}},{"start":{"line":1,"column":35},"end":{"line":1,"column":null}}]}},"s":{"0":3,"1":3,"2":3,"3":3,"4":3},"f":{"0":3},"b":{"0":[3,3]}}
,"D:\\credit-analys\\src\\domain\\enums\\benefit-type.enum.ts": {"path":"D:\\credit-analys\\src\\domain\\enums\\benefit-type.enum.ts","statementMap":{"0":{"start":{"line":1,"column":0},"end":{"line":1,"column":null}},"1":{"start":{"line":2,"column":2},"end":{"line":2,"column":null}},"2":{"start":{"line":3,"column":2},"end":{"line":3,"column":null}},"3":{"start":{"line":4,"column":2},"end":{"line":4,"column":null}},"4":{"start":{"line":5,"column":2},"end":{"line":5,"column":null}}},"fnMap":{"0":{"name":"(anonymous_0)","decl":{"start":{"line":1,"column":0},"end":{"line":1,"column":12}},"loc":{"start":{"line":1,"column":23},"end":{"line":6,"column":1}}}},"branchMap":{"0":{"loc":{"start":{"line":1,"column":12},"end":{"line":1,"column":null}},"type":"binary-expr","locations":[{"start":{"line":1,"column":12},"end":{"line":1,"column":23}},{"start":{"line":1,"column":23},"end":{"line":1,"column":null}}]}},"s":{"0":8,"1":8,"2":8,"3":8,"4":8},"f":{"0":8},"b":{"0":[8,8]}}
,"D:\\credit-analys\\src\\domain\\enums\\card-creation-status.enum.ts": {"path":"D:\\credit-analys\\src\\domain\\enums\\card-creation-status.enum.ts","statementMap":{"0":{"start":{"line":1,"column":0},"end":{"line":1,"column":null}},"1":{"start":{"line":2,"column":2},"end":{"line":2,"column":null}},"2":{"start":{"line":3,"column":2},"end":{"line":3,"column":null}},"3":{"start":{"line":4,"column":2},"end":{"line":4,"column":null}},"4":{"start":{"line":5,"column":2},"end":{"line":5,"column":null}}},"fnMap":{"0":{"name":"(anonymous_0)","decl":{"start":{"line":1,"column":0},"end":{"line":1,"column":12}},"loc":{"start":{"line":1,"column":30},"end":{"line":6,"column":1}}}},"branchMap":{"0":{"loc":{"start":{"line":1,"column":12},"end":{"line":1,"column":null}},"type":"binary-expr","locations":[{"start":{"line":1,"column":12},"end":{"line":1,"column":30}},{"start":{"line":1,"column":30},"end":{"line":1,"column":null}}]}},"s":{"0":7,"1":7,"2":7,"3":7,"4":7},"f":{"0":7},"b":{"0":[7,7]}}
,"D:\\credit-analys\\src\\domain\\enums\\offer-type.enum.ts": {"path":"D:\\credit-analys\\src\\domain\\enums\\offer-type.enum.ts","statementMap":{"0":{"start":{"line":1,"column":0},"end":{"line":1,"column":null}},"1":{"start":{"line":2,"column":2},"end":{"line":2,"column":null}},"2":{"start":{"line":3,"column":2},"end":{"line":3,"column":null}},"3":{"start":{"line":4,"column":2},"end":{"line":4,"column":null}}},"fnMap":{"0":{"name":"(anonymous_0)","decl":{"start":{"line":1,"column":0},"end":{"line":1,"column":12}},"loc":{"start":{"line":1,"column":21},"end":{"line":5,"column":1}}}},"branchMap":{"0":{"loc":{"start":{"line":1,"column":12},"end":{"line":1,"column":null}},"type":"binary-expr","locations":[{"start":{"line":1,"column":12},"end":{"line":1,"column":21}},{"start":{"line":1,"column":21},"end":{"line":1,"column":null}}]}},"s":{"0":8,"1":8,"2":8,"3":8},"f":{"0":8},"b":{"0":[8,8]}}
,"D:\\credit-analys\\src\\domain\\enums\\proposal-status.enum.ts": {"path":"D:\\credit-analys\\src\\domain\\enums\\proposal-status.enum.ts","statementMap":{"0":{"start":{"line":1,"column":0},"end":{"line":1,"column":null}},"1":{"start":{"line":2,"column":2},"end":{"line":2,"column":null}},"2":{"start":{"line":3,"column":2},"end":{"line":3,"column":null}},"3":{"start":{"line":4,"column":2},"end":{"line":4,"column":null}},"4":{"start":{"line":5,"column":2},"end":{"line":5,"column":null}},"5":{"start":{"line":6,"column":2},"end":{"line":6,"column":null}},"6":{"start":{"line":7,"column":2},"end":{"line":7,"column":null}},"7":{"start":{"line":8,"column":2},"end":{"line":8,"column":null}}},"fnMap":{"0":{"name":"(anonymous_0)","decl":{"start":{"line":1,"column":0},"end":{"line":1,"column":12}},"loc":{"start":{"line":1,"column":26},"end":{"line":9,"column":1}}}},"branchMap":{"0":{"loc":{"start":{"line":1,"column":12},"end":{"line":1,"column":null}},"type":"binary-expr","locations":[{"start":{"line":1,"column":12},"end":{"line":1,"column":26}},{"start":{"line":1,"column":26},"end":{"line":1,"column":null}}]}},"s":{"0":7,"1":7,"2":7,"3":7,"4":7,"5":7,"6":7,"7":7},"f":{"0":7},"b":{"0":[7,7]}}
,"D:\\credit-analys\\src\\domain\\policies\\benefit-eligibility.policy.ts": {"path":"D:\\credit-analys\\src\\domain\\policies\\benefit-eligibility.policy.ts","statementMap":{"0":{"start":{"line":1,"column":0},"end":{"line":1,"column":57}},"1":{"start":{"line":2,"column":0},"end":{"line":2,"column":53}},"2":{"start":{"line":3,"column":0},"end":{"line":3,"column":57}},"3":{"start":{"line":9,"column":36},"end":{"line":9,"column":38}},"4":{"start":{"line":10,"column":30},"end":{"line":10,"column":32}},"5":{"start":{"line":11,"column":44},"end":{"line":11,"column":46}},"6":{"start":{"line":13,"column":4},"end":{"line":15,"column":5}},"7":{"start":{"line":14,"column":6},"end":{"line":14,"column":76}},"8":{"start":{"line":17,"column":4},"end":{"line":40,"column":7}},"9":{"start":{"line":18,"column":6},"end":{"line":39,"column":7}},"10":{"start":{"line":21,"column":10},"end":{"line":21,"column":41}},"11":{"start":{"line":22,"column":10},"end":{"line":22,"column":16}},"12":{"start":{"line":24,"column":10},"end":{"line":28,"column":11}},"13":{"start":{"line":25,"column":12},"end":{"line":25,"column":43}},"14":{"start":{"line":27,"column":12},"end":{"line":27,"column":81}},"15":{"start":{"line":29,"column":10},"end":{"line":29,"column":16}},"16":{"start":{"line":31,"column":10},"end":{"line":35,"column":11}},"17":{"start":{"line":32,"column":12},"end":{"line":32,"column":43}},"18":{"start":{"line":34,"column":12},"end":{"line":34,"column":82}},"19":{"start":{"line":36,"column":10},"end":{"line":36,"column":16}},"20":{"start":{"line":38,"column":10},"end":{"line":38,"column":65}},"21":{"start":{"line":42,"column":4},"end":{"line":46,"column":5}},"22":{"start":{"line":43,"column":6},"end":{"line":43,"column":77}},"23":{"start":{"line":45,"column":6},"end":{"line":45,"column":62}},"24":{"start":{"line":48,"column":4},"end":{"line":55,"column":6}},"25":{"start":{"line":5,"column":0},"end":{"line":5,"column":13}},"26":{"start":{"line":6,"column":18},"end":{"line":6,"column":43}}},"fnMap":{"0":{"name":"(anonymous_0)","decl":{"start":{"line":8,"column":2},"end":{"line":8,"column":10}},"loc":{"start":{"line":8,"column":60},"end":{"line":56,"column":3}}},"1":{"name":"(anonymous_1)","decl":{"start":{"line":17,"column":29},"end":{"line":17,"column":30}},"loc":{"start":{"line":17,"column":41},"end":{"line":40,"column":5}}}},"branchMap":{"0":{"loc":{"start":{"line":13,"column":4},"end":{"line":15,"column":5}},"type":"if","locations":[{"start":{"line":13,"column":4},"end":{"line":15,"column":5}}]},"1":{"loc":{"start":{"line":13,"column":8},"end":{"line":13,"column":104}},"type":"binary-expr","locations":[{"start":{"line":13,"column":8},"end":{"line":13,"column":55}},{"start":{"line":13,"column":59},"end":{"line":13,"column":104}}]},"2":{"loc":{"start":{"line":18,"column":6},"end":{"line":39,"column":7}},"type":"switch","locations":[{"start":{"line":19,"column":8},"end":{"line":19,"column":34}},{"start":{"line":20,"column":8},"end":{"line":22,"column":16}},{"start":{"line":23,"column":8},"end":{"line":29,"column":16}},{"start":{"line":30,"column":8},"end":{"line":36,"column":16}},{"start":{"line":37,"column":8},"end":{"line":38,"column":65}}]},"3":{"loc":{"start":{"line":24,"column":10},"end":{"line":28,"column":11}},"type":"if","locations":[{"start":{"line":24,"column":10},"end":{"line":28,"column":11}},{"start":{"line":26,"column":17},"end":{"line":28,"column":11}}]},"4":{"loc":{"start":{"line":31,"column":10},"end":{"line":35,"column":11}},"type":"if","locations":[{"start":{"line":31,"column":10},"end":{"line":35,"column":11}},{"start":{"line":33,"column":17},"end":{"line":35,"column":11}}]},"5":{"loc":{"start":{"line":31,"column":14},"end":{"line":31,"column":60}},"type":"binary-expr","locations":[{"start":{"line":31,"column":14},"end":{"line":31,"column":35}},{"start":{"line":31,"column":39},"end":{"line":31,"column":60}}]},"6":{"loc":{"start":{"line":42,"column":4},"end":{"line":46,"column":5}},"type":"if","locations":[{"start":{"line":42,"column":4},"end":{"line":46,"column":5}},{"start":{"line":44,"column":11},"end":{"line":46,"column":5}}]}},"s":{"0":3,"1":3,"2":3,"3":5,"4":5,"5":5,"6":5,"7":1,"8":5,"9":7,"10":3,"11":3,"12":3,"13":1,"14":2,"15":3,"16":1,"17":1,"18":0,"19":1,"20":0,"21":5,"22":2,"23":3,"24":5,"25":3,"26":3},"f":{"0":5,"1":7},"b":{"0":[1],"1":[5,2],"2":[2,3,3,1,0],"3":[1,2],"4":[1,0],"5":[1,1],"6":[2,3]}}
[...]
4,"column":4},"end":{"line":44,"column":38}},"27":{"start":{"line":46,"column":2},"end":{"line":53,"column":3}},"28":{"start":{"line":52,"column":4},"end":{"line":52,"column":48}},"29":{"start":{"line":54,"column":2},"end":{"line":56,"column":3}},"30":{"start":{"line":55,"column":4},"end":{"line":55,"column":42}},"31":{"start":{"line":57,"column":2},"end":{"line":57,"column":18}},"32":{"start":{"line":62,"column":24},"end":{"line":62,"column":49}},"33":{"start":{"line":63,"column":20},"end":{"line":63,"column":51}},"34":{"start":{"line":65,"column":6},"end":{"line":67,"column":34}},"35":{"start":{"line":68,"column":26},"end":{"line":68,"column":138}},"36":{"start":{"line":69,"column":28},"end":{"line":69,"column":227}},"37":{"start":{"line":70,"column":26},"end":{"line":70,"column":156}},"38":{"start":{"line":71,"column":28},"end":{"line":71,"column":125}},"39":{"start":{"line":72,"column":35},"end":{"line":72,"column":140}},"40":{"start":{"line":73,"column":38},"end":{"line":73,"column":192}},"41":{"start":{"line":74,"column":28},"end":{"line":74,"column":148}},"42":{"start":{"line":75,"column":32},"end":{"line":75,"column":164}},"43":{"start":{"line":76,"column":38},"end":{"line":76,"column":184}},"44":{"start":{"line":77,"column":29},"end":{"line":77,"column":123}},"45":{"start":{"line":79,"column":4},"end":{"line":88,"column":5}},"46":{"start":{"line":80,"column":22},"end":{"line":82,"column":19}},"47":{"start":{"line":81,"column":23},"end":{"line":81,"column":60}},"48":{"start":{"line":83,"column":6},"end":{"line":87,"column":8}},"49":{"start":{"line":90,"column":4},"end":{"line":108,"column":5}},"50":{"start":{"line":91,"column":24},"end":{"line":91,"column":119}},"51":{"start":{"line":92,"column":31},"end":{"line":94,"column":73}},"52":{"start":{"line":95,"column":31},"end":{"line":95,"column":112}},"53":{"start":{"line":96,"column":23},"end":{"line":96,"column":55}},"54":{"start":{"line":98,"column":6},"end":{"line":107,"column":8}},"55":{"start":{"line":110,"column":4},"end":{"line":116,"column":5}},"56":{"start":{"line":111,"column":6},"end":{"line":115,"column":8}},"57":{"start":{"line":118,"column":4},"end":{"line":126,"column":5}},"58":{"start":{"line":119,"column":6},"end":{"line":125,"column":8}},"59":{"start":{"line":128,"column":4},"end":{"line":136,"column":5}},"60":{"start":{"line":129,"column":6},"end":{"line":135,"column":8}},"61":{"start":{"line":138,"column":4},"end":{"line":152,"column":5}},"62":{"start":{"line":139,"column":31},"end":{"line":141,"column":73}},"63":{"start":{"line":142,"column":6},"end":{"line":151,"column":8}},"64":{"start":{"line":154,"column":4},"end":{"line":162,"column":5}},"65":{"start":{"line":155,"column":6},"end":{"line":161,"column":8}},"66":{"start":{"line":164,"column":4},"end":{"line":172,"column":5}},"67":{"start":{"line":165,"column":6},"end":{"line":171,"column":8}},"68":{"start":{"line":174,"column":4},"end":{"line":182,"column":5}},"69":{"start":{"line":175,"column":6},"end":{"line":181,"column":8}},"70":{"start":{"line":184,"column":4},"end":{"line":192,"column":5}},"71":{"start":{"line":185,"column":6},"end":{"line":191,"column":8}},"72":{"start":{"line":194,"column":4},"end":{"line":199,"column":6}},"73":{"start":{"line":60,"column":0},"end":{"line":60,"column":13}}},"fnMap":{"0":{"name":"(anonymous_0)","decl":{"start":{"line":9,"column":24},"end":{"line":9,"column":25}},"loc":{"start":{"line":9,"column":65},"end":{"line":15,"column":1}}},"1":{"name":"(anonymous_1)","decl":{"start":{"line":17,"column":23},"end":{"line":17,"column":24}},"loc":{"start":{"line":17,"column":67},"end":{"line":32,"column":1}}},"2":{"name":"(anonymous_2)","decl":{"start":{"line":34,"column":22},"end":{"line":34,"column":23}},"loc":{"start":{"line":34,"column":58},"end":{"line":58,"column":1}}},"3":{"name":"(anonymous_3)","decl":{"start":{"line":61,"column":2},"end":{"line":61,"column":7}},"loc":{"start":{"line":61,"column":58},"end":{"line":200,"column":3}}},"4":{"name":"(anonymous_4)","decl":{"start":{"line":81,"column":13},"end":{"line":81,"column":14}},"loc":{"start":{"line":81,"column":23},"end":{"line":81,"column":60}}}},"branchMap":{"0":{"loc":{"start":{"line":10,"column":2},"end":{"line":12,"column":3}},"type":"if","locations":[{"start":{"line":10,"column":2},"end":{"line":12,"column":3}}]},"1":{"loc":{"start":{"line":14,"column":9},"end":{"line":14,"column":51}},"type":"cond-expr","locations":[{"start":{"line":14,"column":17},"end":{"line":14,"column":39}},{"start":{"line":14,"column":42},"end":{"line":14,"column":51}}]},"2":{"loc":{"start":{"line":18,"column":2},"end":{"line":20,"column":3}},"type":"if","locations":[{"start":{"line":18,"column":2},"end":{"line":20,"column":3}}]},"3":{"loc":{"start":{"line":22,"column":2},"end":{"line":24,"column":3}},"type":"if","locations":[{"start":{"line":22,"column":2},"end":{"line":24,"column":3}}]},"4":{"loc":{"start":{"line":22,"column":6},"end":{"line":22,"column":70}},"type":"binary-expr","locations":[{"start":{"line":22,"column":6},"end":{"line":22,"column":37}},{"start":{"line":22,"column":41},"end":{"line":22,"column":70}}]},"5":{"loc":{"start":{"line":25,"column":2},"end":{"line":27,"column":3}},"type":"if","locations":[{"start":{"line":25,"column":2},"end":{"line":27,"column":3}}]},"6":{"loc":{"start":{"line":25,"column":6},"end":{"line":25,"column":70}},"type":"binary-expr","locations":[{"start":{"line":25,"column":6},"end":{"line":25,"column":37}},{"start":{"line":25,"column":41},"end":{"line":25,"column":70}}]},"7":{"loc":{"start":{"line":28,"column":2},"end":{"line":30,"column":3}},"type":"if","locations":[{"start":{"line":28,"column":2},"end":{"line":30,"column":3}}]},"8":{"loc":{"start":{"line":28,"column":6},"end":{"line":28,"column":70}},"type":"binary-expr","locations":[{"start":{"line":28,"column":6},"end":{"line":28,"column":37}},{"start":{"line":28,"column":41},"end":{"line":28,"column":70}}]},"9":{"loc":{"start":{"line":36,"column":2},"end":{"line":38,"column":3}},"type":"if","locations":[{"start":{"line":36,"column":2},"end":{"line":38,"column":3}}]},"10":{"loc":{"start":{"line":40,"column":2},"end":{"line":42,"column":3}},"type":"if","locations":[{"start":{"line":40,"column":2},"end":{"line":42,"column":3}}]},"11":{"loc":{"start":{"line":43,"column":2},"end":{"line":45,"column":3}},"type":"if","locations":[{"start":{"line":43,"column":2},"end":{"line":45,"column":3}}]},"12":{"loc":{"start":{"line":43,"column":6},"end":{"line":43,"column":101}},"type":"binary-expr","locations":[{"start":{"line":43,"column":6},"end":{"line":43,"column":35}},{"start":{"line":43,"column":39},"end":{"line":43,"column":68}},{"start":{"line":43,"column":72},"end":{"line":43,"column":101}}]},"13":{"loc":{"start":{"line":46,"column":2},"end":{"line":53,"column":3}},"type":"if","locations":[{"start":{"line":46,"column":2},"end":{"line":53,"column":3}}]},"14":{"loc":{"start":{"line":47,"column":4},"end":{"line":50,"column":36}},"type":"binary-expr","locations":[{"start":{"line":47,"column":4},"end":{"line":47,"column":33}},{"start":{"line":48,"column":4},"end":{"line":48,"column":32}},{"start":{"line":49,"column":4},"end":{"line":49,"column":33}},{"start":{"line":50,"column":4},"end":{"line":50,"column":36}}]},"15":{"loc":{"start":{"line":54,"column":2},"end":{"line":56,"column":3}},"type":"if","locations":[{"start":{"line":54,"column":2},"end":{"line":56,"column":3}}]},"16":{"loc":{"start":{"line":54,"column":6},"end":{"line":54,"column":65}},"type":"binary-expr","locations":[{"start":{"line":54,"column":6},"end":{"line":54,"column":32}},{"start":{"line":54,"column":36},"end":{"line":54,"column":65}}]},"17":{"loc":{"start":{"line":62,"column":24},"end":{"line":62,"column":49}},"type":"binary-expr","locations":[{"start":{"line":62,"column":24},"end":{"line":62,"column":43}},{"start":{"line":62,"column":47},"end":{"line":62,"column":49}}]},"18":{"loc":{"start":{"line":65,"column":6},"end":{"line":67,"column":34}},"type":"binary-expr","locations":[{"start":{"line":65,"column":6},"end":{"line":65,"column":24}},{"start":{"line":66,"column":7},"end":{"line":66,"column":60}},{"start":{"line":67,"column":6},"end":{"line":67,"column":34}}]},"19":{"loc":{"start":{"line":79,"column":4},"end":{"line":88,"column":5}},"type":"if","locations":[{"start":{"line":79,"column":4},"end":{"line":88,"column":5}}]},"20":{"loc":{"start":{"line":90,"column":4},"end":{"line":108,"column":5}},"type":"if","locations":[{"start":{"line":90,"column":4},"end":{"line":108,"column":5}}]},"21":{"loc":{"start":{"line":91,"column":24},"end":{"line":91,"column":119}},"type":"binary-expr","locations":[{"start":{"line":91,"column":24},"end":{"line":91,"column":59}},{"start":{"line":91,"column":64},"end":{"line":91,"column":119}}]},"22":{"loc":{"start":{"line":92,"column":31},"end":{"line":94,"column":73}},"type":"cond-expr","locations":[{"start":{"line":93,"column":10},"end":{"line":93,"column":44}},{"start":{"line":94,"column":12},"end":{"line":94,"column":72}}]},"23":{"loc":{"start":{"line":94,"column":12},"end":{"line":94,"column":72}},"type":"binary-expr","locations":[{"start":{"line":94,"column":12},"end":{"line":94,"column":66}},{"start":{"line":94,"column":70},"end":{"line":94,"column":72}}]},"24":{"loc":{"start":{"line":95,"column":31},"end":{"line":95,"column":112}},"type":"binary-expr","locations":[{"start":{"line":95,"column":31},"end":{"line":95,"column":106}},{"start":{"line":95,"column":110},"end":{"line":95,"column":112}}]},"25":{"loc":{"start":{"line":96,"column":23},"end":{"line":96,"column":55}},"type":"binary-expr","locations":[{"start":{"line":96,"column":23},"end":{"line":96,"column":33}},{"start":{"line":96,"column":37},"end":{"line":96,"column":55}}]},"26":{"loc":{"start":{"line":110,"column":4},"end":{"line":116,"column":5}},"type":"if","locations":[{"start":{"line":110,"column":4},"end":{"line":116,"column":5}}]},"27":{"loc":{"start":{"line":118,"column":4},"end":{"line":126,"column":5}},"type":"if","locations":[{"start":{"line":118,"column":4},"end":{"line":126,"column":5}}]},"28":{"loc":{"start":{"line":120,"column":18},"end":{"line":120,"column":54}},"type":"cond-expr","locations":[{"start":{"line":120,"column":31},"end":{"line":120,"column":45}},{"start":{"line":120,"column":48},"end":{"line":120,"column":54}}]},"29":{"loc":{"start":{"line":122,"column":26},"end":{"line":124,"column":88}},"type":"cond-expr","locations":[{"start":{"line":123,"column":12},"end":{"line":123,"column":51}},{"start":{"line":124,"column":12},"end":{"line":124,"column":88}}]},"30":{"loc":{"start":{"line":128,"column":4},"end":{"line":136,"column":5}},"type":"if","locations":[{"start":{"line":128,"column":4},"end":{"line":136,"column":5}}]},"31":{"loc":{"start":{"line":130,"column":18},"end":{"line":130,"column":56}},"type":"cond-expr","locations":[{"start":{"line":130,"column":31},"end":{"line":130,"column":47}},{"start":{"line":130,"column":50},"end":{"line":130,"column":56}}]},"32":{"loc":{"start":{"line":132,"column":26},"end":{"line":134,"column":69}},"type":"cond-expr","locations":[{"start":{"line":133,"column":12},"end":{"line":133,"column":75}},{"start":{"line":134,"column":12},"end":{"line":134,"column":69}}]},"33":{"loc":{"start":{"line":138,"column":4},"end":{"line":152,"column":5}},"type":"if","locations":[{"start":{"line":138,"column":4},"end":{"line":152,"column":5}}]},"34":{"loc":{"start":{"line":139,"column":31},"end":{"line":141,"column":73}},"type":"cond-expr","locations":[{"start":{"line":140,"column":10},"end":{"line":140,"column":44}},{"start":{"line":141,"column":12},"end":{"line":141,"column":72}}]},"35":{"loc":{"start":{"line":141,"column":12},"end":{"line":141,"column":72}},"type":"binary-expr","locations":[{"start":{"line":141,"column":12},"end":{"line":141,"column":66}},{"start":{"line":141,"column":70},"end":{"line":141,"column":72}}]},"36":{"loc":{"start":{"line":143,"column":18},"end":{"line":143,"column":59}},"type":"cond-expr","locations":[{"start":{"line":143,"column":31},"end":{"line":143,"column":50}},{"start":{"line":143,"column":53},"end":{"line":143,"column":59}}]},"37":{"loc":{"start":{"line":148,"column":26},"end":{"line":150,"column":67}},"type":"cond-expr","locations":[{"start":{"line":149,"column":12},"end":{"line":149,"column":67}},{"start":{"line":150,"column":12},"end":{"line":150,"column":67}}]},"38":{"loc":{"start":{"line":154,"column":4},"end":{"line":162,"column":5}},"type":"if","locations":[{"start":{"line":154,"column":4},"end":{"line":162,"column":5}}]},"39":{"loc":{"start":{"line":156,"column":18},"end":{"line":156,"column":57}},"type":"cond-expr","locations":[{"start":{"line":156,"column":31},"end":{"line":156,"column":48}},{"start":{"line":156,"column":51},"end":{"line":156,"column":57}}]},"40":{"loc":{"start":{"line":158,"column":26},"end":{"line":160,"column":68}},"type":"cond-expr","locations":[{"start":{"line":159,"column":12},"end":{"line":159,"column":34}},{"start":{"line":160,"column":12},"end":{"line":160,"column":68}}]},"41":{"loc":{"start":{"line":164,"column":4},"end":{"line":172,"column":5}},"type":"if","locations":[{"start":{"line":164,"column":4},"end":{"line":172,"column":5}}]},"42":{"loc":{"start":{"line":166,"column":18},"end":{"line":166,"column":61}},"type":"cond-expr","locations":[{"start":{"line":166,"column":31},"end":{"line":166,"column":52}},{"start":{"line":166,"column":55},"end":{"line":166,"column":61}}]},"43":{"loc":{"start":{"line":168,"column":26},"end":{"line":170,"column":69}},"type":"cond-expr","locations":[{"start":{"line":169,"column":12},"end":{"line":169,"column":65}},{"start":{"line":170,"column":12},"end":{"line":170,"column":69}}]},"44":{"loc":{"start":{"line":174,"column":4},"end":{"line":182,"column":5}},"type":"if","locations":[{"start":{"line":174,"column":4},"end":{"line":182,"column":5}}]},"45":{"loc":{"start":{"line":176,"column":18},"end":{"line":176,"column":59}},"type":"cond-expr","locations":[{"start":{"line":176,"column":31},"end":{"line":176,"column":50}},{"start":{"line":176,"column":53},"end":{"line":176,"column":59}}]},"46":{"loc":{"start":{"line":178,"column":26},"end":{"line":180,"column":65}},"type":"cond-expr","locations":[{"start":{"line":179,"column":12},"end":{"line":179,"column":55}},{"start":{"line":180,"column":12},"end":{"line":180,"column":65}}]},"47":{"loc":{"start":{"line":184,"column":4},"end":{"line":192,"column":5}},"type":"if","locations":[{"start":{"line":184,"column":4},"end":{"line":192,"column":5}}]},"48":{"loc":{"start":{"line":186,"column":18},"end":{"line":186,"column":58}},"type":"cond-expr","locations":[{"start":{"line":186,"column":31},"end":{"line":186,"column":49}},{"start":{"line":186,"column":52},"end":{"line":186,"column":58}}]},"49":{"loc":{"start":{"line":188,"column":26},"end":{"line":190,"column":68}},"type":"cond-expr","locations":[{"start":{"line":189,"column":12},"end":{"line":189,"column":63}},{"start":{"line":190,"column":12},"end":{"line":190,"column":68}}]}},"s":{"0":1,"1":1,"2":1,"3":2,"4":0,"5":2,"6":2,"7":1,"8":1,"9":0,"10":1,"11":1,"12":1,"13":0,"14":0,"15":0,"16":0,"17":0,"18":1,"19":2,"20":2,"21":0,"22":2,"23":2,"24":2,"25":2,"26":0,"27":2,"28":0,"29":2,"30":0,"31":2,"32":4,"33":4,"34":4,"35":4,"36":4,"37":4,"38":4,"39":4,"40":4,"41":4,"42":4,"43":4,"44":4,"45":4,"46":0,"47":0,"48":0,"49":4,"50":1,"51":1,"52":1,"53":1,"54":1,"55":3,"56":1,"57":2,"58":1,"59":1,"60":0,"61":1,"62":0,"63":0,"64":1,"65":0,"66":1,"67":0,"68":1,"69":0,"70":1,"71":0,"72":1,"73":1},"f":{"0":2,"1":1,"2":2,"3":4,"4":0},"b":{"0":[0],"1":[0,2],"2":[0],"3":[1],"4":[1,0],"5":[0],"6":[0,0],"7":[0],"8":[0,0],"9":[0],"10":[2],"11":[0],"12":[2,2,2],"13":[0],"14":[2,2,2,2],"15":[0],"16":[2,2],"17":[4,0],"18":[4,2,2],"19":[0],"20":[1],"21":[1,0],"22":[1,0],"23":[0,0],"24":[1,0],"25":[1,0],"26":[1],"27":[1],"28":[1,0],"29":[1,0],"30":[0],"31":[0,0],"32":[0,0],"33":[0],"34":[0,0],"35":[0,0],"36":[0,0],"37":[0,0],"38":[0],"39":[0,0],"40":[0,0],"41":[0],"42":[0,0],"43":[0,0],"44":[0],"45":[0,0],"46":[0,0],"47":[0],"48":[0,0],"49":[0,0]}}
,"D:\\credit-analys\\src\\infrastructure\\repositories\\in-memory-proposal.repository.ts": {"path":"D:\\credit-analys\\src\\infrastructure\\repositories\\in-memory-proposal.repository.ts","statementMap":{"0":{"start":{"line":5,"column":19},"end":{"line":5,"column":70}},"1":{"start":{"line":8,"column":4},"end":{"line":8,"column":50}},"2":{"start":{"line":12,"column":4},"end":{"line":12,"column":46}},"3":{"start":{"line":16,"column":4},"end":{"line":16,"column":43}},"4":{"start":{"line":4,"column":0},"end":{"line":4,"column":13}}},"fnMap":{"0":{"name":"(anonymous_0)","decl":{"start":{"line":4,"column":0},"end":{"line":4,"column":13}},"loc":{"start":{"line":4,"column":0},"end":{"line":18,"column":1}}},"1":{"name":"(anonymous_1)","decl":{"start":{"line":7,"column":2},"end":{"line":7,"column":7}},"loc":{"start":{"line":7,"column":41},"end":{"line":9,"column":3}}},"2":{"name":"(anonymous_2)","decl":{"start":{"line":11,"column":2},"end":{"line":11,"column":7}},"loc":{"start":{"line":11,"column":35},"end":{"line":13,"column":3}}},"3":{"name":"(anonymous_3)","decl":{"start":{"line":15,"column":2},"end":{"line":15,"column":7}},"loc":{"start":{"line":15,"column":15},"end":{"line":17,"column":3}}}},"branchMap":{"0":{"loc":{"start":{"line":12,"column":11},"end":{"line":12,"column":45}},"type":"binary-expr","locations":[{"start":{"line":12,"column":11},"end":{"line":12,"column":37}},{"start":{"line":12,"column":41},"end":{"line":12,"column":45}}]}},"s":{"0":6,"1":35,"2":24,"3":1,"4":6},"f":{"0":6,"1":35,"2":24,"3":1},"b":{"0":[24,0]}}
,"D:\\credit-analys\\src\\shared\\security\\pii.util.ts": {"path":"D:\\credit-analys\\src\\shared\\security\\pii.util.ts","statementMap":{"0":{"start":{"line":1,"column":0},"end":{"line":1,"column":16}},"1":{"start":{"line":14,"column":0},"end":{"line":14,"column":16}},"2":{"start":{"line":2,"column":2},"end":{"line":4,"column":3}},"3":{"start":{"line":3,"column":4},"end":{"line":3,"column":17}},"4":{"start":{"line":6,"column":18},"end":{"line":6,"column":30}},"5":{"start":{"line":7,"column":2},"end":{"line":9,"column":3}},"6":{"start":{"line":8,"column":4},"end":{"line":8,"column":80}},"7":{"start":{"line":11,"column":2},"end":{"line":11,"column":65}},"8":{"start":{"line":15,"column":2},"end":{"line":17,"column":3}},"9":{"start":{"line":16,"column":4},"end":{"line":16,"column":17}},"10":{"start":{"line":19,"column":18},"end":{"line":19,"column":30}},"11":{"start":{"line":20,"column":18},"end":{"line":20,"column":38}},"12":{"start":{"line":21,"column":2},"end":{"line":23,"column":3}},"13":{"start":{"line":22,"column":4},"end":{"line":22,"column":17}},"14":{"start":{"line":25,"column":16},"end":{"line":25,"column":41}},"15":{"start":{"line":26,"column":17},"end":{"line":26,"column":39}},"16":{"start":{"line":27,"column":2},"end":{"line":27,"column":35}}},"fnMap":{"0":{"name":"maskNationalId","decl":{"start":{"line":1,"column":16},"end":{"line":1,"column":30}},"loc":{"start":{"line":1,"column":56},"end":{"line":12,"column":1}}},"1":{"name":"maskEmail","decl":{"start":{"line":14,"column":16},"end":{"line":14,"column":25}},"loc":{"start":{"line":14,"column":51},"end":{"line":28,"column":1}}}},"branchMap":{"0":{"loc":{"start":{"line":2,"column":2},"end":{"line":4,"column":3}},"type":"if","locations":[{"start":{"line":2,"column":2},"end":{"line":4,"column":3}}]},"1":{"loc":{"start":{"line":7,"column":2},"end":{"line":9,"column":3}},"type":"if","locations":[{"start":{"line":7,"column":2},"end":{"line":9,"column":3}}]},"2":{"loc":{"start":{"line":15,"column":2},"end":{"line":17,"column":3}},"type":"if","locations":[{"start":{"line":15,"column":2},"end":{"line":17,"column":3}}]},"3":{"loc":{"start":{"line":21,"column":2},"end":{"line":23,"column":3}},"type":"if","locations":[{"start":{"line":21,"column":2},"end":{"line":23,"column":3}}]}},"s":{"0":2,"1":2,"2":6,"3":0,"4":6,"5":6,"6":0,"7":6,"8":6,"9":0,"10":6,"11":6,"12":6,"13":0,"14":6,"15":6,"16":6},"f":{"0":6,"1":6},"b":{"0":[0],"1":[0],"2":[0],"3":[0]}}
}
