TN:
SF:src\adapters\inbound\http\controllers\assistant.controller.ts
FN:7,(anonymous_4)
FN:13,(anonymous_5)
FN:18,(anonymous_6)
FN:26,(anonymous_7)
FNF:4
FNH:4
FNDA:1,(anonymous_4)
FNDA:1,(anonymous_5)
FNDA:1,(anonymous_6)
FNDA:1,(anonymous_7)
DA:1,1
DA:2,1
DA:6,1
DA:9,1
DA:13,1
DA:14,1
DA:18,1
DA:19,1
DA:26,1
DA:27,1
LF:10
LH:10
BRF:0
BRH:0
end_of_record
TN:
SF:src\adapters\inbound\http\dto\assistant.dto.ts
FNF:0
FNH:0
DA:1,1
DA:8,1
LF:2
LH:2
BRF:0
BRH:0
end_of_record
TN:
SF:src\adapters\inbound\http\services\proposal.service.ts
FN:19,(anonymous_4)
FN:32,(anonymous_5)
FN:41,(anonymous_6)
FN:49,(anonymous_7)
FN:57,(anonymous_8)
FN:65,(anonymous_9)
FN:73,(anonymous_10)
FN:81,(anonymous_11)
FN:85,(anonymous_12)
FN:87,(anonymous_13)
FN:97,(anonymous_14)
FN:105,(anonymous_15)
FN:117,(anonymous_16)
FNF:13
FNH:8
FNDA:1,(anonymous_4)
FNDA:1,(anonymous_5)
FNDA:1,(anonymous_6)
FNDA:0,(anonymous_7)
FNDA:1,(anonymous_8)
FNDA:0,(anonymous_9)
FNDA:0,(anonymous_10)
FNDA:0,(anonymous_11)
FNDA:1,(anonymous_12)
FNDA:1,(anonymous_13)
FNDA:0,(anonymous_14)
FNDA:2,(anonymous_15)
FNDA:1,(anonymous_16)
DA:1,1
DA:2,1
DA:3,1
DA:4,1
DA:5,1
DA:6,1
DA:7,1
DA:8,1
DA:9,1
DA:10,1
DA:14,1
DA:18,1
DA:20,1
DA:21,1
DA:22,1
DA:23,1
DA:24,1
DA:25,1
DA:26,1
DA:27,1
DA:28,1
DA:29,1
DA:33,1
DA:34,1
DA:35,1
DA:37,0
DA:42,1
DA:43,1
DA:45,1
DA:50,0
DA:51,0
DA:53,0
DA:58,1
DA:59,1
DA:61,1
DA:66,0
DA:67,0
DA:69,0
DA:74,0
DA:75,0
DA:77,0
DA:82,0
DA:86,1
DA:87,1
DA:98,0
DA:99,0
DA:101,0
DA:106,2
DA:107,0
DA:110,2
DA:111,1
DA:114,1
DA:118,1
LF:53
LH:38
BRDA:106,0,0,0
BRDA:110,1,0,1
BRF:2
BRH:1
end_of_record
TN:
SF:src\application\services\ai-assistant.service.ts
FN:10,(anonymous_4)
FN:15,(anonymous_5)
FNF:2
FNH:0
FNDA:0,(anonymous_4)
FNDA:0,(anonymous_5)
DA:1,2
DA:9,2
DA:12,0
DA:16,0
LF:4
LH:2
BRF:0
BRH:0
end_of_record
TN:
SF:src\application\services\outbox-event.publisher.ts
FN:7,(anonymous_4)
FN:12,(anonymous_5)
FNF:2
FNH:1
FNDA:6,(anonymous_4)
FNDA:0,(anonymous_5)
DA:1,6
DA:6,6
DA:9,6
DA:13,0
LF:4
LH:3
BRF:0
BRH:0
end_of_record
TN:
SF:src\application\use-cases\activate-benefits.use-case.ts
FN:10,(anonymous_0)
FN:16,(anonymous_1)
FN:31,(anonymous_2)
FN:47,(anonymous_3)
FN:58,(anonymous_4)
FNF:5
FNH:5
FNDA:4,(anonymous_0)
FNDA:3,(anonymous_1)
FNDA:3,(anonymous_2)
FNDA:3,(anonymous_3)
FNDA:3,(anonymous_4)
DA:5,3
DA:6,3
DA:7,3
DA:9,3
DA:11,4
DA:12,4
DA:13,4
DA:17,3
DA:18,3
DA:19,0
DA:22,3
DA:23,1
DA:26,2
DA:27,0
DA:30,2
DA:32,3
DA:38,3
DA:43,3
DA:47,3
DA:48,2
DA:49,1
DA:52,2
DA:53,2
DA:58,3
DA:67,2
LF:25
LH:23
BRDA:18,0,0,0
BRDA:22,1,0,1
BRDA:26,2,0,0
BRDA:40,3,0,2
BRDA:40,3,1,1
BRDA:48,4,0,1
BRF:6
BRH:4
end_of_record
TN:
SF:src\application\use-cases\chat-assistant.use-case.ts
FN:73,(anonymous_4)
FN:77,(anonymous_5)
FN:92,(anonymous_6)
FN:106,(anonymous_7)
FN:125,(anonymous_8)
FN:165,(anonymous_9)
FN:171,(anonymous_10)
FN:198,(anonymous_11)
FN:209,(anonymous_12)
FN:219,(anonymous_13)
FN:253,(anonymous_14)
FN:272,(anonymous_15)
FN:316,(anonymous_16)
FN:338,(anonymous_17)
FN:355,(anonymous_18)
FN:379,(anonymous_19)
FN:394,(anonymous_20)
FN:409,(anonymous_21)
FN:426,(anonymous_22)
FN:448,(anonymous_23)
FN:454,(anonymous_24)
FN:465,(anonymous_25)
FNF:22
FNH:15
FNDA:9,(anonymous_4)
FNDA:9,(anonymous_5)
FNDA:5,(anonymous_6)
FNDA:8,(anonymous_7)
FNDA:15,(anonymous_8)
FNDA:0,(anonymous_9)
FNDA:0,(anonymous_10)
FNDA:8,(anonymous_11)
FNDA:2,(anonymous_12)
FNDA:5,(anonymous_13)
FNDA:2,(anonymous_14)
FNDA:12,(anonymous_15)
FNDA:1,(anonymous_16)
FNDA:1,(anonymous_17)
FNDA:0,(anonymous_18)
FNDA:0,(anonymous_19)
FNDA:0,(anonymous_20)
FNDA:0,(anonymous_21)
FNDA:0,(anonymous_22)
FNDA:1,(anonymous_23)
FNDA:2,(anonymous_24)
FNDA:2,(anonymous_25)
DA:1,1
DA:4,1
DA:5,1
DA:6,1
DA:7,1
DA:8,1
DA:9,1
DA:10,1
DA:11,1
DA:12,1
DA:14,1
DA:25,1
DA:73,1
DA:74,9
DA:77,1
DA:78,9
DA:91,1
DA:93,5
DA:94,5
DA:95,5
DA:96,5
DA:97,5
DA:98,5
DA:99,5
DA:100,5
DA:101,5
DA:103,5
DA:107,8
DA:108,8
DA:109,8
DA:117,8
DA:118,8
DA:119,1
DA:125,15
DA:126,2
DA:132,5
DA:133,5
DA:140,5
DA:150,0
DA:151,0
DA:152,0
DA:158,0
DA:170,0
DA:171,0
DA:172,0
DA:178,0
DA:179,0
DA:180,0
DA:190,0
DA:191,0
DA:199,8
DA:201,2
DA:203,2
DA:205,4
DA:210,2
DA:211,2
DA:213,0
DA:214,0
DA:216,0
DA:225,5
DA:226,5
DA:228,2
DA:230,1
DA:232,1
DA:234,1
DA:236,0
DA:238,0
DA:240,0
DA:242,0
DA:244,0
DA:246,0
DA:254,2
DA:255,2
DA:256,2
DA:261,2
DA:262,2
DA:263,2
DA:265,2
DA:272,12
DA:274,2
DA:275,0
DA:281,2
DA:282,0
DA:288,2
DA:289,0
DA:295,2
DA:309,2
DA:310,2
DA:317,1
DA:318,0
DA:324,1
DA:325,1
DA:326,0
DA:332,1
DA:339,1
DA:340,0
DA:346,1
DA:347,1
DA:356,0
DA:357,0
DA:363,0
DA:364,0
DA:370,0
DA:371,0
DA:380,0
DA:381,0
DA:387,0
DA:388,0
DA:395,0
DA:396,0
DA:402,0
DA:403,0
DA:410,0
DA:411,0
DA:417,0
DA:418,0
DA:427,0
DA:428,0
DA:434,0
DA:435,0
DA:436,0
DA:442,0
DA:449,1
DA:450,1
DA:454,2
DA:466,2
LF:126
LH:75
BRDA:107,0,0,8
BRDA:107,0,1,4
BRDA:118,1,0,1
BRDA:118,2,0,8
BRDA:118,2,1,8
BRDA:125,3,0,2
BRDA:146,4,0,5
BRDA:146,4,1,1
BRDA:150,5,0,0
BRDA:150,5,1,0
BRDA:151,6,0,0
BRDA:168,7,0,0
BRDA:171,8,0,0
BRDA:186,9,0,0
BRDA:186,9,1,0
BRDA:190,10,0,0
BRDA:190,10,1,0
BRDA:199,11,0,2
BRDA:199,11,1,2
BRDA:199,11,2,4
BRDA:210,12,0,2
BRDA:213,13,0,0
BRDA:225,14,0,5
BRDA:225,14,1,2
BRDA:226,15,0,2
BRDA:226,15,1,1
BRDA:226,15,2,1
BRDA:226,15,3,1
BRDA:226,15,4,0
BRDA:226,15,5,0
BRDA:226,15,6,0
BRDA:226,15,7,0
BRDA:226,15,8,0
BRDA:226,15,9,0
BRDA:254,16,0,2
BRDA:254,16,1,1
BRDA:255,17,0,2
BRDA:255,17,1,0
BRDA:261,18,0,2
BRDA:261,18,1,1
BRDA:262,19,0,2
BRDA:262,19,1,1
BRDA:262,19,2,0
BRDA:263,20,0,2
BRDA:263,20,1,1
BRDA:263,20,2,0
BRDA:274,21,0,0
BRDA:281,22,0,0
BRDA:288,23,0,0
BRDA:288,24,0,2
BRDA:288,24,1,2
BRDA:317,25,0,0
BRDA:325,26,0,0
BRDA:339,27,0,0
BRDA:348,28,0,1
BRDA:348,28,1,0
BRDA:356,29,0,0
BRDA:363,30,0,0
BRDA:363,31,0,0
BRDA:363,31,1,0
BRDA:372,32,0,0
BRDA:372,32,1,0
BRDA:380,33,0,0
BRDA:395,34,0,0
BRDA:410,35,0,0
BRDA:419,36,0,0
BRDA:419,36,1,0
BRDA:427,37,0,0
BRDA:435,38,0,0
BRDA:451,39,0,1
BRDA:451,39,1,0
BRF:71
BRH:31
end_of_record
TN:
SF:src\application\use-cases\create-card-account.use-case.ts
FN:7,(anonymous_0)
FN:13,(anonymous_1)
FNF:2
FNH:2
FNDA:2,(anonymous_0)
FNDA:2,(anonymous_1)
DA:4,3
DA:6,3
DA:8,2
DA:9,2
DA:10,2
DA:14,2
DA:15,2
DA:16,0
DA:19,2
DA:20,0
DA:23,2
DA:24,0
DA:30,2
DA:31,2
DA:32,2
DA:41,2
DA:49,2
DA:50,2
DA:51,2
DA:61,0
DA:62,0
DA:73,2
DA:75,2
LF:23
LH:18
BRDA:15,0,0,0
BRDA:19,1,0,0
BRDA:23,2,0,0
BRDA:49,3,0,2
BRDA:49,3,1,0
BRDA:49,4,0,2
BRDA:49,4,1,2
BRDA:61,5,0,0
BRDA:61,5,1,0
BRF:9
BRH:3
end_of_record
TN:
SF:src\application\use-cases\create-proposal.use-case.ts
FN:23,(anonymous_0)
FN:28,(anonymous_1)
FNF:2
FNH:2
FNDA:6,(anonymous_0)
FNDA:14,(anonymous_1)
DA:1,7
DA:2,7
DA:22,7
DA:24,6
DA:25,6
DA:29,14
DA:38,14
DA:39,14
DA:40,14
DA:41,14
DA:51,14
LF:11
LH:11
BRF:0
BRH:0
end_of_record
TN:
SF:src\application\use-cases\generate-proposal-explanation.use-case.ts
FN:8,(anonymous_2)
FN:13,(anonymous_3)
FN:27,(anonymous_4)
FNF:3
FNH:1
FNDA:1,(anonymous_2)
FNDA:0,(anonymous_3)
FNDA:0,(anonymous_4)
DA:1,2
DA:3,2
DA:7,2
DA:9,1
DA:10,1
DA:14,0
DA:15,0
DA:16,0
DA:19,0
DA:27,0
DA:36,0
LF:11
LH:5
BRDA:15,0,0,0
BRF:1
BRH:0
end_of_record
TN:
SF:src\application\use-cases\get-proposal-status.use-case.ts
FN:4,(anonymous_0)
FN:6,(anonymous_1)
FNF:2
FNH:2
FNDA:5,(anonymous_0)
FNDA:1,(anonymous_1)
DA:3,2
DA:4,5
DA:7,1
DA:8,1
DA:9,0
DA:12,1
LF:6
LH:5
BRDA:8,0,0,0
BRF:1
BRH:0
end_of_record
TN:
SF:src\application\use-cases\list-proposals.use-case.ts
FN:4,(anonymous_0)
FN:6,(anonymous_1)
FN:9,(anonymous_2)
FNF:3
FNH:3
FNDA:1,(anonymous_0)
FNDA:1,(anonymous_1)
FNDA:2,(anonymous_2)
DA:3,2
DA:4,1
DA:7,1
DA:9,2
LF:4
LH:4
BRF:0
BRH:0
end_of_record
TN:
SF:src\application\use-cases\submit-proposal.use-case.ts
FN:6,(anonymous_0)
FN:11,(anonymous_1)
FNF:2
FNH:2
FNDA:2,(anonymous_0)
FNDA:1,(anonymous_1)
DA:3,3
DA:5,3
DA:7,2
DA:8,2
DA:12,1
DA:13,1
DA:14,0
DA:17,1
DA:18,0
DA:21,1
DA:22,1
DA:23,1
DA:33,1
LF:13
LH:11
BRDA:13,0,0,0
BRDA:17,1,0,0
BRF:2
BRH:0
end_of_record
TN:
SF:src\application\use-cases\validate-benefits.use-case.ts
FN:8,(anonymous_0)
FN:14,(anonymous_1)
FNF:2
FNH:2
FNDA:2,(anonymous_0)
FNDA:3,(anonymous_1)
DA:2,3
DA:7,3
DA:9,2
DA:10,2
DA:11,2
DA:20,3
DA:21,3
DA:22,0
DA:25,3
DA:26,1
DA:29,2
DA:30,2
DA:31,2
DA:32,1
DA:34,1
DA:37,2
DA:38,2
DA:50,2
LF:18
LH:17
BRDA:21,0,0,0
BRDA:25,1,0,1
BRDA:31,2,0,1
BRDA:31,2,1,1
BRF:4
BRH:3
end_of_record
TN:
SF:src\application\use-cases\validate-offer-eligibility.use-case.ts
FN:8,(anonymous_0)
FN:14,(anonymous_1)
FNF:2
FNH:2
FNDA:3,(anonymous_0)
FNDA:6,(anonymous_1)
DA:5,4
DA:7,4
DA:9,3
DA:10,3
DA:11,3
DA:20,6
DA:21,6
DA:22,0
DA:25,6
DA:26,1
DA:29,5
DA:30,5
DA:31,4
DA:33,1
DA:36,5
DA:37,5
DA:49,5
LF:17
LH:16
BRDA:21,0,0,0
BRDA:25,1,0,1
BRDA:30,2,0,4
BRDA:30,2,1,1
BRF:4
BRH:3
end_of_record
TN:
SF:src\domain\entities\audit-entry.entity.ts
FN:6,(anonymous_0)
FNF:1
FNH:1
FNDA:56,(anonymous_0)
DA:5,7
DA:8,56
DA:10,56
DA:12,56
DA:14,56
LF:5
LH:5
BRF:0
BRH:0
end_of_record
TN:
SF:src\domain\entities\benefit-selection.entity.ts
FN:8,(anonymous_0)
FN:18,(anonymous_1)
FNF:2
FNH:2
FNDA:16,(anonymous_0)
FNDA:16,(anonymous_1)
DA:1,7
DA:7,7
DA:10,16
DA:12,16
DA:19,16
DA:20,9
DA:23,7
DA:24,0
LF:8
LH:7
BRDA:19,0,0,9
BRDA:19,1,0,16
BRDA:19,1,1,16
BRDA:23,2,0,0
BRDA:23,3,0,7
BRDA:23,3,1,6
BRF:6
BRH:5
end_of_record
TN:
SF:src\domain\entities\credit-card-proposal.entity.ts
FN:22,(anonymous_0)
FN:48,(anonymous_1)
FN:57,(anonymous_2)
FN:64,(anonymous_3)
FN:73,(anonymous_4)
FN:82,(anonymous_5)
FN:91,(anonymous_6)
FN:106,(anonymous_7)
FN:120,(anonymous_8)
FN:133,(anonymous_9)
FN:142,(anonymous_10)
FN:155,(anonymous_11)
FN:163,(anonymous_12)
FNF:13
FNH:13
FNDA:14,(anonymous_0)
FNDA:39,(anonymous_1)
FNDA:56,(anonymous_2)
FNDA:11,(anonymous_3)
FNDA:7,(anonymous_4)
FNDA:6,(anonymous_5)
FNDA:5,(anonymous_6)
FNDA:4,(anonymous_7)
FNDA:1,(anonymous_8)
FNDA:1,(anonymous_9)
FNDA:2,(anonymous_10)
FNDA:3,(anonymous_11)
FNDA:2,(anonymous_12)
DA:2,7
DA:4,7
DA:6,7
DA:7,7
DA:14,7
DA:24,14
DA:26,14
DA:28,14
DA:32,14
DA:33,14
DA:34,14
DA:35,14
DA:36,14
DA:49,39
DA:50,0
DA:58,56
DA:65,11
DA:66,11
DA:67,11
DA:74,7
DA:75,7
DA:76,7
DA:83,6
DA:84,6
DA:85,6
DA:92,5
DA:93,5
DA:97,0
DA:99,5
DA:100,5
DA:107,4
DA:108,4
DA:109,0
DA:111,4
DA:112,4
DA:113,4
DA:114,4
DA:121,1
DA:122,1
DA:123,0
DA:125,1
DA:126,1
DA:127,1
DA:134,1
DA:135,1
DA:136,1
DA:143,2
DA:147,2
DA:148,2
DA:149,2
DA:156,3
DA:157,3
DA:164,2
DA:165,2
DA:166,2
LF:55
LH:51
BRDA:30,0,0,0
BRDA:49,1,0,0
BRDA:93,2,0,0
BRDA:94,3,0,5
BRDA:94,3,1,1
BRDA:108,4,0,0
BRDA:122,5,0,0
BRF:7
BRH:2
end_of_record
TN:
SF:src\domain\entities\customer-profile.entity.ts
FN:7,(anonymous_0)
FN:46,(anonymous_1)
FNF:2
FNH:2
FNDA:16,(anonymous_0)
FNDA:21,(anonymous_1)
DA:1,8
DA:6,8
DA:9,16
DA:11,16
DA:13,16
DA:15,16
DA:17,16
DA:19,16
DA:21,16
DA:22,0
DA:24,16
DA:25,0
DA:27,16
DA:28,0
DA:30,16
DA:31,0
DA:33,16
DA:34,0
DA:36,16
DA:37,0
DA:47,21
DA:49,7
DA:51,7
DA:53,7
DA:55,0
LF:25
LH:18
BRDA:21,0,0,0
BRDA:24,1,0,0
BRDA:27,2,0,0
BRDA:30,3,0,0
BRDA:33,4,0,0
BRDA:36,5,0,0
BRDA:47,6,0,7
BRDA:47,6,1,7
BRDA:47,6,2,7
BRDA:47,6,3,0
BRDA:51,7,0,7
BRDA:51,7,1,2
BRDA:53,8,0,7
BRDA:53,8,1,0
BRF:14
BRH:6
end_of_record
TN:
SF:src\domain\enums\benefit-activation-status.enum.ts
FN:1,(anonymous_0)
FNF:1
FNH:1
FNDA:3,(anonymous_0)
DA:1,3
DA:2,3
DA:3,3
DA:4,3
DA:5,3
LF:5
LH:5
BRDA:1,0,0,3
BRDA:1,0,1,3
BRF:2
BRH:2
end_of_record
TN:
SF:src\domain\enums\benefit-type.enum.ts
FN:1,(anonymous_0)
FNF:1
FNH:1
FNDA:8,(anonymous_0)
DA:1,8
DA:2,8
DA:3,8
DA:4,8
DA:5,8
LF:5
LH:5
BRDA:1,0,0,8
BRDA:1,0,1,8
BRF:2
BRH:2
end_of_record
TN:
SF:src\domain\enums\card-creation-status.enum.ts
FN:1,(anonymous_0)
FNF:1
FNH:1
FNDA:7,(anonymous_0)
DA:1,7
DA:2,7
DA:3,7
DA:4,7
DA:5,7
LF:5
LH:5
BRDA:1,0,0,7
BRDA:1,0,1,7
BRF:2
BRH:2
end_of_record
TN:
SF:src\domain\enums\offer-type.enum.ts
FN:1,(anonymous_0)
FNF:1
FNH:1
FNDA:8,(anonymous_0)
DA:1,8
DA:2,8
DA:3,8
DA:4,8
LF:4
LH:4
BRDA:1,0,0,8
BRDA:1,0,1,8
BRF:2
BRH:2
end_of_record
TN:
SF:src\domain\enums\proposal-status.enum.ts
FN:1,(anonymous_0)
FNF:1
FNH:1
FNDA:7,(anonymous_0)
DA:1,7
DA:2,7
DA:3,7
DA:4,7
DA:5,7
DA:6,7
DA:7,7
DA:8,7
LF:8
LH:8
BRDA:1,0,0,7
BRDA:1,0,1,7
BRF:2
BRH:2
end_of_record
TN:
SF:src\domain\policies\benefit-eligibility.policy.ts
FN:8,(anonymous_0)
FN:17,(anonymous_1)
FNF:2
FNH:2
FNDA:5,(anonymous_0)
FNDA:7,(anonymous_1)
DA:1,3
DA:2,3
DA:3,3
DA:5,3
DA:6,3
DA:9,5
DA:10,5
DA:11,5
DA:13,5
DA:14,1
DA:17,5
DA:18,7
DA:21,3
DA:22,3
DA:24,3
DA:25,1
DA:27,2
DA:29,3
DA:31,1
DA:32,1
DA:34,0
DA:36,1
DA:38,0
DA:42,5
DA:43,2
DA:45,3
DA:48,5
LF:27
LH:25
BRDA:13,0,0,1
BRDA:13,1,0,5
BRDA:13,1,1,2
BRDA:18,2,0,2
BRDA:18,2,1,3
BRDA:18,2,2,3
BRDA:18,2,3,1
BRDA:18,2,4,0
BRDA:24,3,0,1
BRDA:24,3,1,2
BRDA:31,4,0,1
BRDA:31,4,1,0
BRDA:31,5,0,1
BRDA:31,5,1,1
BRDA:42,6,0,2
BRDA:42,6,1,3
BRF:16
BRH:14
end_of_record
TN:
SF:src\domain\policies\eligibility-result.ts
FN:5,(anonymous_0)
FNF:1
FNH:1
FNDA:12,(anonymous_0)
DA:4,4
DA:6,12
DA:7,12
DA:8,12
DA:9,12
DA:10,12
DA:11,12
LF:7
LH:7
BRDA:10,0,0,0
BRDA:11,1,0,7
BRF:2
BRH:1
end_of_record
TN:
SF:src\domain\policies\offer-eligibility.policy.ts
FN:8,(anonymous_0)
FN:13,(anonymous_1)
FNF:2
FNH:2
FNDA:7,(anonymous_0)
FNDA:21,(anonymous_1)
DA:1,4
DA:3,4
DA:5,4
DA:6,4
DA:9,7
DA:10,7
DA:11,7
DA:13,7
DA:14,21
DA:15,21
DA:16,9
DA:18,12
DA:22,7
DA:24,7
DA:25,7
DA:26,5
DA:28,2
DA:30,0
DA:31,0
DA:33,0
DA:36,7
LF:21
LH:18
BRDA:15,0,0,9
BRDA:15,0,1,12
BRDA:22,1,0,7
BRDA:22,1,1,0
BRDA:24,2,0,7
BRDA:24,2,1,0
BRDA:25,3,0,5
BRDA:25,3,1,2
BRDA:30,4,0,0
BRDA:30,4,1,0
BRF:10
BRH:6
end_of_record
TN:
SF:src\infrastructure\adapters\fake-ai-assistant.adapter.ts
FN:8,(anonymous_0)
FNF:1
FNH:0
FNDA:0,(anonymous_0)
DA:7,1
DA:11,0
DA:12,0
DA:13,0
DA:19,0
DA:20,0
DA:23,0
LF:7
LH:1
BRDA:12,0,0,0
BRDA:12,0,1,0
BRDA:19,1,0,0
BRF:3
BRH:0
end_of_record
TN:
SF:src\infrastructure\adapters\fake-benefits.adapter.ts
FN:11,(anonymous_1)
FNF:1
FNH:0
FNDA:0,(anonymous_1)
DA:1,1
DA:10,1
DA:12,0
LF:3
LH:2
BRF:0
BRH:0
end_of_record
TN:
SF:src\infrastructure\adapters\fake-card-account.adapter.ts
FN:10,(anonymous_1)
FNF:1
FNH:1
FNDA:2,(anonymous_1)
DA:1,2
DA:9,2
DA:11,2
LF:3
LH:3
BRF:0
BRH:0
end_of_record
TN:
SF:src\infrastructure\adapters\fake-chat-model.adapter.ts
FN:9,(anonymous_0)
FN:17,(anonymous_1)
FN:34,(anonymous_2)
FN:61,(anonymous_3)
FN:81,(anonymous_4)
FNF:5
FNH:4
FNDA:2,(anonymous_0)
FNDA:1,(anonymous_1)
FNDA:2,(anonymous_2)
FNDA:4,(anonymous_3)
FNDA:0,(anonymous_4)
DA:6,1
DA:7,1
DA:9,1
DA:10,2
DA:11,0
DA:13,2
DA:14,2
DA:17,1
DA:18,1
DA:19,0
DA:21,1
DA:22,1
DA:23,1
DA:25,0
DA:26,0
DA:28,0
DA:29,0
DA:31,0
DA:34,1
DA:35,2
DA:36,2
DA:37,0
DA:39,2
DA:40,2
DA:41,2
DA:43,2
DA:44,0
DA:46,2
DA:52,0
DA:54,2
DA:55,0
DA:57,2
DA:60,1
DA:62,4
DA:63,4
DA:65,4
DA:68,4
DA:69,4
DA:70,4
DA:71,4
DA:72,4
DA:73,4
DA:74,4
DA:75,4
DA:76,4
DA:77,4
DA:79,4
DA:80,0
DA:81,0
DA:83,0
DA:90,4
DA:91,1
DA:92,1
DA:95,1
DA:96,1
DA:98,1
DA:110,3
DA:111,1
DA:118,2
DA:119,1
DA:128,1
DA:129,0
DA:138,1
DA:139,0
DA:142,0
DA:154,1
DA:155,0
DA:164,1
DA:165,0
DA:174,1
DA:175,0
DA:184,1
DA:185,0
DA:194,1
LF:74
LH:53
BRDA:10,0,0,0
BRDA:14,1,0,0
BRDA:14,1,1,2
BRDA:18,2,0,0
BRDA:22,3,0,1
BRDA:22,4,0,1
BRDA:22,4,1,0
BRDA:25,5,0,0
BRDA:25,6,0,0
BRDA:25,6,1,0
BRDA:28,7,0,0
BRDA:28,8,0,0
BRDA:28,8,1,0
BRDA:36,9,0,0
BRDA:40,10,0,2
BRDA:43,11,0,0
BRDA:43,12,0,2
BRDA:43,12,1,2
BRDA:43,12,2,2
BRDA:46,13,0,0
BRDA:47,14,0,2
BRDA:47,14,1,2
BRDA:47,14,2,2
BRDA:47,14,3,2
BRDA:54,15,0,0
BRDA:54,16,0,2
BRDA:54,16,1,2
BRDA:62,17,0,4
BRDA:62,17,1,0
BRDA:65,18,0,4
BRDA:65,18,1,2
BRDA:65,18,2,2
BRDA:79,19,0,0
BRDA:90,20,0,1
BRDA:91,21,0,1
BRDA:91,21,1,0
BRDA:92,22,0,1
BRDA:92,22,1,0
BRDA:94,23,0,0
BRDA:94,23,1,0
BRDA:95,24,0,1
BRDA:95,24,1,0
BRDA:96,25,0,1
BRDA:96,25,1,0
BRDA:110,26,0,1
BRDA:118,27,0,1
BRDA:120,28,0,1
BRDA:120,28,1,0
BRDA:122,29,0,1
BRDA:122,29,1,0
BRDA:128,30,0,0
BRDA:130,31,0,0
BRDA:130,31,1,0
BRDA:132,32,0,0
BRDA:132,32,1,0
BRDA:138,33,0,0
BRDA:139,34,0,0
BRDA:139,34,1,0
BRDA:141,35,0,0
BRDA:141,35,1,0
BRDA:143,36,0,0
BRDA:143,36,1,0
BRDA:148,37,0,0
BRDA:148,37,1,0
BRDA:154,38,0,0
BRDA:156,39,0,0
BRDA:156,39,1,0
BRDA:158,40,0,0
BRDA:158,40,1,0
BRDA:164,41,0,0
BRDA:166,42,0,0
BRDA:166,42,1,0
BRDA:168,43,0,0
BRDA:168,43,1,0
BRDA:174,44,0,0
BRDA:176,45,0,0
BRDA:176,45,1,0
BRDA:178,46,0,0
BRDA:178,46,1,0
BRDA:184,47,0,0
BRDA:186,48,0,0
BRDA:186,48,1,0
BRDA:188,49,0,0
BRDA:188,49,1,0
BRF:84
BRH:26
end_of_record
TN:
SF:src\infrastructure\repositories\in-memory-proposal.repository.ts
FN:4,(anonymous_0)
FN:7,(anonymous_1)
FN:11,(anonymous_2)
FN:15,(anonymous_3)
FNF:4
FNH:4
FNDA:6,(anonymous_0)
FNDA:35,(anonymous_1)
FNDA:24,(anonymous_2)
FNDA:1,(anonymous_3)
DA:4,6
DA:5,6
DA:8,35
DA:12,24
DA:16,1
LF:5
LH:5
BRDA:12,0,0,24
BRDA:12,0,1,0
BRF:2
BRH:1
end_of_record
TN:
SF:src\shared\security\pii.util.ts
FN:1,maskNationalId
FN:14,maskEmail
FNF:2
FNH:2
FNDA:6,maskNationalId
FNDA:6,maskEmail
DA:1,2
DA:2,6
DA:3,0
DA:6,6
DA:7,6
DA:8,0
DA:11,6
DA:14,2
DA:15,6
DA:16,0
DA:19,6
DA:20,6
DA:21,6
DA:22,0
DA:25,6
DA:26,6
DA:27,6
LF:17
LH:13
BRDA:2,0,0,0
BRDA:7,1,0,0
BRDA:15,2,0,0
BRDA:21,3,0,0
BRF:4
BRH:0
end_of_record
