TN:
SF:src\application\services\ai-assistant.service.ts
FN:10,(anonymous_4)
FN:15,(anonymous_5)
FNF:2
FNH:0
FNDA:0,(anonymous_4)
FNDA:0,(anonymous_5)
DA:1,3
DA:9,3
DA:12,0
DA:16,0
LF:4
LH:2
BRF:0
BRH:0
end_of_record
TN:
SF:src\application\services\outbox-event.publisher.ts
FN:7,(anonymous_4)
FN:12,(anonymous_5)
FNF:2
FNH:1
FNDA:6,(anonymous_4)
FNDA:0,(anonymous_5)
DA:1,6
DA:6,6
DA:9,6
DA:13,0
LF:4
LH:3
BRF:0
BRH:0
end_of_record
TN:
SF:src\application\use-cases\activate-benefits.use-case.ts
FN:10,(anonymous_0)
FN:16,(anonymous_1)
FN:27,(anonymous_2)
FN:43,(anonymous_3)
FN:54,(anonymous_4)
FNF:5
FNH:5
FNDA:3,(anonymous_0)
FNDA:2,(anonymous_1)
FNDA:3,(anonymous_2)
FNDA:3,(anonymous_3)
FNDA:3,(anonymous_4)
DA:5,4
DA:6,4
DA:7,4
DA:9,4
DA:11,3
DA:12,3
DA:13,3
DA:17,2
DA:18,2
DA:19,0
DA:22,2
DA:23,0
DA:26,2
DA:28,3
DA:34,3
DA:39,3
DA:43,3
DA:44,2
DA:45,1
DA:48,2
DA:49,2
DA:54,3
DA:63,2
LF:23
LH:21
BRDA:18,0,0,0
BRDA:22,1,0,0
BRDA:36,2,0,2
BRDA:36,2,1,1
BRDA:44,3,0,1
BRF:5
BRH:3
end_of_record
TN:
SF:src\application\use-cases\chat-assistant.use-case.ts
FN:66,(anonymous_4)
FN:79,(anonymous_5)
FN:113,(anonymous_6)
FN:145,(anonymous_7)
FN:164,(anonymous_8)
FN:208,(anonymous_9)
FN:230,(anonymous_10)
FN:247,(anonymous_11)
FN:271,(anonymous_12)
FN:286,(anonymous_13)
FN:301,(anonymous_14)
FN:318,(anonymous_15)
FNF:12
FNH:6
FNDA:2,(anonymous_4)
FNDA:4,(anonymous_5)
FNDA:3,(anonymous_6)
FNDA:2,(anonymous_7)
FNDA:12,(anonymous_8)
FNDA:1,(anonymous_9)
FNDA:0,(anonymous_10)
FNDA:0,(anonymous_11)
FNDA:0,(anonymous_12)
FNDA:0,(anonymous_13)
FNDA:0,(anonymous_14)
FNDA:0,(anonymous_15)
DA:1,2
DA:4,2
DA:5,2
DA:6,2
DA:7,2
DA:8,2
DA:9,2
DA:10,2
DA:11,2
DA:21,2
DA:65,2
DA:67,2
DA:68,2
DA:69,2
DA:70,2
DA:71,2
DA:72,2
DA:73,2
DA:74,2
DA:76,2
DA:80,4
DA:87,4
DA:88,4
DA:89,1
DA:95,3
DA:102,3
DA:119,3
DA:120,3
DA:122,2
DA:124,1
DA:126,0
DA:128,0
DA:130,0
DA:132,0
DA:134,0
DA:136,0
DA:138,0
DA:146,2
DA:147,2
DA:148,2
DA:153,2
DA:154,2
DA:155,2
DA:157,2
DA:164,12
DA:166,2
DA:167,0
DA:173,2
DA:174,0
DA:180,2
DA:181,0
DA:187,2
DA:201,2
DA:202,2
DA:209,1
DA:210,0
DA:216,1
DA:217,1
DA:218,0
DA:224,1
DA:231,0
DA:232,0
DA:238,0
DA:239,0
DA:248,0
DA:249,0
DA:255,0
DA:256,0
DA:262,0
DA:263,0
DA:272,0
DA:273,0
DA:279,0
DA:280,0
DA:287,0
DA:288,0
DA:294,0
DA:295,0
DA:302,0
DA:303,0
DA:309,0
DA:310,0
DA:319,0
DA:320,0
DA:326,0
DA:327,0
DA:328,0
DA:334,0
LF:88
LH:48
BRDA:88,0,0,1
BRDA:88,1,0,4
BRDA:88,1,1,4
BRDA:108,2,0,3
BRDA:108,2,1,0
BRDA:119,3,0,3
BRDA:119,3,1,1
BRDA:120,4,0,2
BRDA:120,4,1,1
BRDA:120,4,2,0
BRDA:120,4,3,0
BRDA:120,4,4,0
BRDA:120,4,5,0
BRDA:120,4,6,0
BRDA:120,4,7,0
BRDA:120,4,8,0
BRDA:146,5,0,2
BRDA:146,5,1,1
BRDA:147,6,0,2
BRDA:147,6,1,0
BRDA:153,7,0,2
BRDA:153,7,1,1
BRDA:154,8,0,2
BRDA:154,8,1,1
BRDA:154,8,2,0
BRDA:155,9,0,2
BRDA:155,9,1,1
BRDA:155,9,2,0
BRDA:166,10,0,0
BRDA:173,11,0,0
BRDA:180,12,0,0
BRDA:180,13,0,2
BRDA:180,13,1,2
BRDA:209,14,0,0
BRDA:217,15,0,0
BRDA:231,16,0,0
BRDA:240,17,0,0
BRDA:240,17,1,0
BRDA:248,18,0,0
BRDA:255,19,0,0
BRDA:255,20,0,0
BRDA:255,20,1,0
BRDA:264,21,0,0
BRDA:264,21,1,0
BRDA:272,22,0,0
BRDA:287,23,0,0
BRDA:302,24,0,0
BRDA:311,25,0,0
BRDA:311,25,1,0
BRDA:319,26,0,0
BRDA:327,27,0,0
BRF:51
BRH:19
end_of_record
TN:
SF:src\application\use-cases\create-card-account.use-case.ts
FN:7,(anonymous_0)
FN:13,(anonymous_1)
FNF:2
FNH:2
FNDA:2,(anonymous_0)
FNDA:1,(anonymous_1)
DA:4,4
DA:6,4
DA:8,2
DA:9,2
DA:10,2
DA:14,1
DA:15,1
DA:16,0
DA:19,1
DA:20,0
DA:23,1
DA:24,0
DA:30,1
DA:31,1
DA:32,1
DA:41,1
DA:49,1
DA:50,1
DA:51,1
DA:61,0
DA:62,0
DA:73,1
DA:75,1
LF:23
LH:18
BRDA:15,0,0,0
BRDA:19,1,0,0
BRDA:23,2,0,0
BRDA:49,3,0,1
BRDA:49,3,1,0
BRDA:49,4,0,1
BRDA:49,4,1,1
BRDA:61,5,0,0
BRDA:61,5,1,0
BRF:9
BRH:3
end_of_record
TN:
SF:src\application\use-cases\create-proposal.use-case.ts
FN:23,(anonymous_0)
FN:28,(anonymous_1)
FNF:2
FNH:2
FNDA:6,(anonymous_0)
FNDA:10,(anonymous_1)
DA:1,8
DA:2,8
DA:22,8
DA:24,6
DA:25,6
DA:29,10
DA:38,10
DA:39,10
DA:40,10
DA:41,10
DA:51,10
LF:11
LH:11
BRF:0
BRH:0
end_of_record
TN:
SF:src\application\use-cases\generate-proposal-explanation.use-case.ts
FN:8,(anonymous_2)
FN:13,(anonymous_3)
FN:27,(anonymous_4)
FNF:3
FNH:1
FNDA:1,(anonymous_2)
FNDA:0,(anonymous_3)
FNDA:0,(anonymous_4)
DA:1,3
DA:3,3
DA:7,3
DA:9,1
DA:10,1
DA:14,0
DA:15,0
DA:16,0
DA:19,0
DA:27,0
DA:36,0
LF:11
LH:5
BRDA:15,0,0,0
BRF:1
BRH:0
end_of_record
TN:
SF:src\application\use-cases\get-proposal-status.use-case.ts
FN:4,(anonymous_0)
FN:6,(anonymous_1)
FNF:2
FNH:2
FNDA:2,(anonymous_0)
FNDA:1,(anonymous_1)
DA:3,3
DA:4,2
DA:7,1
DA:8,1
DA:9,0
DA:12,1
LF:6
LH:5
BRDA:8,0,0,0
BRF:1
BRH:0
end_of_record
TN:
SF:src\application\use-cases\submit-proposal.use-case.ts
FN:6,(anonymous_0)
FN:11,(anonymous_1)
FNF:2
FNH:2
FNDA:2,(anonymous_0)
FNDA:1,(anonymous_1)
DA:3,4
DA:5,4
DA:7,2
DA:8,2
DA:12,1
DA:13,1
DA:14,0
DA:17,1
DA:18,0
DA:21,1
DA:22,1
DA:23,1
DA:33,1
LF:13
LH:11
BRDA:13,0,0,0
BRDA:17,1,0,0
BRF:2
BRH:0
end_of_record
TN:
SF:src\application\use-cases\validate-benefits.use-case.ts
FN:7,(anonymous_0)
FN:13,(anonymous_1)
FNF:2
FNH:2
FNDA:2,(anonymous_0)
FNDA:2,(anonymous_1)
DA:6,4
DA:8,2
DA:9,2
DA:10,2
DA:19,2
DA:20,2
DA:21,0
DA:24,2
DA:25,2
DA:26,2
DA:27,1
DA:29,1
DA:32,2
DA:33,2
DA:45,2
LF:15
LH:14
BRDA:20,0,0,0
BRDA:26,1,0,1
BRDA:26,1,1,1
BRF:3
BRH:2
end_of_record
TN:
SF:src\application\use-cases\validate-offer-eligibility.use-case.ts
FN:7,(anonymous_0)
FN:13,(anonymous_1)
FNF:2
FNH:2
FNDA:2,(anonymous_0)
FNDA:2,(anonymous_1)
DA:6,4
DA:8,2
DA:9,2
DA:10,2
DA:19,2
DA:20,2
DA:21,0
DA:24,2
DA:25,2
DA:26,1
DA:28,1
DA:31,2
DA:32,2
DA:44,2
LF:14
LH:13
BRDA:20,0,0,0
BRDA:25,1,0,1
BRDA:25,1,1,1
BRF:3
BRH:2
end_of_record
TN:
SF:src\domain\entities\audit-entry.entity.ts
FN:6,(anonymous_0)
FNF:1
FNH:1
FNDA:36,(anonymous_0)
DA:5,8
DA:8,36
DA:10,36
DA:12,36
DA:14,36
LF:5
LH:5
BRF:0
BRH:0
end_of_record
TN:
SF:src\domain\entities\benefit-selection.entity.ts
FN:8,(anonymous_0)
FN:18,(anonymous_1)
FNF:2
FNH:2
FNDA:12,(anonymous_0)
FNDA:12,(anonymous_1)
DA:1,8
DA:7,8
DA:10,12
DA:12,12
DA:19,12
DA:20,6
DA:23,6
DA:24,0
LF:8
LH:7
BRDA:19,0,0,6
BRDA:19,1,0,12
BRDA:19,1,1,12
BRDA:23,2,0,0
BRDA:23,3,0,6
BRDA:23,3,1,5
BRF:6
BRH:5
end_of_record
TN:
SF:src\domain\entities\credit-card-proposal.entity.ts
FN:22,(anonymous_0)
FN:51,(anonymous_1)
FN:58,(anonymous_2)
FN:66,(anonymous_3)
FN:74,(anonymous_4)
FN:82,(anonymous_5)
FN:90,(anonymous_6)
FN:100,(anonymous_7)
FN:109,(anonymous_8)
FN:117,(anonymous_9)
FN:126,(anonymous_10)
FN:134,(anonymous_11)
FNF:12
FNH:11
FNDA:10,(anonymous_0)
FNDA:36,(anonymous_1)
FNDA:5,(anonymous_2)
FNDA:5,(anonymous_3)
FNDA:4,(anonymous_4)
FNDA:1,(anonymous_5)
FNDA:3,(anonymous_6)
FNDA:0,(anonymous_7)
FNDA:1,(anonymous_8)
FNDA:2,(anonymous_9)
FNDA:3,(anonymous_10)
FNDA:2,(anonymous_11)
DA:2,8
DA:4,8
DA:6,8
DA:7,8
DA:14,8
DA:24,10
DA:26,10
DA:28,10
DA:32,10
DA:33,10
DA:34,10
DA:35,10
DA:36,10
DA:52,36
DA:59,5
DA:60,5
DA:67,5
DA:68,5
DA:75,4
DA:76,4
DA:83,1
DA:84,1
DA:91,3
DA:92,3
DA:93,3
DA:94,3
DA:101,0
DA:102,0
DA:103,0
DA:110,1
DA:111,1
DA:118,2
DA:119,2
DA:120,2
DA:127,3
DA:128,3
DA:135,2
DA:136,2
LF:38
LH:35
BRDA:30,0,0,0
BRF:1
BRH:0
end_of_record
TN:
SF:src\domain\entities\customer-profile.entity.ts
FN:7,(anonymous_0)
FN:46,(anonymous_1)
FNF:2
FNH:2
FNDA:12,(anonymous_0)
FNDA:12,(anonymous_1)
DA:1,9
DA:6,9
DA:9,12
DA:11,12
DA:13,12
DA:15,12
DA:17,12
DA:19,12
DA:21,12
DA:22,0
DA:24,12
DA:25,0
DA:27,12
DA:28,0
DA:30,12
DA:31,0
DA:33,12
DA:34,0
DA:36,12
DA:37,0
DA:47,12
DA:49,4
DA:51,4
DA:53,4
DA:55,0
LF:25
LH:18
BRDA:21,0,0,0
BRDA:24,1,0,0
BRDA:27,2,0,0
BRDA:30,3,0,0
BRDA:33,4,0,0
BRDA:36,5,0,0
BRDA:47,6,0,4
BRDA:47,6,1,4
BRDA:47,6,2,4
BRDA:47,6,3,0
BRDA:51,7,0,4
BRDA:51,7,1,2
BRDA:53,8,0,4
BRDA:53,8,1,0
BRF:14
BRH:6
end_of_record
TN:
SF:src\domain\enums\benefit-activation-status.enum.ts
FN:1,(anonymous_0)
FNF:1
FNH:1
FNDA:4,(anonymous_0)
DA:1,4
DA:2,4
DA:3,4
DA:4,4
DA:5,4
LF:5
LH:5
BRDA:1,0,0,4
BRDA:1,0,1,4
BRF:2
BRH:2
end_of_record
TN:
SF:src\domain\enums\benefit-type.enum.ts
FN:1,(anonymous_0)
FNF:1
FNH:1
FNDA:9,(anonymous_0)
DA:1,9
DA:2,9
DA:3,9
DA:4,9
DA:5,9
LF:5
LH:5
BRDA:1,0,0,9
BRDA:1,0,1,9
BRF:2
BRH:2
end_of_record
TN:
SF:src\domain\enums\card-creation-status.enum.ts
FN:1,(anonymous_0)
FNF:1
FNH:1
FNDA:8,(anonymous_0)
DA:1,8
DA:2,8
DA:3,8
DA:4,8
DA:5,8
LF:5
LH:5
BRDA:1,0,0,8
BRDA:1,0,1,8
BRF:2
BRH:2
end_of_record
TN:
SF:src\domain\enums\offer-type.enum.ts
FN:1,(anonymous_0)
FNF:1
FNH:1
FNDA:9,(anonymous_0)
DA:1,9
DA:2,9
DA:3,9
DA:4,9
LF:4
LH:4
BRDA:1,0,0,9
BRDA:1,0,1,9
BRF:2
BRH:2
end_of_record
TN:
SF:src\domain\enums\proposal-status.enum.ts
FN:1,(anonymous_0)
FNF:1
FNH:1
FNDA:8,(anonymous_0)
DA:1,8
DA:2,8
DA:3,8
DA:4,8
DA:5,8
DA:6,8
DA:7,8
DA:8,8
LF:8
LH:8
BRDA:1,0,0,8
BRDA:1,0,1,8
BRF:2
BRH:2
end_of_record
TN:
SF:src\domain\policies\benefit-eligibility.policy.ts
FN:8,(anonymous_0)
FN:17,(anonymous_1)
FNF:2
FNH:2
FNDA:5,(anonymous_0)
FNDA:7,(anonymous_1)
DA:1,3
DA:2,3
DA:3,3
DA:5,3
DA:6,3
DA:9,5
DA:10,5
DA:11,5
DA:13,5
DA:14,1
DA:17,5
DA:18,7
DA:21,3
DA:22,3
DA:24,3
DA:25,1
DA:27,2
DA:29,3
DA:31,1
DA:32,1
DA:34,0
DA:36,1
DA:38,0
DA:42,5
DA:43,2
DA:45,3
DA:48,5
LF:27
LH:25
BRDA:13,0,0,1
BRDA:13,1,0,5
BRDA:13,1,1,2
BRDA:18,2,0,2
BRDA:18,2,1,3
BRDA:18,2,2,3
BRDA:18,2,3,1
BRDA:18,2,4,0
BRDA:24,3,0,1
BRDA:24,3,1,2
BRDA:31,4,0,1
BRDA:31,4,1,0
BRDA:31,5,0,1
BRDA:31,5,1,1
BRDA:42,6,0,2
BRDA:42,6,1,3
BRF:16
BRH:14
end_of_record
TN:
SF:src\domain\policies\eligibility-result.ts
FN:5,(anonymous_0)
FNF:1
FNH:1
FNDA:9,(anonymous_0)
DA:4,4
DA:6,9
DA:7,9
DA:8,9
DA:9,9
DA:10,9
DA:11,9
LF:7
LH:7
BRDA:10,0,0,0
BRDA:11,1,0,4
BRF:2
BRH:1
end_of_record
TN:
SF:src\domain\policies\offer-eligibility.policy.ts
FN:8,(anonymous_0)
FN:13,(anonymous_1)
FNF:2
FNH:2
FNDA:4,(anonymous_0)
FNDA:12,(anonymous_1)
DA:1,3
DA:3,3
DA:5,3
DA:6,3
DA:9,4
DA:10,4
DA:11,4
DA:13,4
DA:14,12
DA:15,12
DA:16,6
DA:18,6
DA:22,4
DA:24,4
DA:25,4
DA:26,2
DA:28,2
DA:30,0
DA:31,0
DA:33,0
DA:36,4
LF:21
LH:18
BRDA:15,0,0,6
BRDA:15,0,1,6
BRDA:22,1,0,4
BRDA:22,1,1,0
BRDA:24,2,0,4
BRDA:24,2,1,0
BRDA:25,3,0,2
BRDA:25,3,1,2
BRDA:30,4,0,0
BRDA:30,4,1,0
BRF:10
BRH:6
end_of_record
TN:
SF:src\infrastructure\adapters\fake-ai-assistant.adapter.ts
FN:8,(anonymous_0)
FNF:1
FNH:0
FNDA:0,(anonymous_0)
DA:7,1
DA:11,0
DA:12,0
DA:13,0
DA:19,0
DA:20,0
DA:23,0
LF:7
LH:1
BRDA:12,0,0,0
BRDA:12,0,1,0
BRDA:19,1,0,0
BRF:3
BRH:0
end_of_record
TN:
SF:src\infrastructure\adapters\fake-benefits.adapter.ts
FN:7,(anonymous_1)
FNF:1
FNH:0
FNDA:0,(anonymous_1)
DA:1,1
DA:6,1
DA:8,0
LF:3
LH:2
BRF:0
BRH:0
end_of_record
TN:
SF:src\infrastructure\adapters\fake-card-account.adapter.ts
FN:6,(anonymous_1)
FNF:1
FNH:1
FNDA:1,(anonymous_1)
DA:1,2
DA:5,2
DA:7,1
LF:3
LH:3
BRF:0
BRH:0
end_of_record
TN:
SF:src\infrastructure\adapters\fake-chat-model.adapter.ts
FN:5,(anonymous_0)
FN:10,(anonymous_1)
FN:23,(anonymous_2)
FN:41,(anonymous_3)
FN:56,(anonymous_4)
FNF:5
FNH:4
FNDA:1,(anonymous_0)
FNDA:1,(anonymous_1)
FNDA:2,(anonymous_2)
FNDA:3,(anonymous_3)
FNDA:0,(anonymous_4)
DA:2,1
DA:3,1
DA:5,1
DA:6,1
DA:7,1
DA:10,1
DA:11,1
DA:12,1
DA:14,0
DA:15,0
DA:17,0
DA:18,0
DA:20,0
DA:23,1
DA:24,2
DA:25,2
DA:26,2
DA:28,2
DA:29,0
DA:31,2
DA:32,0
DA:34,2
DA:35,0
DA:37,2
DA:40,1
DA:42,3
DA:43,3
DA:44,3
DA:45,3
DA:46,3
DA:47,3
DA:48,3
DA:49,3
DA:50,3
DA:51,3
DA:52,3
DA:54,3
DA:55,0
DA:56,0
DA:58,0
DA:65,3
DA:66,1
DA:67,1
DA:70,1
DA:71,1
DA:73,1
DA:85,2
DA:86,1
DA:95,1
DA:96,0
DA:105,1
DA:106,0
DA:109,0
DA:121,1
DA:122,0
DA:131,1
DA:132,0
DA:141,1
DA:142,0
DA:151,1
DA:152,0
DA:161,1
LF:62
LH:44
BRDA:7,0,0,1
BRDA:7,0,1,0
BRDA:11,1,0,1
BRDA:11,2,0,1
BRDA:11,2,1,1
BRDA:11,2,2,1
BRDA:11,2,3,0
BRDA:14,3,0,0
BRDA:14,4,0,0
BRDA:14,4,1,0
BRDA:14,4,2,0
BRDA:14,4,3,0
BRDA:17,5,0,0
BRDA:17,6,0,0
BRDA:17,6,1,0
BRDA:17,6,2,0
BRDA:17,6,3,0
BRDA:25,7,0,2
BRDA:28,8,0,0
BRDA:28,9,0,2
BRDA:28,9,1,2
BRDA:31,10,0,0
BRDA:31,11,0,2
BRDA:31,11,1,2
BRDA:31,11,2,2
BRDA:34,12,0,0
BRDA:34,13,0,2
BRDA:34,13,1,2
BRDA:43,14,0,3
BRDA:43,14,1,1
BRDA:54,15,0,0
BRDA:65,16,0,1
BRDA:66,17,0,1
BRDA:66,17,1,0
BRDA:67,18,0,1
BRDA:67,18,1,0
BRDA:69,19,0,0
BRDA:69,19,1,0
BRDA:70,20,0,1
BRDA:70,20,1,0
BRDA:71,21,0,1
BRDA:71,21,1,0
BRDA:85,22,0,1
BRDA:87,23,0,1
BRDA:87,23,1,0
BRDA:89,24,0,1
BRDA:89,24,1,0
BRDA:95,25,0,0
BRDA:97,26,0,0
BRDA:97,26,1,0
BRDA:99,27,0,0
BRDA:99,27,1,0
BRDA:105,28,0,0
BRDA:106,29,0,0
BRDA:106,29,1,0
BRDA:108,30,0,0
BRDA:108,30,1,0
BRDA:110,31,0,0
BRDA:110,31,1,0
BRDA:115,32,0,0
BRDA:115,32,1,0
BRDA:121,33,0,0
BRDA:123,34,0,0
BRDA:123,34,1,0
BRDA:125,35,0,0
BRDA:125,35,1,0
BRDA:131,36,0,0
BRDA:133,37,0,0
BRDA:133,37,1,0
BRDA:135,38,0,0
BRDA:135,38,1,0
BRDA:141,39,0,0
BRDA:143,40,0,0
BRDA:143,40,1,0
BRDA:145,41,0,0
BRDA:145,41,1,0
BRDA:151,42,0,0
BRDA:153,43,0,0
BRDA:153,43,1,0
BRDA:155,44,0,0
BRDA:155,44,1,0
BRF:81
BRH:23
end_of_record
TN:
SF:src\infrastructure\repositories\in-memory-proposal.repository.ts
FN:4,(anonymous_0)
FN:7,(anonymous_1)
FN:11,(anonymous_2)
FNF:3
FNH:3
FNDA:6,(anonymous_0)
FNDA:23,(anonymous_1)
FNDA:16,(anonymous_2)
DA:4,6
DA:5,6
DA:8,23
DA:12,16
LF:4
LH:4
BRDA:12,0,0,16
BRDA:12,0,1,0
BRF:2
BRH:1
end_of_record
TN:
SF:src\interfaces\http\assistant.controller.ts
FN:7,(anonymous_4)
FN:10,(anonymous_5)
FNF:2
FNH:2
FNDA:1,(anonymous_4)
FNDA:1,(anonymous_5)
DA:1,1
DA:2,1
DA:3,1
DA:6,1
DA:7,1
DA:10,1
DA:11,1
LF:7
LH:7
BRF:0
BRH:0
end_of_record
TN:
SF:src\interfaces\http\assistant.dto.ts
FNF:0
FNH:0
DA:1,1
DA:7,1
LF:2
LH:2
BRF:0
BRH:0
end_of_record
TN:
SF:src\interfaces\http\proposal.service.ts
FN:15,(anonymous_4)
FN:27,(anonymous_5)
FN:35,(anonymous_6)
FN:43,(anonymous_7)
FN:51,(anonymous_8)
FN:59,(anonymous_9)
FN:67,(anonymous_10)
FN:75,(anonymous_11)
FN:79,(anonymous_12)
FN:87,(anonymous_13)
FNF:10
FNH:4
FNDA:1,(anonymous_4)
FNDA:0,(anonymous_5)
FNDA:1,(anonymous_6)
FNDA:0,(anonymous_7)
FNDA:1,(anonymous_8)
FNDA:0,(anonymous_9)
FNDA:0,(anonymous_10)
FNDA:0,(anonymous_11)
FNDA:0,(anonymous_12)
FNDA:2,(anonymous_13)
DA:1,1
DA:2,1
DA:3,1
DA:4,1
DA:5,1
DA:6,1
DA:7,1
DA:8,1
DA:9,1
DA:14,1
DA:16,1
DA:17,1
DA:18,1
DA:19,1
DA:20,1
DA:21,1
DA:22,1
DA:23,1
DA:24,1
DA:28,0
DA:29,0
DA:31,0
DA:36,1
DA:37,1
DA:39,1
DA:44,0
DA:45,0
DA:47,0
DA:52,1
DA:53,1
DA:55,1
DA:60,0
DA:61,0
DA:63,0
DA:68,0
DA:69,0
DA:71,0
DA:76,0
DA:80,0
DA:81,0
DA:83,0
DA:88,2
DA:89,0
DA:92,2
DA:93,1
DA:96,1
LF:46
LH:29
BRDA:88,0,0,0
BRDA:92,1,0,1
BRF:2
BRH:1
end_of_record
